<?xml version="1.0" encoding="UTF-8"?>
<!-- Generated by org.testng.reporters.JUnitXMLReporter -->
<testsuite hostname="LHTU05CG4472DYW" ignored="4" name="Retention-UserAdminTest" tests="18" failures="3" timestamp="2020-12-15T14:50:18 IST" time="542.112" errors="0">
  <testcase name="verifyDefaultPage" time="49.196" classname="com.cet.retention.RetentionUserAdminSearchTestCases"/>
  <testcase name="searchByMSID" time="9.039" classname="com.cet.retention.RetentionUserAdminSearchTestCases"/>
  <testcase name="searchByFirstName" time="8.875" classname="com.cet.retention.RetentionUserAdminSearchTestCases"/>
  <testcase name="searchByLastName" time="7.403" classname="com.cet.retention.RetentionUserAdminSearchTestCases"/>
  <testcase name="searchByEmpID" time="9.045" classname="com.cet.retention.RetentionUserAdminSearchTestCases"/>
  <testcase name="searchBySupervisor" time="10.699" classname="com.cet.retention.RetentionUserAdminSearchTestCases"/>
  <testcase name="searchByManager" time="9.974" classname="com.cet.retention.RetentionUserAdminSearchTestCases"/>
  <testcase name="searchByAllFields" time="19.038" classname="com.cet.retention.RetentionUserAdminSearchTestCases"/>
  <testcase name="resetAllFields" time="29.659" classname="com.cet.retention.RetentionUserAdminSearchTestCases"/>
  <testcase name="verifyNoDataFoundText" time="12.52" classname="com.cet.retention.RetentionUserAdminSearchTestCases"/>
  <testcase name="verifyAddUserBtnNavigation" time="8.971" classname="com.cet.retention.RetentionUserAdminSearchTestCases"/>
  <testcase name="verifyCancelBtnNavigation" time="12.998" classname="com.cet.retention.RetentionUserAdminSearchTestCases"/>
  <testcase name="verifyEditUserInfo" time="82.935" classname="com.cet.retention.RetentionUserAdminEditTestCases">
    <failure type="java.lang.AssertionError" message="The following asserts failed:
	Fail : Language not matching did not expect to find [true] but found [false],
	Failed:Status as &amp;apos;InActive&amp;apos; not selected did not expect to find [false] but found [true]">
      <![CDATA[java.lang.AssertionError: The following asserts failed:
Fail : Language not matching did not expect to find [true] but found [false],
Failed:Status as 'InActive' not selected did not expect to find [false] but found [true]
at com.cet.intit.Base.verifyassert(Base.java:112)
at com.cet.retention.RetentionUserAdminEditTestCases.verifyEditUserInfo(RetentionUserAdminEditTestCases.java:111)
at java.util.ArrayList.forEach(Unknown Source)
... Removed 29 stack frames]]>
    </failure>
  </testcase> <!-- verifyEditUserInfo -->
  <testcase name="verifyErrorTextForNoLanguage" time="82.765" classname="com.cet.retention.RetentionUserAdminEditTestCases">
    <failure type="java.lang.AssertionError" message="The following asserts failed:
	Fail : Language not matching did not expect to find [true] but found [false]">
      <![CDATA[java.lang.AssertionError: The following asserts failed:
Fail : Language not matching did not expect to find [true] but found [false]
at com.cet.intit.Base.verifyassert(Base.java:112)
at com.cet.retention.RetentionUserAdminEditTestCases.verifyErrorTextForNoLanguage(RetentionUserAdminEditTestCases.java:135)
at java.util.ArrayList.forEach(Unknown Source)
... Removed 29 stack frames]]>
    </failure>
  </testcase> <!-- verifyErrorTextForNoLanguage -->
  <testcase name="verifyViewCancelBtnNavigation" time="6.795" classname="com.cet.retention.RetentionUserAdminEditTestCases"/>
  <testcase name="verifyDefaultPage" time="33.238" classname="com.cet.retention.RetentionUserAdminViewTestCases"/>
  <testcase name="verifyValue" time="42.535" classname="com.cet.retention.RetentionUserAdminViewTestCases">
    <failure type="java.lang.AssertionError" message="The following asserts failed:
	Fail : Language not matching did not expect to find [true] but found [false]">
      <![CDATA[java.lang.AssertionError: The following asserts failed:
Fail : Language not matching did not expect to find [true] but found [false]
at com.cet.intit.Base.verifyassert(Base.java:112)
at com.cet.retention.RetentionUserAdminViewTestCases.verifyValue(RetentionUserAdminViewTestCases.java:93)
at java.util.ArrayList.forEach(Unknown Source)
... Removed 29 stack frames]]>
    </failure>
  </testcase> <!-- verifyValue -->
  <testcase name="verifyViewCancelBtnNavigation" time="5.565" classname="com.cet.retention.RetentionUserAdminViewTestCases"/>
  <testcase name="@AfterSuite removeExtent" time="0.0" classname="com.cet.intit.Base">
    <ignored/>
  </testcase> <!-- @AfterSuite removeExtent -->
  <testcase name="@AfterSuite removeExtent" time="0.0" classname="com.cet.intit.Base">
    <ignored/>
  </testcase> <!-- @AfterSuite removeExtent -->
  <testcase name="@BeforeSuite setExtent" time="0.0" classname="com.cet.intit.Base">
    <ignored/>
  </testcase> <!-- @BeforeSuite setExtent -->
  <testcase name="@BeforeSuite setExtent" time="0.0" classname="com.cet.intit.Base">
    <ignored/>
  </testcase> <!-- @BeforeSuite setExtent -->
</testsuite> <!-- Retention-UserAdminTest -->
