<html>
<head>
<title>TestNG:  Retention-UserAdminTest</title>
<link href="../testng.css" rel="stylesheet" type="text/css" />
<link href="../my-testng.css" rel="stylesheet" type="text/css" />

<style type="text/css">
.log { display: none;} 
.stack-trace { display: none;} 
</style>
<script type="text/javascript">
<!--
function flip(e) {
  current = e.style.display;
  if (current == 'block') {
    e.style.display = 'none';
    return 0;
  }
  else {
    e.style.display = 'block';
    return 1;
  }
}

function toggleBox(szDivId, elem, msg1, msg2)
{
  var res = -1;  if (document.getElementById) {
    res = flip(document.getElementById(szDivId));
  }
  else if (document.all) {
    // this is the way old msie versions work
    res = flip(document.all[szDivId]);
  }
  if(elem) {
    if(res == 0) elem.innerHTML = msg1; else elem.innerHTML = msg2;
  }

}

function toggleAllBoxes() {
  if (document.getElementsByTagName) {
    d = document.getElementsByTagName('div');
    for (i = 0; i < d.length; i++) {
      if (d[i].className == 'log') {
        flip(d[i]);
      }
    }
  }
}

// -->
</script>

</head>
<body>
<h2 align='center'>Retention-UserAdminTest</h2><table border='1' align="center">
<tr>
<td>Tests passed/Failed/Skipped:</td><td>15/3/0</td>
</tr><tr>
<td>Started on:</td><td>Tue Dec 15 14:41:15 IST 2020</td>
</tr>
<tr><td>Total time:</td><td>542 seconds (542112 ms)</td>
</tr><tr>
<td>Included groups:</td><td></td>
</tr><tr>
<td>Excluded groups:</td><td></td>
</tr>
</table><p/>
<small><i>(Hover the method name to see the test class name)</i></small><p/>
<table width='100%' border='1' class='invocation-failed'>
<tr><td colspan='4' align='center'><b>FAILED TESTS</b></td></tr>
<tr><td><b>Test method</b></td>
<td width="30%"><b>Exception</b></td>
<td width="10%"><b>Time (seconds)</b></td>
<td><b>Instance</b></td>
</tr>
<tr>
<td title='com.cet.retention.RetentionUserAdminEditTestCases.verifyEditUserInfo()'><b>verifyEditUserInfo</b><br>Test class: com.cet.retention.RetentionUserAdminEditTestCases</td>
<td><div><pre>java.lang.AssertionError: The following asserts failed:
	Fail : Language not matching did not expect to find [true] but found [false],
	Failed:Status as &apos;InActive&apos; not selected did not expect to find [false] but found [true]
	at com.cet.intit.Base.verifyassert(Base.java:112)
	at com.cet.retention.RetentionUserAdminEditTestCases.verifyEditUserInfo(RetentionUserAdminEditTestCases.java:111)
	at java.util.ArrayList.forEach(Unknown Source)
... Removed 29 stack frames</pre></div><a href='#' onClick='toggleBox("stack-trace755477196", this, "Click to show all stack frames", "Click to hide stack frames")'>Click to show all stack frames</a>
<div class='stack-trace' id='stack-trace755477196'><pre>java.lang.AssertionError: The following asserts failed:
	Fail : Language not matching did not expect to find [true] but found [false],
	Failed:Status as &apos;InActive&apos; not selected did not expect to find [false] but found [true]
	at org.testng.asserts.SoftAssert.assertAll(SoftAssert.java:47)
	at org.testng.asserts.SoftAssert.assertAll(SoftAssert.java:31)
	at com.cet.intit.Base.verifyassert(Base.java:112)
	at com.cet.retention.RetentionUserAdminEditTestCases.verifyEditUserInfo(RetentionUserAdminEditTestCases.java:111)
	at sun.reflect.NativeMethodAccessorImpl.invoke0(Native Method)
	at sun.reflect.NativeMethodAccessorImpl.invoke(Unknown Source)
	at sun.reflect.DelegatingMethodAccessorImpl.invoke(Unknown Source)
	at java.lang.reflect.Method.invoke(Unknown Source)
	at org.testng.internal.MethodInvocationHelper.invokeMethod(MethodInvocationHelper.java:133)
	at org.testng.internal.TestInvoker.invokeMethod(TestInvoker.java:584)
	at org.testng.internal.TestInvoker.invokeTestMethod(TestInvoker.java:172)
	at org.testng.internal.MethodRunner.runInSequence(MethodRunner.java:46)
	at org.testng.internal.TestInvoker$MethodInvocationAgent.invoke(TestInvoker.java:804)
	at org.testng.internal.TestInvoker.invokeTestMethods(TestInvoker.java:145)
	at org.testng.internal.TestMethodWorker.invokeTestMethods(TestMethodWorker.java:146)
	at org.testng.internal.TestMethodWorker.run(TestMethodWorker.java:128)
	at java.util.ArrayList.forEach(Unknown Source)
	at org.testng.TestRunner.privateRun(TestRunner.java:770)
	at org.testng.TestRunner.run(TestRunner.java:591)
	at org.testng.SuiteRunner.runTest(SuiteRunner.java:402)
	at org.testng.SuiteRunner.runSequentially(SuiteRunner.java:396)
	at org.testng.SuiteRunner.privateRun(SuiteRunner.java:355)
	at org.testng.SuiteRunner.run(SuiteRunner.java:304)
	at org.testng.SuiteRunnerWorker.runSuite(SuiteRunnerWorker.java:53)
	at org.testng.SuiteRunnerWorker.run(SuiteRunnerWorker.java:96)
	at org.testng.TestNG.runSuitesSequentially(TestNG.java:1180)
	at org.testng.TestNG.runSuitesLocally(TestNG.java:1102)
	at org.testng.TestNG.runSuites(TestNG.java:1032)
	at org.testng.TestNG.run(TestNG.java:1000)
	at org.testng.remote.AbstractRemoteTestNG.run(AbstractRemoteTestNG.java:115)
	at org.testng.remote.RemoteTestNG.initAndRun(RemoteTestNG.java:251)
	at org.testng.remote.RemoteTestNG.main(RemoteTestNG.java:77)
</pre></div></td>
<td>82</td>
<td>com.cet.retention.RetentionUserAdminEditTestCases@76f2b07d</td></tr>
<tr>
<td title='com.cet.retention.RetentionUserAdminEditTestCases.verifyErrorTextForNoLanguage()'><b>verifyErrorTextForNoLanguage</b><br>Test class: com.cet.retention.RetentionUserAdminEditTestCases</td>
<td><div><pre>java.lang.AssertionError: The following asserts failed:
	Fail : Language not matching did not expect to find [true] but found [false]
	at com.cet.intit.Base.verifyassert(Base.java:112)
	at com.cet.retention.RetentionUserAdminEditTestCases.verifyErrorTextForNoLanguage(RetentionUserAdminEditTestCases.java:135)
	at java.util.ArrayList.forEach(Unknown Source)
... Removed 29 stack frames</pre></div><a href='#' onClick='toggleBox("stack-trace2080162056", this, "Click to show all stack frames", "Click to hide stack frames")'>Click to show all stack frames</a>
<div class='stack-trace' id='stack-trace2080162056'><pre>java.lang.AssertionError: The following asserts failed:
	Fail : Language not matching did not expect to find [true] but found [false]
	at org.testng.asserts.SoftAssert.assertAll(SoftAssert.java:47)
	at org.testng.asserts.SoftAssert.assertAll(SoftAssert.java:31)
	at com.cet.intit.Base.verifyassert(Base.java:112)
	at com.cet.retention.RetentionUserAdminEditTestCases.verifyErrorTextForNoLanguage(RetentionUserAdminEditTestCases.java:135)
	at sun.reflect.NativeMethodAccessorImpl.invoke0(Native Method)
	at sun.reflect.NativeMethodAccessorImpl.invoke(Unknown Source)
	at sun.reflect.DelegatingMethodAccessorImpl.invoke(Unknown Source)
	at java.lang.reflect.Method.invoke(Unknown Source)
	at org.testng.internal.MethodInvocationHelper.invokeMethod(MethodInvocationHelper.java:133)
	at org.testng.internal.TestInvoker.invokeMethod(TestInvoker.java:584)
	at org.testng.internal.TestInvoker.invokeTestMethod(TestInvoker.java:172)
	at org.testng.internal.MethodRunner.runInSequence(MethodRunner.java:46)
	at org.testng.internal.TestInvoker$MethodInvocationAgent.invoke(TestInvoker.java:804)
	at org.testng.internal.TestInvoker.invokeTestMethods(TestInvoker.java:145)
	at org.testng.internal.TestMethodWorker.invokeTestMethods(TestMethodWorker.java:146)
	at org.testng.internal.TestMethodWorker.run(TestMethodWorker.java:128)
	at java.util.ArrayList.forEach(Unknown Source)
	at org.testng.TestRunner.privateRun(TestRunner.java:770)
	at org.testng.TestRunner.run(TestRunner.java:591)
	at org.testng.SuiteRunner.runTest(SuiteRunner.java:402)
	at org.testng.SuiteRunner.runSequentially(SuiteRunner.java:396)
	at org.testng.SuiteRunner.privateRun(SuiteRunner.java:355)
	at org.testng.SuiteRunner.run(SuiteRunner.java:304)
	at org.testng.SuiteRunnerWorker.runSuite(SuiteRunnerWorker.java:53)
	at org.testng.SuiteRunnerWorker.run(SuiteRunnerWorker.java:96)
	at org.testng.TestNG.runSuitesSequentially(TestNG.java:1180)
	at org.testng.TestNG.runSuitesLocally(TestNG.java:1102)
	at org.testng.TestNG.runSuites(TestNG.java:1032)
	at org.testng.TestNG.run(TestNG.java:1000)
	at org.testng.remote.AbstractRemoteTestNG.run(AbstractRemoteTestNG.java:115)
	at org.testng.remote.RemoteTestNG.initAndRun(RemoteTestNG.java:251)
	at org.testng.remote.RemoteTestNG.main(RemoteTestNG.java:77)
</pre></div></td>
<td>82</td>
<td>com.cet.retention.RetentionUserAdminEditTestCases@76f2b07d</td></tr>
<tr>
<td title='com.cet.retention.RetentionUserAdminViewTestCases.verifyValue()'><b>verifyValue</b><br>Test class: com.cet.retention.RetentionUserAdminViewTestCases</td>
<td><div><pre>java.lang.AssertionError: The following asserts failed:
	Fail : Language not matching did not expect to find [true] but found [false]
	at com.cet.intit.Base.verifyassert(Base.java:112)
	at com.cet.retention.RetentionUserAdminViewTestCases.verifyValue(RetentionUserAdminViewTestCases.java:93)
	at java.util.ArrayList.forEach(Unknown Source)
... Removed 29 stack frames</pre></div><a href='#' onClick='toggleBox("stack-trace921452657", this, "Click to show all stack frames", "Click to hide stack frames")'>Click to show all stack frames</a>
<div class='stack-trace' id='stack-trace921452657'><pre>java.lang.AssertionError: The following asserts failed:
	Fail : Language not matching did not expect to find [true] but found [false]
	at org.testng.asserts.SoftAssert.assertAll(SoftAssert.java:47)
	at org.testng.asserts.SoftAssert.assertAll(SoftAssert.java:31)
	at com.cet.intit.Base.verifyassert(Base.java:112)
	at com.cet.retention.RetentionUserAdminViewTestCases.verifyValue(RetentionUserAdminViewTestCases.java:93)
	at sun.reflect.NativeMethodAccessorImpl.invoke0(Native Method)
	at sun.reflect.NativeMethodAccessorImpl.invoke(Unknown Source)
	at sun.reflect.DelegatingMethodAccessorImpl.invoke(Unknown Source)
	at java.lang.reflect.Method.invoke(Unknown Source)
	at org.testng.internal.MethodInvocationHelper.invokeMethod(MethodInvocationHelper.java:133)
	at org.testng.internal.TestInvoker.invokeMethod(TestInvoker.java:584)
	at org.testng.internal.TestInvoker.invokeTestMethod(TestInvoker.java:172)
	at org.testng.internal.MethodRunner.runInSequence(MethodRunner.java:46)
	at org.testng.internal.TestInvoker$MethodInvocationAgent.invoke(TestInvoker.java:804)
	at org.testng.internal.TestInvoker.invokeTestMethods(TestInvoker.java:145)
	at org.testng.internal.TestMethodWorker.invokeTestMethods(TestMethodWorker.java:146)
	at org.testng.internal.TestMethodWorker.run(TestMethodWorker.java:128)
	at java.util.ArrayList.forEach(Unknown Source)
	at org.testng.TestRunner.privateRun(TestRunner.java:770)
	at org.testng.TestRunner.run(TestRunner.java:591)
	at org.testng.SuiteRunner.runTest(SuiteRunner.java:402)
	at org.testng.SuiteRunner.runSequentially(SuiteRunner.java:396)
	at org.testng.SuiteRunner.privateRun(SuiteRunner.java:355)
	at org.testng.SuiteRunner.run(SuiteRunner.java:304)
	at org.testng.SuiteRunnerWorker.runSuite(SuiteRunnerWorker.java:53)
	at org.testng.SuiteRunnerWorker.run(SuiteRunnerWorker.java:96)
	at org.testng.TestNG.runSuitesSequentially(TestNG.java:1180)
	at org.testng.TestNG.runSuitesLocally(TestNG.java:1102)
	at org.testng.TestNG.runSuites(TestNG.java:1032)
	at org.testng.TestNG.run(TestNG.java:1000)
	at org.testng.remote.AbstractRemoteTestNG.run(AbstractRemoteTestNG.java:115)
	at org.testng.remote.RemoteTestNG.initAndRun(RemoteTestNG.java:251)
	at org.testng.remote.RemoteTestNG.main(RemoteTestNG.java:77)
</pre></div></td>
<td>42</td>
<td>com.cet.retention.RetentionUserAdminViewTestCases@704a52ec</td></tr>
</table><p>
<table width='100%' border='1' class='invocation-passed'>
<tr><td colspan='4' align='center'><b>PASSED TESTS</b></td></tr>
<tr><td><b>Test method</b></td>
<td width="30%"><b>Exception</b></td>
<td width="10%"><b>Time (seconds)</b></td>
<td><b>Instance</b></td>
</tr>
<tr>
<td title='com.cet.retention.RetentionUserAdminSearchTestCases.resetAllFields()'><b>resetAllFields</b><br>Test class: com.cet.retention.RetentionUserAdminSearchTestCases</td>
<td></td>
<td>29</td>
<td>com.cet.retention.RetentionUserAdminSearchTestCases@1f57539</td></tr>
<tr>
<td title='com.cet.retention.RetentionUserAdminSearchTestCases.searchByAllFields()'><b>searchByAllFields</b><br>Test class: com.cet.retention.RetentionUserAdminSearchTestCases</td>
<td></td>
<td>19</td>
<td>com.cet.retention.RetentionUserAdminSearchTestCases@1f57539</td></tr>
<tr>
<td title='com.cet.retention.RetentionUserAdminSearchTestCases.searchByEmpID()'><b>searchByEmpID</b><br>Test class: com.cet.retention.RetentionUserAdminSearchTestCases</td>
<td></td>
<td>9</td>
<td>com.cet.retention.RetentionUserAdminSearchTestCases@1f57539</td></tr>
<tr>
<td title='com.cet.retention.RetentionUserAdminSearchTestCases.searchByFirstName()'><b>searchByFirstName</b><br>Test class: com.cet.retention.RetentionUserAdminSearchTestCases</td>
<td></td>
<td>8</td>
<td>com.cet.retention.RetentionUserAdminSearchTestCases@1f57539</td></tr>
<tr>
<td title='com.cet.retention.RetentionUserAdminSearchTestCases.searchByLastName()'><b>searchByLastName</b><br>Test class: com.cet.retention.RetentionUserAdminSearchTestCases</td>
<td></td>
<td>7</td>
<td>com.cet.retention.RetentionUserAdminSearchTestCases@1f57539</td></tr>
<tr>
<td title='com.cet.retention.RetentionUserAdminSearchTestCases.searchByMSID()'><b>searchByMSID</b><br>Test class: com.cet.retention.RetentionUserAdminSearchTestCases</td>
<td></td>
<td>9</td>
<td>com.cet.retention.RetentionUserAdminSearchTestCases@1f57539</td></tr>
<tr>
<td title='com.cet.retention.RetentionUserAdminSearchTestCases.searchByManager()'><b>searchByManager</b><br>Test class: com.cet.retention.RetentionUserAdminSearchTestCases</td>
<td></td>
<td>9</td>
<td>com.cet.retention.RetentionUserAdminSearchTestCases@1f57539</td></tr>
<tr>
<td title='com.cet.retention.RetentionUserAdminSearchTestCases.searchBySupervisor()'><b>searchBySupervisor</b><br>Test class: com.cet.retention.RetentionUserAdminSearchTestCases</td>
<td></td>
<td>10</td>
<td>com.cet.retention.RetentionUserAdminSearchTestCases@1f57539</td></tr>
<tr>
<td title='com.cet.retention.RetentionUserAdminSearchTestCases.verifyAddUserBtnNavigation()'><b>verifyAddUserBtnNavigation</b><br>Test class: com.cet.retention.RetentionUserAdminSearchTestCases</td>
<td></td>
<td>8</td>
<td>com.cet.retention.RetentionUserAdminSearchTestCases@1f57539</td></tr>
<tr>
<td title='com.cet.retention.RetentionUserAdminSearchTestCases.verifyCancelBtnNavigation()'><b>verifyCancelBtnNavigation</b><br>Test class: com.cet.retention.RetentionUserAdminSearchTestCases</td>
<td></td>
<td>12</td>
<td>com.cet.retention.RetentionUserAdminSearchTestCases@1f57539</td></tr>
<tr>
<td title='com.cet.retention.RetentionUserAdminSearchTestCases.verifyDefaultPage()'><b>verifyDefaultPage</b><br>Test class: com.cet.retention.RetentionUserAdminSearchTestCases</td>
<td></td>
<td>49</td>
<td>com.cet.retention.RetentionUserAdminSearchTestCases@1f57539</td></tr>
<tr>
<td title='com.cet.retention.RetentionUserAdminViewTestCases.verifyDefaultPage()'><b>verifyDefaultPage</b><br>Test class: com.cet.retention.RetentionUserAdminViewTestCases</td>
<td></td>
<td>33</td>
<td>com.cet.retention.RetentionUserAdminViewTestCases@704a52ec</td></tr>
<tr>
<td title='com.cet.retention.RetentionUserAdminSearchTestCases.verifyNoDataFoundText()'><b>verifyNoDataFoundText</b><br>Test class: com.cet.retention.RetentionUserAdminSearchTestCases</td>
<td></td>
<td>12</td>
<td>com.cet.retention.RetentionUserAdminSearchTestCases@1f57539</td></tr>
<tr>
<td title='com.cet.retention.RetentionUserAdminEditTestCases.verifyViewCancelBtnNavigation()'><b>verifyViewCancelBtnNavigation</b><br>Test class: com.cet.retention.RetentionUserAdminEditTestCases</td>
<td></td>
<td>6</td>
<td>com.cet.retention.RetentionUserAdminEditTestCases@76f2b07d</td></tr>
<tr>
<td title='com.cet.retention.RetentionUserAdminViewTestCases.verifyViewCancelBtnNavigation()'><b>verifyViewCancelBtnNavigation</b><br>Test class: com.cet.retention.RetentionUserAdminViewTestCases</td>
<td></td>
<td>5</td>
<td>com.cet.retention.RetentionUserAdminViewTestCases@704a52ec</td></tr>
</table><p>
</body>
</html>