<?xml version="1.0" encoding="UTF-8"?>
<!-- Generated by org.testng.reporters.JUnitXMLReporter -->
<testsuite hostname="LHTU05CG4472DYW" ignored="3" name="PHD-UserAdminTest" tests="30" failures="2" timestamp="2020-12-18T15:59:15 IST" time="453.872" errors="0">
  <testcase name="addNewUserValidate_Test" time="10.686" classname="com.cet.phd.PhdUserAdminAddNewUser_Test"/>
  <testcase name="addNewUserFirstNameDisabled_Test" time="3.651" classname="com.cet.phd.PhdUserAdminAddNewUser_Test"/>
  <testcase name="addNewUserFirstNameDB_Test" time="2.087" classname="com.cet.phd.PhdUserAdminAddNewUser_Test"/>
  <testcase name="addNewUserLastNameDisabled_Test" time="1.502" classname="com.cet.phd.PhdUserAdminAddNewUser_Test"/>
  <testcase name="addNewUserLastNameDB_Test" time="2.046" classname="com.cet.phd.PhdUserAdminAddNewUser_Test"/>
  <testcase name="addNewUserEmployeeIDDisabled_Test" time="1.369" classname="com.cet.phd.PhdUserAdminAddNewUser_Test"/>
  <testcase name="addNewUserEmailIDDB_Test" time="1.948" classname="com.cet.phd.PhdUserAdminAddNewUser_Test">
    <failure type="java.lang.AssertionError" message="Failed:EmailID DB Value mismatched - Add User expected [] but found [kishork@optum.com]">
      <![CDATA[java.lang.AssertionError: Failed:EmailID DB Value mismatched - Add User expected [] but found [kishork@optum.com]
at com.cet.phd.PhdUserAdminAddNewUser_Test.addNewUserEmailIDDB_Test(PhdUserAdminAddNewUser_Test.java:105)
at java.util.ArrayList.forEach(Unknown Source)
... Removed 31 stack frames]]>
    </failure>
  </testcase> <!-- addNewUserEmailIDDB_Test -->
  <testcase name="addNewUserEmployeeIDDB_Test" time="1.891" classname="com.cet.phd.PhdUserAdminAddNewUser_Test"/>
  <testcase name="addNewUserEmailIDDisabled_Test" time="1.222" classname="com.cet.phd.PhdUserAdminAddNewUser_Test"/>
  <testcase name="addNewUserSupervisorDisabled_Test" time="1.275" classname="com.cet.phd.PhdUserAdminAddNewUser_Test"/>
  <testcase name="addNewUserSupervisorDB_Test" time="1.689" classname="com.cet.phd.PhdUserAdminAddNewUser_Test"/>
  <testcase name="addNewUserManagerDisabled_Test" time="1.264" classname="com.cet.phd.PhdUserAdminAddNewUser_Test"/>
  <testcase name="addNewUserManagerDB_Test" time="1.763" classname="com.cet.phd.PhdUserAdminAddNewUser_Test">
    <failure type="java.lang.AssertionError" message="Failed:Manager DB Value mismatched - Add User expected [ ] but found [Wajhi Ahmed]">
      <![CDATA[java.lang.AssertionError: Failed:Manager DB Value mismatched - Add User expected [ ] but found [Wajhi Ahmed]
at com.cet.phd.PhdUserAdminAddNewUser_Test.addNewUserManagerDB_Test(PhdUserAdminAddNewUser_Test.java:123)
at java.util.ArrayList.forEach(Unknown Source)
... Removed 31 stack frames]]>
    </failure>
  </testcase> <!-- addNewUserManagerDB_Test -->
  <testcase name="assignWorkStatus_Test" time="2.585" classname="com.cet.phd.PhdUserAdminAddNewUser_Test"/>
  <testcase name="activeStatus_Test" time="2.416" classname="com.cet.phd.PhdUserAdminAddNewUser_Test"/>
  <testcase name="inActiveStatus_Test" time="2.173" classname="com.cet.phd.PhdUserAdminAddNewUser_Test"/>
  <testcase name="selectTeamPHD_Test" time="3.237" classname="com.cet.phd.PhdUserAdminAddNewUser_Test"/>
  <testcase name="selectLanguagePHD_Test" time="6.339" classname="com.cet.phd.PhdUserAdminAddNewUser_Test"/>
  <testcase name="verifyDefaultPage" time="53.043" classname="com.cet.phd.PhdUserAdminSearchTest"/>
  <testcase name="searchByMSID" time="14.193" classname="com.cet.phd.PhdUserAdminSearchTest"/>
  <testcase name="searchByFirstName" time="14.963" classname="com.cet.phd.PhdUserAdminSearchTest"/>
  <testcase name="searchByLastName" time="14.416" classname="com.cet.phd.PhdUserAdminSearchTest"/>
  <testcase name="searchByEmpID" time="15.298" classname="com.cet.phd.PhdUserAdminSearchTest"/>
  <testcase name="searchBySupervisor" time="15.025" classname="com.cet.phd.PhdUserAdminSearchTest"/>
  <testcase name="searchByManager" time="27.316" classname="com.cet.phd.PhdUserAdminSearchTest"/>
  <testcase name="searchByAllFields" time="34.978" classname="com.cet.phd.PhdUserAdminSearchTest"/>
  <testcase name="resetAllFields" time="47.297" classname="com.cet.phd.PhdUserAdminSearchTest"/>
  <testcase name="verifyNoDataFoundText" time="24.252" classname="com.cet.phd.PhdUserAdminSearchTest"/>
  <testcase name="verifyAddUserBtnNavigation" time="16.871" classname="com.cet.phd.PhdUserAdminSearchTest"/>
  <testcase name="verifyCancelBtnNavigation" time="7.6" classname="com.cet.phd.PhdUserAdminSearchTest"/>
  <testcase name="saveAddNewUser_Test" time="0.0" classname="com.cet.phd.PhdUserAdminAddNewUser_Test">
    <ignored/>
  </testcase> <!-- saveAddNewUser_Test -->
  <testcase name="@AfterSuite removeExtent" time="0.0" classname="com.cet.intit.Base">
    <ignored/>
  </testcase> <!-- @AfterSuite removeExtent -->
  <testcase name="@BeforeSuite setExtent" time="0.0" classname="com.cet.intit.Base">
    <ignored/>
  </testcase> <!-- @BeforeSuite setExtent -->
</testsuite> <!-- PHD-UserAdminTest -->
