<?xml version="1.0" encoding="UTF-8"?>
<!-- Generated by org.testng.reporters.JUnitXMLReporter -->
<testsuite hostname="LHTU05CG4472DYW" ignored="5" name="PHD-SearchTest" tests="72" failures="2" timestamp="2020-12-18T16:11:43 IST" time="747.818" errors="0">
  <testcase name="agentIdSearch_PHD_Test" time="29.228" classname="com.cet.phd.PhdSearch_Test"/>
  <testcase name="campaignFocusSearch_PHD_Test" time="50.563" classname="com.cet.phd.PhdSearch_Test"/>
  <testcase name="taskStatusSearch_PHD_Test" time="35.702" classname="com.cet.phd.PhdSearch_Test"/>
  <testcase name="jobNameSearch_PHD_Test" time="32.457" classname="com.cet.phd.PhdSearch_Test"/>
  <testcase name="agentFirstNameSearch_PHD_Test" time="32.68" classname="com.cet.phd.PhdSearch_Test"/>
  <testcase name="agentLastNameSearch_PHD_Test" time="33.182" classname="com.cet.phd.PhdSearch_Test"/>
  <testcase name="phoneNumberSearch_PHD_Test" time="33.873" classname="com.cet.phd.PhdSearch_Test"/>
  <testcase name="agentNameSearch_PHD_Test" time="43.504" classname="com.cet.phd.PhdSearch_Test"/>
  <testcase name="fullSearch_PHD_Test" time="101.098" classname="com.cet.phd.PhdSearch_Test"/>
  <testcase name="tastTypeSearch_PHD_DefaultTest" time="3.635" classname="com.cet.phd.PhdSearch_Test"/>
  <testcase name="dialingMethodSearch_PHD_DefaultTest" time="2.865" classname="com.cet.phd.PhdSearch_Test">
    <failure type="java.lang.AssertionError" message="Failed-Default Dialing Method value is Varied! expected [Manual] but found [Select]">
      <![CDATA[java.lang.AssertionError: Failed-Default Dialing Method value is Varied! expected [Manual] but found [Select]
at com.cet.phd.PhdSearch_Test.dialingMethodSearch_PHD_DefaultTest(PhdSearch_Test.java:174)
at java.util.ArrayList.forEach(Unknown Source)
... Removed 31 stack frames]]>
    </failure>
  </testcase> <!-- dialingMethodSearch_PHD_DefaultTest -->
  <testcase name="editButtonEnabled_Test" time="4.305" classname="com.cet.phd.PhdSearchEdit_Test"/>
  <testcase name="agentId_Edit_Test" time="10.814" classname="com.cet.phd.PhdSearchEdit_Test"/>
  <testcase name="agentFirstName_Edit_Test" time="1.992" classname="com.cet.phd.PhdSearchEdit_Test"/>
  <testcase name="agentLastName_Edit_Test" time="2.373" classname="com.cet.phd.PhdSearchEdit_Test"/>
  <testcase name="agentPrimaryPhoneNumber_Edit_Test" time="2.124" classname="com.cet.phd.PhdSearchEdit_Test"/>
  <testcase name="agentSecondaryPhoneNumber_Edit_Test" time="1.958" classname="com.cet.phd.PhdSearchEdit_Test"/>
  <testcase name="agencyName_Edit_Test" time="2.015" classname="com.cet.phd.PhdSearchEdit_Test"/>
  <testcase name="market_Edit_Test" time="2.019" classname="com.cet.phd.PhdSearchEdit_Test"/>
  <testcase name="agentManagerEmail_Edit_Test" time="2.192" classname="com.cet.phd.PhdSearchEdit_Test"/>
  <testcase name="agentManagerFirstName_Edit_Test" time="1.998" classname="com.cet.phd.PhdSearchEdit_Test"/>
  <testcase name="agentManagerLastName_Edit_Test" time="1.965" classname="com.cet.phd.PhdSearchEdit_Test"/>
  <testcase name="agentManagerPhoneNumber_Edit_Test" time="1.985" classname="com.cet.phd.PhdSearchEdit_Test"/>
  <testcase name="agentState_Edit_Test" time="2.244" classname="com.cet.phd.PhdSearchEdit_Test"/>
  <testcase name="language_Edit_Test" time="2.047" classname="com.cet.phd.PhdSearchEdit_Test"/>
  <testcase name="ssrAssigned_Edit_Test" time="2.224" classname="com.cet.phd.PhdSearchEdit_Test"/>
  <testcase name="ssrSupervisor_Edit_Test" time="2.095" classname="com.cet.phd.PhdSearchEdit_Test"/>
  <testcase name="other_Edit_Test" time="2.004" classname="com.cet.phd.PhdSearchEdit_Test"/>
  <testcase name="taskId_Edit_Test" time="2.046" classname="com.cet.phd.PhdSearchEdit_Test"/>
  <testcase name="taskType_Edit_Test" time="2.015" classname="com.cet.phd.PhdSearchEdit_Test"/>
  <testcase name="campaignDescription_Edit_Test" time="1.91" classname="com.cet.phd.PhdSearchEdit_Test"/>
  <testcase name="jobName_Edit_Test" time="2.019" classname="com.cet.phd.PhdSearchEdit_Test"/>
  <testcase name="createdDate_Edit_Test" time="1.94" classname="com.cet.phd.PhdSearchEdit_Test"/>
  <testcase name="taskStatus_Edit_Test" time="2.0" classname="com.cet.phd.PhdSearchEdit_Test"/>
  <testcase name="scheduledDate_Edit_Test" time="1.837" classname="com.cet.phd.PhdSearchEdit_Test"/>
  <testcase name="taskLanguage_Edit_Test" time="1.415" classname="com.cet.phd.PhdSearchEdit_Test"/>
  <testcase name="selectDisposition_Edit_Test" time="4.152" classname="com.cet.phd.PhdSearchEdit_Test"/>
  <testcase name="addNotes_Edit_Test" time="6.836" classname="com.cet.phd.PhdSearchEdit_Test"/>
  <testcase name="editButtonDisabled_Test" time="2.182" classname="com.cet.phd.PhdSearch_View_Test"/>
  <testcase name="agentIdSearch_PHD_View_Test" time="22.14" classname="com.cet.phd.PhdSearch_View_Test"/>
  <testcase name="agentId_View_Test" time="36.825" classname="com.cet.phd.PhdSearch_View_Test"/>
  <testcase name="agentFirstName_View__Test" time="3.507" classname="com.cet.phd.PhdSearch_View_Test"/>
  <testcase name="agentLastName_View__Test" time="2.067" classname="com.cet.phd.PhdSearch_View_Test"/>
  <testcase name="agentPrimaryPhoneNumber_View__Test" time="2.331" classname="com.cet.phd.PhdSearch_View_Test"/>
  <testcase name="agentSecondaryPhoneNumber_View__Test" time="50.499" classname="com.cet.phd.PhdSearch_View_Test"/>
  <testcase name="agencyName_View__Test" time="2.22" classname="com.cet.phd.PhdSearch_View_Test"/>
  <testcase name="market_View__Test" time="1.939" classname="com.cet.phd.PhdSearch_View_Test"/>
  <testcase name="agentManagerEmail_View__Test" time="2.16" classname="com.cet.phd.PhdSearch_View_Test"/>
  <testcase name="agentManagerFirstName_View__Test" time="2.433" classname="com.cet.phd.PhdSearch_View_Test"/>
  <testcase name="agentManagerLastName_View__Test" time="2.284" classname="com.cet.phd.PhdSearch_View_Test"/>
  <testcase name="agentManagerPhoneNumber_View__Test" time="2.411" classname="com.cet.phd.PhdSearch_View_Test"/>
  <testcase name="agentState_View__Test" time="2.345" classname="com.cet.phd.PhdSearch_View_Test"/>
  <testcase name="language_View__Test" time="1.995" classname="com.cet.phd.PhdSearch_View_Test"/>
  <testcase name="ssrAssigned_View__Test" time="2.17" classname="com.cet.phd.PhdSearch_View_Test"/>
  <testcase name="ssrSupervisor_View__Test" time="2.13" classname="com.cet.phd.PhdSearch_View_Test"/>
  <testcase name="other_View__Test" time="1.954" classname="com.cet.phd.PhdSearch_View_Test"/>
  <testcase name="taskHistory_JobName_View__Test" time="1.437" classname="com.cet.phd.PhdSearch_View_Test"/>
  <testcase name="taskHistory_Disposition_View__Test" time="1.558" classname="com.cet.phd.PhdSearch_View_Test"/>
  <testcase name="taskHistory_AttemptDate_View__Test" time="1.551" classname="com.cet.phd.PhdSearch_View_Test"/>
  <testcase name="taskHistory_AttemptCount_View__Test" time="1.574" classname="com.cet.phd.PhdSearch_View_Test"/>
  <testcase name="taskHistory_User_View__Test" time="1.448" classname="com.cet.phd.PhdSearch_View_Test"/>
  <testcase name="taskHistory_User_Notes__Test" time="1.418" classname="com.cet.phd.PhdSearch_View_Test"/>
  <testcase name="taskId_View__Test" time="2.173" classname="com.cet.phd.PhdSearch_View_Test"/>
  <testcase name="taskType_View__Test" time="1.956" classname="com.cet.phd.PhdSearch_View_Test"/>
  <testcase name="campaignDescription_View__Test" time="1.858" classname="com.cet.phd.PhdSearch_View_Test"/>
  <testcase name="jobName_View__Test" time="1.886" classname="com.cet.phd.PhdSearch_View_Test"/>
  <testcase name="createdDate_View__Test" time="1.927" classname="com.cet.phd.PhdSearch_View_Test"/>
  <testcase name="taskStatus_View__Test" time="2.191" classname="com.cet.phd.PhdSearch_View_Test"/>
  <testcase name="scheduledDate_View__Test" time="1.883" classname="com.cet.phd.PhdSearch_View_Test"/>
  <testcase name="taskLanguage_View__Test" time="1.296" classname="com.cet.phd.PhdSearch_View_Test"/>
  <testcase name="selectDisposition_View__Test" time="4.063" classname="com.cet.phd.PhdSearch_View_Test">
    <failure type="java.lang.AssertionError" message="Failed:Able to select a Disposition in view Mode! did not expect to find [true] but found [false]">
      <![CDATA[java.lang.AssertionError: Failed:Able to select a Disposition in view Mode! did not expect to find [true] but found [false]
at com.cet.phd.PhdSearch_View_Test.selectDisposition_View__Test(PhdSearch_View_Test.java:362)
at java.util.ArrayList.forEach(Unknown Source)
... Removed 30 stack frames]]>
    </failure>
  </testcase> <!-- selectDisposition_View__Test -->
  <testcase name="addNotes_View__Test" time="3.457" classname="com.cet.phd.PhdSearch_View_Test"/>
  <testcase name="@AfterSuite removeExtent" time="0.0" classname="com.cet.intit.Base">
    <ignored/>
  </testcase> <!-- @AfterSuite removeExtent -->
  <testcase name="@AfterSuite removeExtent" time="0.0" classname="com.cet.intit.Base">
    <ignored/>
  </testcase> <!-- @AfterSuite removeExtent -->
  <testcase name="@BeforeSuite setExtent" time="0.0" classname="com.cet.intit.Base">
    <ignored/>
  </testcase> <!-- @BeforeSuite setExtent -->
  <testcase name="@BeforeSuite setExtent" time="0.0" classname="com.cet.intit.Base">
    <ignored/>
  </testcase> <!-- @BeforeSuite setExtent -->
  <testcase name="saveAndClose_Edit_Test" time="0.0" classname="com.cet.phd.PhdSearchEdit_Test">
    <ignored/>
  </testcase> <!-- saveAndClose_Edit_Test -->
</testsuite> <!-- PHD-SearchTest -->
