<?xml version="1.0" encoding="UTF-8"?>
<!-- Generated by org.testng.reporters.JUnitXMLReporter -->
<testsuite hostname="LHTU05CG4472DYW" ignored="0" name="GPRTS_AdditionalHouseHold-Test" tests="15" failures="4" timestamp="2020-12-13T23:13:53 IST" time="269.205" errors="0">
  <testcase name="additionalHouseHoldMembersCount_GPRTSTest" time="8.947" classname="com.cet.GPRTS_AdditionalHouseHold_Test"/>
  <testcase name="additionalHouseHoldMembersFirstName_GPRTSTest" time="2.404" classname="com.cet.GPRTS_AdditionalHouseHold_Test"/>
  <testcase name="additionalHouseHoldMembersLasttName_GPRTSTest" time="2.052" classname="com.cet.GPRTS_AdditionalHouseHold_Test"/>
  <testcase name="additionalHouseHoldMembersCount_GPRTSTest" time="0.001" classname="com.cet.GPRTS_AdditionalHouseHold_Test"/>
  <testcase name="additionalHouseHoldMembersFirstName_GPRTSTest" time="1.244" classname="com.cet.GPRTS_AdditionalHouseHold_Test"/>
  <testcase name="additionalHouseHoldMembersLasttName_GPRTSTest" time="1.253" classname="com.cet.GPRTS_AdditionalHouseHold_Test"/>
  <testcase name="additionalHouseHoldMembersCount_GPRTSTest" time="0.001" classname="com.cet.GPRTS_AdditionalHouseHold_Test"/>
  <testcase name="additionalHouseHoldMembersFirstName_GPRTSTest" time="1.198" classname="com.cet.GPRTS_AdditionalHouseHold_Test"/>
  <testcase name="additionalHouseHoldMembersLasttName_GPRTSTest" time="1.196" classname="com.cet.GPRTS_AdditionalHouseHold_Test"/>
  <testcase name="nextAdditionalHouseHoldMembersFirstName_GPRTSTest" time="0.002" classname="com.cet.GPRTS_NextAdditionalHouseHold_Test"/>
  <testcase name="nextAdditionalHouseHoldMembersLastName_GPRTSTest" time="0.001" classname="com.cet.GPRTS_NextAdditionalHouseHold_Test"/>
  <testcase name="nextAdditionalHouseHoldMembersFirstName_GPRTSTest" time="20.052" classname="com.cet.GPRTS_NextAdditionalHouseHold_Test">
    <failure type="org.openqa.selenium.NoSuchElementException" message="Unable to find element with xpath == (//table)[2]/tbody[1]/tr/td[2]
For documentation on this error, please visit: https://www.seleniumhq.org/exceptions/no_such_element.html
Build info: version: &amp;apos;4.0.0-alpha-3&amp;apos;, revision: &amp;apos;8c567de6dc&amp;apos;
System info: host: &amp;apos;LHTU05CG4472DYW&amp;apos;, ip: &amp;apos;10.99.6.50&amp;apos;, os.name: &amp;apos;Windows 10&amp;apos;, os.arch: &amp;apos;amd64&amp;apos;, os.version: &amp;apos;10.0&amp;apos;, java.version: &amp;apos;1.8.0_261&amp;apos;
Driver info: org.openqa.selenium.ie.InternetExplorerDriver
Capabilities {acceptInsecureCerts: false, browserName: internet explorer, browserVersion: 11, javascriptEnabled: true, pageLoadStrategy: normal, platform: WINDOWS, platformName: WINDOWS, proxy: Proxy(), se:ieOptions: {browserAttachTimeout: 0, elementScrollBehavior: 0, enablePersistentHover: false, ie.browserCommandLineSwitches: , ie.edgechromium: false, ie.edgepath: , ie.ensureCleanSession: false, ie.fileUploadDialogTimeout: 3000, ie.forceCreateProcessApi: false, ignoreProtectedModeSettings: true, ignoreZoomSetting: true, initialBrowserUrl: http://localhost:3903/, nativeEvents: false, requireWindowFocus: true}, setWindowRect: true, strictFileInteractability: false, timeouts: {implicit: 0, pageLoad: 300000, script: 30000}, unhandledPromptBehavior: dismiss and notify}
Session ID: a51546e9-06ff-48b2-8e13-9742006608fe
*** Element info: {Using=xpath, value=(//table)[2]/tbody[1]/tr/td[2]}">
      <![CDATA[org.openqa.selenium.NoSuchElementException: Unable to find element with xpath == (//table)[2]/tbody[1]/tr/td[2]
For documentation on this error, please visit: https://www.seleniumhq.org/exceptions/no_such_element.html
Build info: version: '4.0.0-alpha-3', revision: '8c567de6dc'
System info: host: 'LHTU05CG4472DYW', ip: '10.99.6.50', os.name: 'Windows 10', os.arch: 'amd64', os.version: '10.0', java.version: '1.8.0_261'
Driver info: org.openqa.selenium.ie.InternetExplorerDriver
Capabilities {acceptInsecureCerts: false, browserName: internet explorer, browserVersion: 11, javascriptEnabled: true, pageLoadStrategy: normal, platform: WINDOWS, platformName: WINDOWS, proxy: Proxy(), se:ieOptions: {browserAttachTimeout: 0, elementScrollBehavior: 0, enablePersistentHover: false, ie.browserCommandLineSwitches: , ie.edgechromium: false, ie.edgepath: , ie.ensureCleanSession: false, ie.fileUploadDialogTimeout: 3000, ie.forceCreateProcessApi: false, ignoreProtectedModeSettings: true, ignoreZoomSetting: true, initialBrowserUrl: http://localhost:3903/, nativeEvents: false, requireWindowFocus: true}, setWindowRect: true, strictFileInteractability: false, timeouts: {implicit: 0, pageLoad: 300000, script: 30000}, unhandledPromptBehavior: dismiss and notify}
Session ID: a51546e9-06ff-48b2-8e13-9742006608fe
*** Element info: {Using=xpath, value=(//table)[2]/tbody[1]/tr/td[2]}
at org.openqa.selenium.remote.codec.w3c.W3CHttpResponseCodec.createException(W3CHttpResponseCodec.java:191)
at org.openqa.selenium.remote.codec.w3c.W3CHttpResponseCodec.decode(W3CHttpResponseCodec.java:125)
at org.openqa.selenium.remote.codec.w3c.W3CHttpResponseCodec.decode(W3CHttpResponseCodec.java:52)
at org.openqa.selenium.remote.HttpCommandExecutor.execute(HttpCommandExecutor.java:161)
at org.openqa.selenium.remote.service.DriverCommandExecutor.execute(DriverCommandExecutor.java:83)
at org.openqa.selenium.remote.RemoteWebDriver.execute(RemoteWebDriver.java:576)
at org.openqa.selenium.remote.RemoteWebDriver.findElement(RemoteWebDriver.java:327)
at org.openqa.selenium.remote.RemoteWebDriver.findElementByXPath(RemoteWebDriver.java:445)
at org.openqa.selenium.By$ByXPath.findElement(By.java:396)
at org.openqa.selenium.remote.RemoteWebDriver.findElement(RemoteWebDriver.java:319)
at com.cet.pagerepositery.AdditionalHouseHoldPage.tableGetHouseHoldMemberFirstName(AdditionalHouseHoldPage.java:62)
at com.cet.GPRTS_NextAdditionalHouseHold_Test.nextAdditionalHouseHoldMembersFirstName_GPRTSTest(GPRTS_NextAdditionalHouseHold_Test.java:64)
at java.util.ArrayList.forEach(Unknown Source)
... Removed 31 stack frames]]>
    </failure>
  </testcase> <!-- nextAdditionalHouseHoldMembersFirstName_GPRTSTest -->
  <testcase name="nextAdditionalHouseHoldMembersLastName_GPRTSTest" time="20.123" classname="com.cet.GPRTS_NextAdditionalHouseHold_Test">
    <failure type="org.openqa.selenium.NoSuchElementException" message="Unable to find element with xpath == (//table)[2]/tbody[1]/tr/td[3]
For documentation on this error, please visit: https://www.seleniumhq.org/exceptions/no_such_element.html
Build info: version: &amp;apos;4.0.0-alpha-3&amp;apos;, revision: &amp;apos;8c567de6dc&amp;apos;
System info: host: &amp;apos;LHTU05CG4472DYW&amp;apos;, ip: &amp;apos;10.99.6.50&amp;apos;, os.name: &amp;apos;Windows 10&amp;apos;, os.arch: &amp;apos;amd64&amp;apos;, os.version: &amp;apos;10.0&amp;apos;, java.version: &amp;apos;1.8.0_261&amp;apos;
Driver info: org.openqa.selenium.ie.InternetExplorerDriver
Capabilities {acceptInsecureCerts: false, browserName: internet explorer, browserVersion: 11, javascriptEnabled: true, pageLoadStrategy: normal, platform: WINDOWS, platformName: WINDOWS, proxy: Proxy(), se:ieOptions: {browserAttachTimeout: 0, elementScrollBehavior: 0, enablePersistentHover: false, ie.browserCommandLineSwitches: , ie.edgechromium: false, ie.edgepath: , ie.ensureCleanSession: false, ie.fileUploadDialogTimeout: 3000, ie.forceCreateProcessApi: false, ignoreProtectedModeSettings: true, ignoreZoomSetting: true, initialBrowserUrl: http://localhost:3903/, nativeEvents: false, requireWindowFocus: true}, setWindowRect: true, strictFileInteractability: false, timeouts: {implicit: 0, pageLoad: 300000, script: 30000}, unhandledPromptBehavior: dismiss and notify}
Session ID: a51546e9-06ff-48b2-8e13-9742006608fe
*** Element info: {Using=xpath, value=(//table)[2]/tbody[1]/tr/td[3]}">
      <![CDATA[org.openqa.selenium.NoSuchElementException: Unable to find element with xpath == (//table)[2]/tbody[1]/tr/td[3]
For documentation on this error, please visit: https://www.seleniumhq.org/exceptions/no_such_element.html
Build info: version: '4.0.0-alpha-3', revision: '8c567de6dc'
System info: host: 'LHTU05CG4472DYW', ip: '10.99.6.50', os.name: 'Windows 10', os.arch: 'amd64', os.version: '10.0', java.version: '1.8.0_261'
Driver info: org.openqa.selenium.ie.InternetExplorerDriver
Capabilities {acceptInsecureCerts: false, browserName: internet explorer, browserVersion: 11, javascriptEnabled: true, pageLoadStrategy: normal, platform: WINDOWS, platformName: WINDOWS, proxy: Proxy(), se:ieOptions: {browserAttachTimeout: 0, elementScrollBehavior: 0, enablePersistentHover: false, ie.browserCommandLineSwitches: , ie.edgechromium: false, ie.edgepath: , ie.ensureCleanSession: false, ie.fileUploadDialogTimeout: 3000, ie.forceCreateProcessApi: false, ignoreProtectedModeSettings: true, ignoreZoomSetting: true, initialBrowserUrl: http://localhost:3903/, nativeEvents: false, requireWindowFocus: true}, setWindowRect: true, strictFileInteractability: false, timeouts: {implicit: 0, pageLoad: 300000, script: 30000}, unhandledPromptBehavior: dismiss and notify}
Session ID: a51546e9-06ff-48b2-8e13-9742006608fe
*** Element info: {Using=xpath, value=(//table)[2]/tbody[1]/tr/td[3]}
at org.openqa.selenium.remote.codec.w3c.W3CHttpResponseCodec.createException(W3CHttpResponseCodec.java:191)
at org.openqa.selenium.remote.codec.w3c.W3CHttpResponseCodec.decode(W3CHttpResponseCodec.java:125)
at org.openqa.selenium.remote.codec.w3c.W3CHttpResponseCodec.decode(W3CHttpResponseCodec.java:52)
at org.openqa.selenium.remote.HttpCommandExecutor.execute(HttpCommandExecutor.java:161)
at org.openqa.selenium.remote.service.DriverCommandExecutor.execute(DriverCommandExecutor.java:83)
at org.openqa.selenium.remote.RemoteWebDriver.execute(RemoteWebDriver.java:576)
at org.openqa.selenium.remote.RemoteWebDriver.findElement(RemoteWebDriver.java:327)
at org.openqa.selenium.remote.RemoteWebDriver.findElementByXPath(RemoteWebDriver.java:445)
at org.openqa.selenium.By$ByXPath.findElement(By.java:396)
at org.openqa.selenium.remote.RemoteWebDriver.findElement(RemoteWebDriver.java:319)
at com.cet.pagerepositery.AdditionalHouseHoldPage.tableGetHouseHoldMemberLastName(AdditionalHouseHoldPage.java:68)
at com.cet.GPRTS_NextAdditionalHouseHold_Test.nextAdditionalHouseHoldMembersLastName_GPRTSTest(GPRTS_NextAdditionalHouseHold_Test.java:75)
at java.util.ArrayList.forEach(Unknown Source)
... Removed 31 stack frames]]>
    </failure>
  </testcase> <!-- nextAdditionalHouseHoldMembersLastName_GPRTSTest -->
  <testcase name="nextAdditionalHouseHoldMembersFirstName_GPRTSTest" time="20.293" classname="com.cet.GPRTS_NextAdditionalHouseHold_Test">
    <failure type="org.openqa.selenium.NoSuchElementException" message="Unable to find element with xpath == (//table)[2]/tbody[2]/tr/td[2]
For documentation on this error, please visit: https://www.seleniumhq.org/exceptions/no_such_element.html
Build info: version: &amp;apos;4.0.0-alpha-3&amp;apos;, revision: &amp;apos;8c567de6dc&amp;apos;
System info: host: &amp;apos;LHTU05CG4472DYW&amp;apos;, ip: &amp;apos;10.99.6.50&amp;apos;, os.name: &amp;apos;Windows 10&amp;apos;, os.arch: &amp;apos;amd64&amp;apos;, os.version: &amp;apos;10.0&amp;apos;, java.version: &amp;apos;1.8.0_261&amp;apos;
Driver info: org.openqa.selenium.ie.InternetExplorerDriver
Capabilities {acceptInsecureCerts: false, browserName: internet explorer, browserVersion: 11, javascriptEnabled: true, pageLoadStrategy: normal, platform: WINDOWS, platformName: WINDOWS, proxy: Proxy(), se:ieOptions: {browserAttachTimeout: 0, elementScrollBehavior: 0, enablePersistentHover: false, ie.browserCommandLineSwitches: , ie.edgechromium: false, ie.edgepath: , ie.ensureCleanSession: false, ie.fileUploadDialogTimeout: 3000, ie.forceCreateProcessApi: false, ignoreProtectedModeSettings: true, ignoreZoomSetting: true, initialBrowserUrl: http://localhost:3903/, nativeEvents: false, requireWindowFocus: true}, setWindowRect: true, strictFileInteractability: false, timeouts: {implicit: 0, pageLoad: 300000, script: 30000}, unhandledPromptBehavior: dismiss and notify}
Session ID: a51546e9-06ff-48b2-8e13-9742006608fe
*** Element info: {Using=xpath, value=(//table)[2]/tbody[2]/tr/td[2]}">
      <![CDATA[org.openqa.selenium.NoSuchElementException: Unable to find element with xpath == (//table)[2]/tbody[2]/tr/td[2]
For documentation on this error, please visit: https://www.seleniumhq.org/exceptions/no_such_element.html
Build info: version: '4.0.0-alpha-3', revision: '8c567de6dc'
System info: host: 'LHTU05CG4472DYW', ip: '10.99.6.50', os.name: 'Windows 10', os.arch: 'amd64', os.version: '10.0', java.version: '1.8.0_261'
Driver info: org.openqa.selenium.ie.InternetExplorerDriver
Capabilities {acceptInsecureCerts: false, browserName: internet explorer, browserVersion: 11, javascriptEnabled: true, pageLoadStrategy: normal, platform: WINDOWS, platformName: WINDOWS, proxy: Proxy(), se:ieOptions: {browserAttachTimeout: 0, elementScrollBehavior: 0, enablePersistentHover: false, ie.browserCommandLineSwitches: , ie.edgechromium: false, ie.edgepath: , ie.ensureCleanSession: false, ie.fileUploadDialogTimeout: 3000, ie.forceCreateProcessApi: false, ignoreProtectedModeSettings: true, ignoreZoomSetting: true, initialBrowserUrl: http://localhost:3903/, nativeEvents: false, requireWindowFocus: true}, setWindowRect: true, strictFileInteractability: false, timeouts: {implicit: 0, pageLoad: 300000, script: 30000}, unhandledPromptBehavior: dismiss and notify}
Session ID: a51546e9-06ff-48b2-8e13-9742006608fe
*** Element info: {Using=xpath, value=(//table)[2]/tbody[2]/tr/td[2]}
at org.openqa.selenium.remote.codec.w3c.W3CHttpResponseCodec.createException(W3CHttpResponseCodec.java:191)
at org.openqa.selenium.remote.codec.w3c.W3CHttpResponseCodec.decode(W3CHttpResponseCodec.java:125)
at org.openqa.selenium.remote.codec.w3c.W3CHttpResponseCodec.decode(W3CHttpResponseCodec.java:52)
at org.openqa.selenium.remote.HttpCommandExecutor.execute(HttpCommandExecutor.java:161)
at org.openqa.selenium.remote.service.DriverCommandExecutor.execute(DriverCommandExecutor.java:83)
at org.openqa.selenium.remote.RemoteWebDriver.execute(RemoteWebDriver.java:576)
at org.openqa.selenium.remote.RemoteWebDriver.findElement(RemoteWebDriver.java:327)
at org.openqa.selenium.remote.RemoteWebDriver.findElementByXPath(RemoteWebDriver.java:445)
at org.openqa.selenium.By$ByXPath.findElement(By.java:396)
at org.openqa.selenium.remote.RemoteWebDriver.findElement(RemoteWebDriver.java:319)
at com.cet.pagerepositery.AdditionalHouseHoldPage.tableGetHouseHoldMemberFirstName(AdditionalHouseHoldPage.java:62)
at com.cet.GPRTS_NextAdditionalHouseHold_Test.nextAdditionalHouseHoldMembersFirstName_GPRTSTest(GPRTS_NextAdditionalHouseHold_Test.java:64)
at java.util.ArrayList.forEach(Unknown Source)
... Removed 31 stack frames]]>
    </failure>
  </testcase> <!-- nextAdditionalHouseHoldMembersFirstName_GPRTSTest -->
  <testcase name="nextAdditionalHouseHoldMembersLastName_GPRTSTest" time="20.238" classname="com.cet.GPRTS_NextAdditionalHouseHold_Test">
    <failure type="org.openqa.selenium.NoSuchElementException" message="Unable to find element with xpath == (//table)[2]/tbody[2]/tr/td[3]
For documentation on this error, please visit: https://www.seleniumhq.org/exceptions/no_such_element.html
Build info: version: &amp;apos;4.0.0-alpha-3&amp;apos;, revision: &amp;apos;8c567de6dc&amp;apos;
System info: host: &amp;apos;LHTU05CG4472DYW&amp;apos;, ip: &amp;apos;10.99.6.50&amp;apos;, os.name: &amp;apos;Windows 10&amp;apos;, os.arch: &amp;apos;amd64&amp;apos;, os.version: &amp;apos;10.0&amp;apos;, java.version: &amp;apos;1.8.0_261&amp;apos;
Driver info: org.openqa.selenium.ie.InternetExplorerDriver
Capabilities {acceptInsecureCerts: false, browserName: internet explorer, browserVersion: 11, javascriptEnabled: true, pageLoadStrategy: normal, platform: WINDOWS, platformName: WINDOWS, proxy: Proxy(), se:ieOptions: {browserAttachTimeout: 0, elementScrollBehavior: 0, enablePersistentHover: false, ie.browserCommandLineSwitches: , ie.edgechromium: false, ie.edgepath: , ie.ensureCleanSession: false, ie.fileUploadDialogTimeout: 3000, ie.forceCreateProcessApi: false, ignoreProtectedModeSettings: true, ignoreZoomSetting: true, initialBrowserUrl: http://localhost:3903/, nativeEvents: false, requireWindowFocus: true}, setWindowRect: true, strictFileInteractability: false, timeouts: {implicit: 0, pageLoad: 300000, script: 30000}, unhandledPromptBehavior: dismiss and notify}
Session ID: a51546e9-06ff-48b2-8e13-9742006608fe
*** Element info: {Using=xpath, value=(//table)[2]/tbody[2]/tr/td[3]}">
      <![CDATA[org.openqa.selenium.NoSuchElementException: Unable to find element with xpath == (//table)[2]/tbody[2]/tr/td[3]
For documentation on this error, please visit: https://www.seleniumhq.org/exceptions/no_such_element.html
Build info: version: '4.0.0-alpha-3', revision: '8c567de6dc'
System info: host: 'LHTU05CG4472DYW', ip: '10.99.6.50', os.name: 'Windows 10', os.arch: 'amd64', os.version: '10.0', java.version: '1.8.0_261'
Driver info: org.openqa.selenium.ie.InternetExplorerDriver
Capabilities {acceptInsecureCerts: false, browserName: internet explorer, browserVersion: 11, javascriptEnabled: true, pageLoadStrategy: normal, platform: WINDOWS, platformName: WINDOWS, proxy: Proxy(), se:ieOptions: {browserAttachTimeout: 0, elementScrollBehavior: 0, enablePersistentHover: false, ie.browserCommandLineSwitches: , ie.edgechromium: false, ie.edgepath: , ie.ensureCleanSession: false, ie.fileUploadDialogTimeout: 3000, ie.forceCreateProcessApi: false, ignoreProtectedModeSettings: true, ignoreZoomSetting: true, initialBrowserUrl: http://localhost:3903/, nativeEvents: false, requireWindowFocus: true}, setWindowRect: true, strictFileInteractability: false, timeouts: {implicit: 0, pageLoad: 300000, script: 30000}, unhandledPromptBehavior: dismiss and notify}
Session ID: a51546e9-06ff-48b2-8e13-9742006608fe
*** Element info: {Using=xpath, value=(//table)[2]/tbody[2]/tr/td[3]}
at org.openqa.selenium.remote.codec.w3c.W3CHttpResponseCodec.createException(W3CHttpResponseCodec.java:191)
at org.openqa.selenium.remote.codec.w3c.W3CHttpResponseCodec.decode(W3CHttpResponseCodec.java:125)
at org.openqa.selenium.remote.codec.w3c.W3CHttpResponseCodec.decode(W3CHttpResponseCodec.java:52)
at org.openqa.selenium.remote.HttpCommandExecutor.execute(HttpCommandExecutor.java:161)
at org.openqa.selenium.remote.service.DriverCommandExecutor.execute(DriverCommandExecutor.java:83)
at org.openqa.selenium.remote.RemoteWebDriver.execute(RemoteWebDriver.java:576)
at org.openqa.selenium.remote.RemoteWebDriver.findElement(RemoteWebDriver.java:327)
at org.openqa.selenium.remote.RemoteWebDriver.findElementByXPath(RemoteWebDriver.java:445)
at org.openqa.selenium.By$ByXPath.findElement(By.java:396)
at org.openqa.selenium.remote.RemoteWebDriver.findElement(RemoteWebDriver.java:319)
at com.cet.pagerepositery.AdditionalHouseHoldPage.tableGetHouseHoldMemberLastName(AdditionalHouseHoldPage.java:68)
at com.cet.GPRTS_NextAdditionalHouseHold_Test.nextAdditionalHouseHoldMembersLastName_GPRTSTest(GPRTS_NextAdditionalHouseHold_Test.java:75)
at java.util.ArrayList.forEach(Unknown Source)
... Removed 31 stack frames]]>
    </failure>
  </testcase> <!-- nextAdditionalHouseHoldMembersLastName_GPRTSTest -->
</testsuite> <!-- GPRTS_AdditionalHouseHold-Test -->
