<html>
<head>
<title>TestNG:  GPRTS_AdditionalHouseHold-Test</title>
<link href="../testng.css" rel="stylesheet" type="text/css" />
<link href="../my-testng.css" rel="stylesheet" type="text/css" />

<style type="text/css">
.log { display: none;} 
.stack-trace { display: none;} 
</style>
<script type="text/javascript">
<!--
function flip(e) {
  current = e.style.display;
  if (current == 'block') {
    e.style.display = 'none';
    return 0;
  }
  else {
    e.style.display = 'block';
    return 1;
  }
}

function toggleBox(szDivId, elem, msg1, msg2)
{
  var res = -1;  if (document.getElementById) {
    res = flip(document.getElementById(szDivId));
  }
  else if (document.all) {
    // this is the way old msie versions work
    res = flip(document.all[szDivId]);
  }
  if(elem) {
    if(res == 0) elem.innerHTML = msg1; else elem.innerHTML = msg2;
  }

}

function toggleAllBoxes() {
  if (document.getElementsByTagName) {
    d = document.getElementsByTagName('div');
    for (i = 0; i < d.length; i++) {
      if (d[i].className == 'log') {
        flip(d[i]);
      }
    }
  }
}

// -->
</script>

</head>
<body>
<h2 align='center'>GPRTS_AdditionalHouseHold-Test</h2><table border='1' align="center">
<tr>
<td>Tests passed/Failed/Skipped:</td><td>11/4/0</td>
</tr><tr>
<td>Started on:</td><td>Sun Dec 13 23:09:24 IST 2020</td>
</tr>
<tr><td>Total time:</td><td>269 seconds (269205 ms)</td>
</tr><tr>
<td>Included groups:</td><td></td>
</tr><tr>
<td>Excluded groups:</td><td></td>
</tr>
</table><p/>
<small><i>(Hover the method name to see the test class name)</i></small><p/>
<table width='100%' border='1' class='invocation-failed'>
<tr><td colspan='4' align='center'><b>FAILED TESTS</b></td></tr>
<tr><td><b>Test method</b></td>
<td width="30%"><b>Exception</b></td>
<td width="10%"><b>Time (seconds)</b></td>
<td><b>Instance</b></td>
</tr>
<tr>
<td title='com.cet.phd.PhdUserAdminAddNewUser_Test.addNewUserEmailIDDB_Test()'><b>addNewUserEmailIDDB_Test</b><br>Test class: com.cet.phd.PhdUserAdminAddNewUser_Test</td>
<td><div><pre>java.lang.AssertionError: Failed:EmailID DB Value mismatched - Add User expected [] but found [kishork@optum.com]
	at com.cet.phd.PhdUserAdminAddNewUser_Test.addNewUserEmailIDDB_Test(PhdUserAdminAddNewUser_Test.java:102)
	at java.util.ArrayList.forEach(Unknown Source)
... Removed 31 stack frames</pre></div><a href='#' onClick='toggleBox("stack-trace1233049719", this, "Click to show all stack frames", "Click to hide stack frames")'>Click to show all stack frames</a>
<div class='stack-trace' id='stack-trace1233049719'><pre>java.lang.AssertionError: Failed:EmailID DB Value mismatched - Add User expected [] but found [kishork@optum.com]
	at org.testng.Assert.fail(Assert.java:97)
	at org.testng.Assert.assertEqualsImpl(Assert.java:136)
	at org.testng.Assert.assertEquals(Assert.java:118)
	at org.testng.Assert.assertEquals(Assert.java:575)
	at com.cet.phd.PhdUserAdminAddNewUser_Test.addNewUserEmailIDDB_Test(PhdUserAdminAddNewUser_Test.java:102)
	at sun.reflect.NativeMethodAccessorImpl.invoke0(Native Method)
	at sun.reflect.NativeMethodAccessorImpl.invoke(Unknown Source)
	at sun.reflect.DelegatingMethodAccessorImpl.invoke(Unknown Source)
	at java.lang.reflect.Method.invoke(Unknown Source)
	at org.testng.internal.MethodInvocationHelper.invokeMethod(MethodInvocationHelper.java:133)
	at org.testng.internal.TestInvoker.invokeMethod(TestInvoker.java:584)
	at org.testng.internal.TestInvoker.invokeTestMethod(TestInvoker.java:172)
	at org.testng.internal.MethodRunner.runInSequence(MethodRunner.java:46)
	at org.testng.internal.TestInvoker$MethodInvocationAgent.invoke(TestInvoker.java:804)
	at org.testng.internal.TestInvoker.invokeTestMethods(TestInvoker.java:145)
	at org.testng.internal.TestMethodWorker.invokeTestMethods(TestMethodWorker.java:146)
	at org.testng.internal.TestMethodWorker.run(TestMethodWorker.java:128)
	at java.util.ArrayList.forEach(Unknown Source)
	at org.testng.TestRunner.privateRun(TestRunner.java:770)
	at org.testng.TestRunner.run(TestRunner.java:591)
	at org.testng.SuiteRunner.runTest(SuiteRunner.java:402)
	at org.testng.SuiteRunner.runSequentially(SuiteRunner.java:396)
	at org.testng.SuiteRunner.privateRun(SuiteRunner.java:355)
	at org.testng.SuiteRunner.run(SuiteRunner.java:304)
	at org.testng.SuiteRunnerWorker.runSuite(SuiteRunnerWorker.java:53)
	at org.testng.SuiteRunnerWorker.run(SuiteRunnerWorker.java:96)
	at org.testng.TestNG.runSuitesSequentially(TestNG.java:1180)
	at org.testng.TestNG.runSuitesLocally(TestNG.java:1102)
	at org.testng.TestNG.runSuites(TestNG.java:1032)
	at org.testng.TestNG.run(TestNG.java:1000)
	at org.testng.remote.AbstractRemoteTestNG.run(AbstractRemoteTestNG.java:115)
	at org.testng.remote.RemoteTestNG.initAndRun(RemoteTestNG.java:251)
	at org.testng.remote.RemoteTestNG.main(RemoteTestNG.java:77)
</pre></div></td>
<td>1</td>
<td>com.cet.phd.PhdUserAdminAddNewUser_Test@6edcd0d8</td></tr>
<tr>
<td title='com.cet.phd.PhdUserAdminAddNewUser_Test.addNewUserManagerDB_Test()'><b>addNewUserManagerDB_Test</b><br>Test class: com.cet.phd.PhdUserAdminAddNewUser_Test</td>
<td><div><pre>java.lang.AssertionError: Failed:Manager DB Value mismatched - Add User expected [ ] but found [Wajhi Ahmed]
	at com.cet.phd.PhdUserAdminAddNewUser_Test.addNewUserManagerDB_Test(PhdUserAdminAddNewUser_Test.java:120)
	at java.util.ArrayList.forEach(Unknown Source)
... Removed 31 stack frames</pre></div><a href='#' onClick='toggleBox("stack-trace797724590", this, "Click to show all stack frames", "Click to hide stack frames")'>Click to show all stack frames</a>
<div class='stack-trace' id='stack-trace797724590'><pre>java.lang.AssertionError: Failed:Manager DB Value mismatched - Add User expected [ ] but found [Wajhi Ahmed]
	at org.testng.Assert.fail(Assert.java:97)
	at org.testng.Assert.assertEqualsImpl(Assert.java:136)
	at org.testng.Assert.assertEquals(Assert.java:118)
	at org.testng.Assert.assertEquals(Assert.java:575)
	at com.cet.phd.PhdUserAdminAddNewUser_Test.addNewUserManagerDB_Test(PhdUserAdminAddNewUser_Test.java:120)
	at sun.reflect.NativeMethodAccessorImpl.invoke0(Native Method)
	at sun.reflect.NativeMethodAccessorImpl.invoke(Unknown Source)
	at sun.reflect.DelegatingMethodAccessorImpl.invoke(Unknown Source)
	at java.lang.reflect.Method.invoke(Unknown Source)
	at org.testng.internal.MethodInvocationHelper.invokeMethod(MethodInvocationHelper.java:133)
	at org.testng.internal.TestInvoker.invokeMethod(TestInvoker.java:584)
	at org.testng.internal.TestInvoker.invokeTestMethod(TestInvoker.java:172)
	at org.testng.internal.MethodRunner.runInSequence(MethodRunner.java:46)
	at org.testng.internal.TestInvoker$MethodInvocationAgent.invoke(TestInvoker.java:804)
	at org.testng.internal.TestInvoker.invokeTestMethods(TestInvoker.java:145)
	at org.testng.internal.TestMethodWorker.invokeTestMethods(TestMethodWorker.java:146)
	at org.testng.internal.TestMethodWorker.run(TestMethodWorker.java:128)
	at java.util.ArrayList.forEach(Unknown Source)
	at org.testng.TestRunner.privateRun(TestRunner.java:770)
	at org.testng.TestRunner.run(TestRunner.java:591)
	at org.testng.SuiteRunner.runTest(SuiteRunner.java:402)
	at org.testng.SuiteRunner.runSequentially(SuiteRunner.java:396)
	at org.testng.SuiteRunner.privateRun(SuiteRunner.java:355)
	at org.testng.SuiteRunner.run(SuiteRunner.java:304)
	at org.testng.SuiteRunnerWorker.runSuite(SuiteRunnerWorker.java:53)
	at org.testng.SuiteRunnerWorker.run(SuiteRunnerWorker.java:96)
	at org.testng.TestNG.runSuitesSequentially(TestNG.java:1180)
	at org.testng.TestNG.runSuitesLocally(TestNG.java:1102)
	at org.testng.TestNG.runSuites(TestNG.java:1032)
	at org.testng.TestNG.run(TestNG.java:1000)
	at org.testng.remote.AbstractRemoteTestNG.run(AbstractRemoteTestNG.java:115)
	at org.testng.remote.RemoteTestNG.initAndRun(RemoteTestNG.java:251)
	at org.testng.remote.RemoteTestNG.main(RemoteTestNG.java:77)
</pre></div></td>
<td>1</td>
<td>com.cet.phd.PhdUserAdminAddNewUser_Test@6edcd0d8</td></tr>
<tr>
<td title='com.cet.phd.PhdSearch_Test.dialingMethodSearch_PHD_DefaultTest()'><b>dialingMethodSearch_PHD_DefaultTest</b><br>Test class: com.cet.phd.PhdSearch_Test</td>
<td><div><pre>java.lang.AssertionError: Failed-Default Dialing Method value is Varied! expected [Manual] but found [Select]
	at com.cet.phd.PhdSearch_Test.dialingMethodSearch_PHD_DefaultTest(PhdSearch_Test.java:166)
	at java.util.ArrayList.forEach(Unknown Source)
... Removed 31 stack frames</pre></div><a href='#' onClick='toggleBox("stack-trace588356547", this, "Click to show all stack frames", "Click to hide stack frames")'>Click to show all stack frames</a>
<div class='stack-trace' id='stack-trace588356547'><pre>java.lang.AssertionError: Failed-Default Dialing Method value is Varied! expected [Manual] but found [Select]
	at org.testng.Assert.fail(Assert.java:97)
	at org.testng.Assert.assertEqualsImpl(Assert.java:136)
	at org.testng.Assert.assertEquals(Assert.java:118)
	at org.testng.Assert.assertEquals(Assert.java:575)
	at com.cet.phd.PhdSearch_Test.dialingMethodSearch_PHD_DefaultTest(PhdSearch_Test.java:166)
	at sun.reflect.NativeMethodAccessorImpl.invoke0(Native Method)
	at sun.reflect.NativeMethodAccessorImpl.invoke(Unknown Source)
	at sun.reflect.DelegatingMethodAccessorImpl.invoke(Unknown Source)
	at java.lang.reflect.Method.invoke(Unknown Source)
	at org.testng.internal.MethodInvocationHelper.invokeMethod(MethodInvocationHelper.java:133)
	at org.testng.internal.TestInvoker.invokeMethod(TestInvoker.java:584)
	at org.testng.internal.TestInvoker.invokeTestMethod(TestInvoker.java:172)
	at org.testng.internal.MethodRunner.runInSequence(MethodRunner.java:46)
	at org.testng.internal.TestInvoker$MethodInvocationAgent.invoke(TestInvoker.java:804)
	at org.testng.internal.TestInvoker.invokeTestMethods(TestInvoker.java:145)
	at org.testng.internal.TestMethodWorker.invokeTestMethods(TestMethodWorker.java:146)
	at org.testng.internal.TestMethodWorker.run(TestMethodWorker.java:128)
	at java.util.ArrayList.forEach(Unknown Source)
	at org.testng.TestRunner.privateRun(TestRunner.java:770)
	at org.testng.TestRunner.run(TestRunner.java:591)
	at org.testng.SuiteRunner.runTest(SuiteRunner.java:402)
	at org.testng.SuiteRunner.runSequentially(SuiteRunner.java:396)
	at org.testng.SuiteRunner.privateRun(SuiteRunner.java:355)
	at org.testng.SuiteRunner.run(SuiteRunner.java:304)
	at org.testng.SuiteRunnerWorker.runSuite(SuiteRunnerWorker.java:53)
	at org.testng.SuiteRunnerWorker.run(SuiteRunnerWorker.java:96)
	at org.testng.TestNG.runSuitesSequentially(TestNG.java:1180)
	at org.testng.TestNG.runSuitesLocally(TestNG.java:1102)
	at org.testng.TestNG.runSuites(TestNG.java:1032)
	at org.testng.TestNG.run(TestNG.java:1000)
	at org.testng.remote.AbstractRemoteTestNG.run(AbstractRemoteTestNG.java:115)
	at org.testng.remote.RemoteTestNG.initAndRun(RemoteTestNG.java:251)
	at org.testng.remote.RemoteTestNG.main(RemoteTestNG.java:77)
</pre></div></td>
<td>1</td>
<td>com.cet.phd.PhdSearch_Test@1931d99</td></tr>
<tr>
<td title='com.cet.GPRTS_NextAdditionalHouseHold_Test.nextAdditionalHouseHoldMembersFirstName_GPRTSTest()'><b>nextAdditionalHouseHoldMembersFirstName_GPRTSTest</b><br>Test class: com.cet.GPRTS_NextAdditionalHouseHold_Test</td>
<td><div><pre>org.openqa.selenium.NoSuchElementException: Unable to find element with xpath == (//table)[2]/tbody[1]/tr/td[2]
For documentation on this error, please visit: https://www.seleniumhq.org/exceptions/no_such_element.html
Build info: version: &apos;4.0.0-alpha-3&apos;, revision: &apos;8c567de6dc&apos;
System info: host: &apos;LHTU05CG4472DYW&apos;, ip: &apos;10.99.6.50&apos;, os.name: &apos;Windows 10&apos;, os.arch: &apos;amd64&apos;, os.version: &apos;10.0&apos;, java.version: &apos;1.8.0_261&apos;
Driver info: org.openqa.selenium.ie.InternetExplorerDriver
Capabilities {acceptInsecureCerts: false, browserName: internet explorer, browserVersion: 11, javascriptEnabled: true, pageLoadStrategy: normal, platform: WINDOWS, platformName: WINDOWS, proxy: Proxy(), se:ieOptions: {browserAttachTimeout: 0, elementScrollBehavior: 0, enablePersistentHover: false, ie.browserCommandLineSwitches: , ie.edgechromium: false, ie.edgepath: , ie.ensureCleanSession: false, ie.fileUploadDialogTimeout: 3000, ie.forceCreateProcessApi: false, ignoreProtectedModeSettings: true, ignoreZoomSetting: true, initialBrowserUrl: http://localhost:3903/, nativeEvents: false, requireWindowFocus: true}, setWindowRect: true, strictFileInteractability: false, timeouts: {implicit: 0, pageLoad: 300000, script: 30000}, unhandledPromptBehavior: dismiss and notify}
Session ID: a51546e9-06ff-48b2-8e13-9742006608fe
*** Element info: {Using=xpath, value=(//table)[2]/tbody[1]/tr/td[2]}
	at org.openqa.selenium.remote.codec.w3c.W3CHttpResponseCodec.createException(W3CHttpResponseCodec.java:191)
	at org.openqa.selenium.remote.codec.w3c.W3CHttpResponseCodec.decode(W3CHttpResponseCodec.java:125)
	at org.openqa.selenium.remote.codec.w3c.W3CHttpResponseCodec.decode(W3CHttpResponseCodec.java:52)
	at org.openqa.selenium.remote.HttpCommandExecutor.execute(HttpCommandExecutor.java:161)
	at org.openqa.selenium.remote.service.DriverCommandExecutor.execute(DriverCommandExecutor.java:83)
	at org.openqa.selenium.remote.RemoteWebDriver.execute(RemoteWebDriver.java:576)
	at org.openqa.selenium.remote.RemoteWebDriver.findElement(RemoteWebDriver.java:327)
	at org.openqa.selenium.remote.RemoteWebDriver.findElementByXPath(RemoteWebDriver.java:445)
	at org.openqa.selenium.By$ByXPath.findElement(By.java:396)
	at org.openqa.selenium.remote.RemoteWebDriver.findElement(RemoteWebDriver.java:319)
	at com.cet.pagerepositery.AdditionalHouseHoldPage.tableGetHouseHoldMemberFirstName(AdditionalHouseHoldPage.java:62)
	at com.cet.GPRTS_NextAdditionalHouseHold_Test.nextAdditionalHouseHoldMembersFirstName_GPRTSTest(GPRTS_NextAdditionalHouseHold_Test.java:64)
	at java.util.ArrayList.forEach(Unknown Source)
... Removed 31 stack frames</pre></div><a href='#' onClick='toggleBox("stack-trace25605595", this, "Click to show all stack frames", "Click to hide stack frames")'>Click to show all stack frames</a>
<div class='stack-trace' id='stack-trace25605595'><pre>org.openqa.selenium.NoSuchElementException: Unable to find element with xpath == (//table)[2]/tbody[1]/tr/td[2]
For documentation on this error, please visit: https://www.seleniumhq.org/exceptions/no_such_element.html
Build info: version: &apos;4.0.0-alpha-3&apos;, revision: &apos;8c567de6dc&apos;
System info: host: &apos;LHTU05CG4472DYW&apos;, ip: &apos;10.99.6.50&apos;, os.name: &apos;Windows 10&apos;, os.arch: &apos;amd64&apos;, os.version: &apos;10.0&apos;, java.version: &apos;1.8.0_261&apos;
Driver info: org.openqa.selenium.ie.InternetExplorerDriver
Capabilities {acceptInsecureCerts: false, browserName: internet explorer, browserVersion: 11, javascriptEnabled: true, pageLoadStrategy: normal, platform: WINDOWS, platformName: WINDOWS, proxy: Proxy(), se:ieOptions: {browserAttachTimeout: 0, elementScrollBehavior: 0, enablePersistentHover: false, ie.browserCommandLineSwitches: , ie.edgechromium: false, ie.edgepath: , ie.ensureCleanSession: false, ie.fileUploadDialogTimeout: 3000, ie.forceCreateProcessApi: false, ignoreProtectedModeSettings: true, ignoreZoomSetting: true, initialBrowserUrl: http://localhost:3903/, nativeEvents: false, requireWindowFocus: true}, setWindowRect: true, strictFileInteractability: false, timeouts: {implicit: 0, pageLoad: 300000, script: 30000}, unhandledPromptBehavior: dismiss and notify}
Session ID: a51546e9-06ff-48b2-8e13-9742006608fe
*** Element info: {Using=xpath, value=(//table)[2]/tbody[1]/tr/td[2]}
	at sun.reflect.NativeConstructorAccessorImpl.newInstance0(Native Method)
	at sun.reflect.NativeConstructorAccessorImpl.newInstance(Unknown Source)
	at sun.reflect.DelegatingConstructorAccessorImpl.newInstance(Unknown Source)
	at java.lang.reflect.Constructor.newInstance(Unknown Source)
	at org.openqa.selenium.remote.codec.w3c.W3CHttpResponseCodec.createException(W3CHttpResponseCodec.java:191)
	at org.openqa.selenium.remote.codec.w3c.W3CHttpResponseCodec.decode(W3CHttpResponseCodec.java:125)
	at org.openqa.selenium.remote.codec.w3c.W3CHttpResponseCodec.decode(W3CHttpResponseCodec.java:52)
	at org.openqa.selenium.remote.HttpCommandExecutor.execute(HttpCommandExecutor.java:161)
	at org.openqa.selenium.remote.service.DriverCommandExecutor.execute(DriverCommandExecutor.java:83)
	at org.openqa.selenium.remote.RemoteWebDriver.execute(RemoteWebDriver.java:576)
	at org.openqa.selenium.remote.RemoteWebDriver.findElement(RemoteWebDriver.java:327)
	at org.openqa.selenium.remote.RemoteWebDriver.findElementByXPath(RemoteWebDriver.java:445)
	at org.openqa.selenium.By$ByXPath.findElement(By.java:396)
	at org.openqa.selenium.remote.RemoteWebDriver.findElement(RemoteWebDriver.java:319)
	at com.cet.pagerepositery.AdditionalHouseHoldPage.tableGetHouseHoldMemberFirstName(AdditionalHouseHoldPage.java:62)
	at com.cet.GPRTS_NextAdditionalHouseHold_Test.nextAdditionalHouseHoldMembersFirstName_GPRTSTest(GPRTS_NextAdditionalHouseHold_Test.java:64)
	at sun.reflect.NativeMethodAccessorImpl.invoke0(Native Method)
	at sun.reflect.NativeMethodAccessorImpl.invoke(Unknown Source)
	at sun.reflect.DelegatingMethodAccessorImpl.invoke(Unknown Source)
	at java.lang.reflect.Method.invoke(Unknown Source)
	at org.testng.internal.MethodInvocationHelper.invokeMethod(MethodInvocationHelper.java:133)
	at org.testng.internal.TestInvoker.invokeMethod(TestInvoker.java:584)
	at org.testng.internal.TestInvoker.invokeTestMethod(TestInvoker.java:172)
	at org.testng.internal.MethodRunner.runInSequence(MethodRunner.java:46)
	at org.testng.internal.TestInvoker$MethodInvocationAgent.invoke(TestInvoker.java:804)
	at org.testng.internal.TestInvoker.invokeTestMethods(TestInvoker.java:145)
	at org.testng.internal.TestMethodWorker.invokeTestMethods(TestMethodWorker.java:146)
	at org.testng.internal.TestMethodWorker.run(TestMethodWorker.java:128)
	at java.util.ArrayList.forEach(Unknown Source)
	at org.testng.TestRunner.privateRun(TestRunner.java:770)
	at org.testng.TestRunner.run(TestRunner.java:591)
	at org.testng.SuiteRunner.runTest(SuiteRunner.java:402)
	at org.testng.SuiteRunner.runSequentially(SuiteRunner.java:396)
	at org.testng.SuiteRunner.privateRun(SuiteRunner.java:355)
	at org.testng.SuiteRunner.run(SuiteRunner.java:304)
	at org.testng.SuiteRunnerWorker.runSuite(SuiteRunnerWorker.java:53)
	at org.testng.SuiteRunnerWorker.run(SuiteRunnerWorker.java:96)
	at org.testng.TestNG.runSuitesSequentially(TestNG.java:1180)
	at org.testng.TestNG.runSuitesLocally(TestNG.java:1102)
	at org.testng.TestNG.runSuites(TestNG.java:1032)
	at org.testng.TestNG.run(TestNG.java:1000)
	at org.testng.remote.AbstractRemoteTestNG.run(AbstractRemoteTestNG.java:115)
	at org.testng.remote.RemoteTestNG.initAndRun(RemoteTestNG.java:251)
	at org.testng.remote.RemoteTestNG.main(RemoteTestNG.java:77)
</pre></div></td>
<td>20</td>
<td>com.cet.GPRTS_NextAdditionalHouseHold_Test@592238c5</td></tr>
<tr>
<td title='com.cet.GPRTS_NextAdditionalHouseHold_Test.nextAdditionalHouseHoldMembersFirstName_GPRTSTest()'><b>nextAdditionalHouseHoldMembersFirstName_GPRTSTest</b><br>Test class: com.cet.GPRTS_NextAdditionalHouseHold_Test</td>
<td><div><pre>org.openqa.selenium.NoSuchElementException: Unable to find element with xpath == (//table)[2]/tbody[2]/tr/td[2]
For documentation on this error, please visit: https://www.seleniumhq.org/exceptions/no_such_element.html
Build info: version: &apos;4.0.0-alpha-3&apos;, revision: &apos;8c567de6dc&apos;
System info: host: &apos;LHTU05CG4472DYW&apos;, ip: &apos;10.99.6.50&apos;, os.name: &apos;Windows 10&apos;, os.arch: &apos;amd64&apos;, os.version: &apos;10.0&apos;, java.version: &apos;1.8.0_261&apos;
Driver info: org.openqa.selenium.ie.InternetExplorerDriver
Capabilities {acceptInsecureCerts: false, browserName: internet explorer, browserVersion: 11, javascriptEnabled: true, pageLoadStrategy: normal, platform: WINDOWS, platformName: WINDOWS, proxy: Proxy(), se:ieOptions: {browserAttachTimeout: 0, elementScrollBehavior: 0, enablePersistentHover: false, ie.browserCommandLineSwitches: , ie.edgechromium: false, ie.edgepath: , ie.ensureCleanSession: false, ie.fileUploadDialogTimeout: 3000, ie.forceCreateProcessApi: false, ignoreProtectedModeSettings: true, ignoreZoomSetting: true, initialBrowserUrl: http://localhost:3903/, nativeEvents: false, requireWindowFocus: true}, setWindowRect: true, strictFileInteractability: false, timeouts: {implicit: 0, pageLoad: 300000, script: 30000}, unhandledPromptBehavior: dismiss and notify}
Session ID: a51546e9-06ff-48b2-8e13-9742006608fe
*** Element info: {Using=xpath, value=(//table)[2]/tbody[2]/tr/td[2]}
	at org.openqa.selenium.remote.codec.w3c.W3CHttpResponseCodec.createException(W3CHttpResponseCodec.java:191)
	at org.openqa.selenium.remote.codec.w3c.W3CHttpResponseCodec.decode(W3CHttpResponseCodec.java:125)
	at org.openqa.selenium.remote.codec.w3c.W3CHttpResponseCodec.decode(W3CHttpResponseCodec.java:52)
	at org.openqa.selenium.remote.HttpCommandExecutor.execute(HttpCommandExecutor.java:161)
	at org.openqa.selenium.remote.service.DriverCommandExecutor.execute(DriverCommandExecutor.java:83)
	at org.openqa.selenium.remote.RemoteWebDriver.execute(RemoteWebDriver.java:576)
	at org.openqa.selenium.remote.RemoteWebDriver.findElement(RemoteWebDriver.java:327)
	at org.openqa.selenium.remote.RemoteWebDriver.findElementByXPath(RemoteWebDriver.java:445)
	at org.openqa.selenium.By$ByXPath.findElement(By.java:396)
	at org.openqa.selenium.remote.RemoteWebDriver.findElement(RemoteWebDriver.java:319)
	at com.cet.pagerepositery.AdditionalHouseHoldPage.tableGetHouseHoldMemberFirstName(AdditionalHouseHoldPage.java:62)
	at com.cet.GPRTS_NextAdditionalHouseHold_Test.nextAdditionalHouseHoldMembersFirstName_GPRTSTest(GPRTS_NextAdditionalHouseHold_Test.java:64)
	at java.util.ArrayList.forEach(Unknown Source)
... Removed 31 stack frames</pre></div><a href='#' onClick='toggleBox("stack-trace889274961", this, "Click to show all stack frames", "Click to hide stack frames")'>Click to show all stack frames</a>
<div class='stack-trace' id='stack-trace889274961'><pre>org.openqa.selenium.NoSuchElementException: Unable to find element with xpath == (//table)[2]/tbody[2]/tr/td[2]
For documentation on this error, please visit: https://www.seleniumhq.org/exceptions/no_such_element.html
Build info: version: &apos;4.0.0-alpha-3&apos;, revision: &apos;8c567de6dc&apos;
System info: host: &apos;LHTU05CG4472DYW&apos;, ip: &apos;10.99.6.50&apos;, os.name: &apos;Windows 10&apos;, os.arch: &apos;amd64&apos;, os.version: &apos;10.0&apos;, java.version: &apos;1.8.0_261&apos;
Driver info: org.openqa.selenium.ie.InternetExplorerDriver
Capabilities {acceptInsecureCerts: false, browserName: internet explorer, browserVersion: 11, javascriptEnabled: true, pageLoadStrategy: normal, platform: WINDOWS, platformName: WINDOWS, proxy: Proxy(), se:ieOptions: {browserAttachTimeout: 0, elementScrollBehavior: 0, enablePersistentHover: false, ie.browserCommandLineSwitches: , ie.edgechromium: false, ie.edgepath: , ie.ensureCleanSession: false, ie.fileUploadDialogTimeout: 3000, ie.forceCreateProcessApi: false, ignoreProtectedModeSettings: true, ignoreZoomSetting: true, initialBrowserUrl: http://localhost:3903/, nativeEvents: false, requireWindowFocus: true}, setWindowRect: true, strictFileInteractability: false, timeouts: {implicit: 0, pageLoad: 300000, script: 30000}, unhandledPromptBehavior: dismiss and notify}
Session ID: a51546e9-06ff-48b2-8e13-9742006608fe
*** Element info: {Using=xpath, value=(//table)[2]/tbody[2]/tr/td[2]}
	at sun.reflect.NativeConstructorAccessorImpl.newInstance0(Native Method)
	at sun.reflect.NativeConstructorAccessorImpl.newInstance(Unknown Source)
	at sun.reflect.DelegatingConstructorAccessorImpl.newInstance(Unknown Source)
	at java.lang.reflect.Constructor.newInstance(Unknown Source)
	at org.openqa.selenium.remote.codec.w3c.W3CHttpResponseCodec.createException(W3CHttpResponseCodec.java:191)
	at org.openqa.selenium.remote.codec.w3c.W3CHttpResponseCodec.decode(W3CHttpResponseCodec.java:125)
	at org.openqa.selenium.remote.codec.w3c.W3CHttpResponseCodec.decode(W3CHttpResponseCodec.java:52)
	at org.openqa.selenium.remote.HttpCommandExecutor.execute(HttpCommandExecutor.java:161)
	at org.openqa.selenium.remote.service.DriverCommandExecutor.execute(DriverCommandExecutor.java:83)
	at org.openqa.selenium.remote.RemoteWebDriver.execute(RemoteWebDriver.java:576)
	at org.openqa.selenium.remote.RemoteWebDriver.findElement(RemoteWebDriver.java:327)
	at org.openqa.selenium.remote.RemoteWebDriver.findElementByXPath(RemoteWebDriver.java:445)
	at org.openqa.selenium.By$ByXPath.findElement(By.java:396)
	at org.openqa.selenium.remote.RemoteWebDriver.findElement(RemoteWebDriver.java:319)
	at com.cet.pagerepositery.AdditionalHouseHoldPage.tableGetHouseHoldMemberFirstName(AdditionalHouseHoldPage.java:62)
	at com.cet.GPRTS_NextAdditionalHouseHold_Test.nextAdditionalHouseHoldMembersFirstName_GPRTSTest(GPRTS_NextAdditionalHouseHold_Test.java:64)
	at sun.reflect.NativeMethodAccessorImpl.invoke0(Native Method)
	at sun.reflect.NativeMethodAccessorImpl.invoke(Unknown Source)
	at sun.reflect.DelegatingMethodAccessorImpl.invoke(Unknown Source)
	at java.lang.reflect.Method.invoke(Unknown Source)
	at org.testng.internal.MethodInvocationHelper.invokeMethod(MethodInvocationHelper.java:133)
	at org.testng.internal.TestInvoker.invokeMethod(TestInvoker.java:584)
	at org.testng.internal.TestInvoker.invokeTestMethod(TestInvoker.java:172)
	at org.testng.internal.MethodRunner.runInSequence(MethodRunner.java:46)
	at org.testng.internal.TestInvoker$MethodInvocationAgent.invoke(TestInvoker.java:804)
	at org.testng.internal.TestInvoker.invokeTestMethods(TestInvoker.java:145)
	at org.testng.internal.TestMethodWorker.invokeTestMethods(TestMethodWorker.java:146)
	at org.testng.internal.TestMethodWorker.run(TestMethodWorker.java:128)
	at java.util.ArrayList.forEach(Unknown Source)
	at org.testng.TestRunner.privateRun(TestRunner.java:770)
	at org.testng.TestRunner.run(TestRunner.java:591)
	at org.testng.SuiteRunner.runTest(SuiteRunner.java:402)
	at org.testng.SuiteRunner.runSequentially(SuiteRunner.java:396)
	at org.testng.SuiteRunner.privateRun(SuiteRunner.java:355)
	at org.testng.SuiteRunner.run(SuiteRunner.java:304)
	at org.testng.SuiteRunnerWorker.runSuite(SuiteRunnerWorker.java:53)
	at org.testng.SuiteRunnerWorker.run(SuiteRunnerWorker.java:96)
	at org.testng.TestNG.runSuitesSequentially(TestNG.java:1180)
	at org.testng.TestNG.runSuitesLocally(TestNG.java:1102)
	at org.testng.TestNG.runSuites(TestNG.java:1032)
	at org.testng.TestNG.run(TestNG.java:1000)
	at org.testng.remote.AbstractRemoteTestNG.run(AbstractRemoteTestNG.java:115)
	at org.testng.remote.RemoteTestNG.initAndRun(RemoteTestNG.java:251)
	at org.testng.remote.RemoteTestNG.main(RemoteTestNG.java:77)
</pre></div></td>
<td>20</td>
<td>com.cet.GPRTS_NextAdditionalHouseHold_Test@6ee8dcd3</td></tr>
<tr>
<td title='com.cet.GPRTS_NextAdditionalHouseHold_Test.nextAdditionalHouseHoldMembersLastName_GPRTSTest()'><b>nextAdditionalHouseHoldMembersLastName_GPRTSTest</b><br>Test class: com.cet.GPRTS_NextAdditionalHouseHold_Test</td>
<td><div><pre>org.openqa.selenium.NoSuchElementException: Unable to find element with xpath == (//table)[2]/tbody[1]/tr/td[3]
For documentation on this error, please visit: https://www.seleniumhq.org/exceptions/no_such_element.html
Build info: version: &apos;4.0.0-alpha-3&apos;, revision: &apos;8c567de6dc&apos;
System info: host: &apos;LHTU05CG4472DYW&apos;, ip: &apos;10.99.6.50&apos;, os.name: &apos;Windows 10&apos;, os.arch: &apos;amd64&apos;, os.version: &apos;10.0&apos;, java.version: &apos;1.8.0_261&apos;
Driver info: org.openqa.selenium.ie.InternetExplorerDriver
Capabilities {acceptInsecureCerts: false, browserName: internet explorer, browserVersion: 11, javascriptEnabled: true, pageLoadStrategy: normal, platform: WINDOWS, platformName: WINDOWS, proxy: Proxy(), se:ieOptions: {browserAttachTimeout: 0, elementScrollBehavior: 0, enablePersistentHover: false, ie.browserCommandLineSwitches: , ie.edgechromium: false, ie.edgepath: , ie.ensureCleanSession: false, ie.fileUploadDialogTimeout: 3000, ie.forceCreateProcessApi: false, ignoreProtectedModeSettings: true, ignoreZoomSetting: true, initialBrowserUrl: http://localhost:3903/, nativeEvents: false, requireWindowFocus: true}, setWindowRect: true, strictFileInteractability: false, timeouts: {implicit: 0, pageLoad: 300000, script: 30000}, unhandledPromptBehavior: dismiss and notify}
Session ID: a51546e9-06ff-48b2-8e13-9742006608fe
*** Element info: {Using=xpath, value=(//table)[2]/tbody[1]/tr/td[3]}
	at org.openqa.selenium.remote.codec.w3c.W3CHttpResponseCodec.createException(W3CHttpResponseCodec.java:191)
	at org.openqa.selenium.remote.codec.w3c.W3CHttpResponseCodec.decode(W3CHttpResponseCodec.java:125)
	at org.openqa.selenium.remote.codec.w3c.W3CHttpResponseCodec.decode(W3CHttpResponseCodec.java:52)
	at org.openqa.selenium.remote.HttpCommandExecutor.execute(HttpCommandExecutor.java:161)
	at org.openqa.selenium.remote.service.DriverCommandExecutor.execute(DriverCommandExecutor.java:83)
	at org.openqa.selenium.remote.RemoteWebDriver.execute(RemoteWebDriver.java:576)
	at org.openqa.selenium.remote.RemoteWebDriver.findElement(RemoteWebDriver.java:327)
	at org.openqa.selenium.remote.RemoteWebDriver.findElementByXPath(RemoteWebDriver.java:445)
	at org.openqa.selenium.By$ByXPath.findElement(By.java:396)
	at org.openqa.selenium.remote.RemoteWebDriver.findElement(RemoteWebDriver.java:319)
	at com.cet.pagerepositery.AdditionalHouseHoldPage.tableGetHouseHoldMemberLastName(AdditionalHouseHoldPage.java:68)
	at com.cet.GPRTS_NextAdditionalHouseHold_Test.nextAdditionalHouseHoldMembersLastName_GPRTSTest(GPRTS_NextAdditionalHouseHold_Test.java:75)
	at java.util.ArrayList.forEach(Unknown Source)
... Removed 31 stack frames</pre></div><a href='#' onClick='toggleBox("stack-trace971072579", this, "Click to show all stack frames", "Click to hide stack frames")'>Click to show all stack frames</a>
<div class='stack-trace' id='stack-trace971072579'><pre>org.openqa.selenium.NoSuchElementException: Unable to find element with xpath == (//table)[2]/tbody[1]/tr/td[3]
For documentation on this error, please visit: https://www.seleniumhq.org/exceptions/no_such_element.html
Build info: version: &apos;4.0.0-alpha-3&apos;, revision: &apos;8c567de6dc&apos;
System info: host: &apos;LHTU05CG4472DYW&apos;, ip: &apos;10.99.6.50&apos;, os.name: &apos;Windows 10&apos;, os.arch: &apos;amd64&apos;, os.version: &apos;10.0&apos;, java.version: &apos;1.8.0_261&apos;
Driver info: org.openqa.selenium.ie.InternetExplorerDriver
Capabilities {acceptInsecureCerts: false, browserName: internet explorer, browserVersion: 11, javascriptEnabled: true, pageLoadStrategy: normal, platform: WINDOWS, platformName: WINDOWS, proxy: Proxy(), se:ieOptions: {browserAttachTimeout: 0, elementScrollBehavior: 0, enablePersistentHover: false, ie.browserCommandLineSwitches: , ie.edgechromium: false, ie.edgepath: , ie.ensureCleanSession: false, ie.fileUploadDialogTimeout: 3000, ie.forceCreateProcessApi: false, ignoreProtectedModeSettings: true, ignoreZoomSetting: true, initialBrowserUrl: http://localhost:3903/, nativeEvents: false, requireWindowFocus: true}, setWindowRect: true, strictFileInteractability: false, timeouts: {implicit: 0, pageLoad: 300000, script: 30000}, unhandledPromptBehavior: dismiss and notify}
Session ID: a51546e9-06ff-48b2-8e13-9742006608fe
*** Element info: {Using=xpath, value=(//table)[2]/tbody[1]/tr/td[3]}
	at sun.reflect.NativeConstructorAccessorImpl.newInstance0(Native Method)
	at sun.reflect.NativeConstructorAccessorImpl.newInstance(Unknown Source)
	at sun.reflect.DelegatingConstructorAccessorImpl.newInstance(Unknown Source)
	at java.lang.reflect.Constructor.newInstance(Unknown Source)
	at org.openqa.selenium.remote.codec.w3c.W3CHttpResponseCodec.createException(W3CHttpResponseCodec.java:191)
	at org.openqa.selenium.remote.codec.w3c.W3CHttpResponseCodec.decode(W3CHttpResponseCodec.java:125)
	at org.openqa.selenium.remote.codec.w3c.W3CHttpResponseCodec.decode(W3CHttpResponseCodec.java:52)
	at org.openqa.selenium.remote.HttpCommandExecutor.execute(HttpCommandExecutor.java:161)
	at org.openqa.selenium.remote.service.DriverCommandExecutor.execute(DriverCommandExecutor.java:83)
	at org.openqa.selenium.remote.RemoteWebDriver.execute(RemoteWebDriver.java:576)
	at org.openqa.selenium.remote.RemoteWebDriver.findElement(RemoteWebDriver.java:327)
	at org.openqa.selenium.remote.RemoteWebDriver.findElementByXPath(RemoteWebDriver.java:445)
	at org.openqa.selenium.By$ByXPath.findElement(By.java:396)
	at org.openqa.selenium.remote.RemoteWebDriver.findElement(RemoteWebDriver.java:319)
	at com.cet.pagerepositery.AdditionalHouseHoldPage.tableGetHouseHoldMemberLastName(AdditionalHouseHoldPage.java:68)
	at com.cet.GPRTS_NextAdditionalHouseHold_Test.nextAdditionalHouseHoldMembersLastName_GPRTSTest(GPRTS_NextAdditionalHouseHold_Test.java:75)
	at sun.reflect.NativeMethodAccessorImpl.invoke0(Native Method)
	at sun.reflect.NativeMethodAccessorImpl.invoke(Unknown Source)
	at sun.reflect.DelegatingMethodAccessorImpl.invoke(Unknown Source)
	at java.lang.reflect.Method.invoke(Unknown Source)
	at org.testng.internal.MethodInvocationHelper.invokeMethod(MethodInvocationHelper.java:133)
	at org.testng.internal.TestInvoker.invokeMethod(TestInvoker.java:584)
	at org.testng.internal.TestInvoker.invokeTestMethod(TestInvoker.java:172)
	at org.testng.internal.MethodRunner.runInSequence(MethodRunner.java:46)
	at org.testng.internal.TestInvoker$MethodInvocationAgent.invoke(TestInvoker.java:804)
	at org.testng.internal.TestInvoker.invokeTestMethods(TestInvoker.java:145)
	at org.testng.internal.TestMethodWorker.invokeTestMethods(TestMethodWorker.java:146)
	at org.testng.internal.TestMethodWorker.run(TestMethodWorker.java:128)
	at java.util.ArrayList.forEach(Unknown Source)
	at org.testng.TestRunner.privateRun(TestRunner.java:770)
	at org.testng.TestRunner.run(TestRunner.java:591)
	at org.testng.SuiteRunner.runTest(SuiteRunner.java:402)
	at org.testng.SuiteRunner.runSequentially(SuiteRunner.java:396)
	at org.testng.SuiteRunner.privateRun(SuiteRunner.java:355)
	at org.testng.SuiteRunner.run(SuiteRunner.java:304)
	at org.testng.SuiteRunnerWorker.runSuite(SuiteRunnerWorker.java:53)
	at org.testng.SuiteRunnerWorker.run(SuiteRunnerWorker.java:96)
	at org.testng.TestNG.runSuitesSequentially(TestNG.java:1180)
	at org.testng.TestNG.runSuitesLocally(TestNG.java:1102)
	at org.testng.TestNG.runSuites(TestNG.java:1032)
	at org.testng.TestNG.run(TestNG.java:1000)
	at org.testng.remote.AbstractRemoteTestNG.run(AbstractRemoteTestNG.java:115)
	at org.testng.remote.RemoteTestNG.initAndRun(RemoteTestNG.java:251)
	at org.testng.remote.RemoteTestNG.main(RemoteTestNG.java:77)
</pre></div></td>
<td>20</td>
<td>com.cet.GPRTS_NextAdditionalHouseHold_Test@592238c5</td></tr>
<tr>
<td title='com.cet.GPRTS_NextAdditionalHouseHold_Test.nextAdditionalHouseHoldMembersLastName_GPRTSTest()'><b>nextAdditionalHouseHoldMembersLastName_GPRTSTest</b><br>Test class: com.cet.GPRTS_NextAdditionalHouseHold_Test</td>
<td><div><pre>org.openqa.selenium.NoSuchElementException: Unable to find element with xpath == (//table)[2]/tbody[2]/tr/td[3]
For documentation on this error, please visit: https://www.seleniumhq.org/exceptions/no_such_element.html
Build info: version: &apos;4.0.0-alpha-3&apos;, revision: &apos;8c567de6dc&apos;
System info: host: &apos;LHTU05CG4472DYW&apos;, ip: &apos;10.99.6.50&apos;, os.name: &apos;Windows 10&apos;, os.arch: &apos;amd64&apos;, os.version: &apos;10.0&apos;, java.version: &apos;1.8.0_261&apos;
Driver info: org.openqa.selenium.ie.InternetExplorerDriver
Capabilities {acceptInsecureCerts: false, browserName: internet explorer, browserVersion: 11, javascriptEnabled: true, pageLoadStrategy: normal, platform: WINDOWS, platformName: WINDOWS, proxy: Proxy(), se:ieOptions: {browserAttachTimeout: 0, elementScrollBehavior: 0, enablePersistentHover: false, ie.browserCommandLineSwitches: , ie.edgechromium: false, ie.edgepath: , ie.ensureCleanSession: false, ie.fileUploadDialogTimeout: 3000, ie.forceCreateProcessApi: false, ignoreProtectedModeSettings: true, ignoreZoomSetting: true, initialBrowserUrl: http://localhost:3903/, nativeEvents: false, requireWindowFocus: true}, setWindowRect: true, strictFileInteractability: false, timeouts: {implicit: 0, pageLoad: 300000, script: 30000}, unhandledPromptBehavior: dismiss and notify}
Session ID: a51546e9-06ff-48b2-8e13-9742006608fe
*** Element info: {Using=xpath, value=(//table)[2]/tbody[2]/tr/td[3]}
	at org.openqa.selenium.remote.codec.w3c.W3CHttpResponseCodec.createException(W3CHttpResponseCodec.java:191)
	at org.openqa.selenium.remote.codec.w3c.W3CHttpResponseCodec.decode(W3CHttpResponseCodec.java:125)
	at org.openqa.selenium.remote.codec.w3c.W3CHttpResponseCodec.decode(W3CHttpResponseCodec.java:52)
	at org.openqa.selenium.remote.HttpCommandExecutor.execute(HttpCommandExecutor.java:161)
	at org.openqa.selenium.remote.service.DriverCommandExecutor.execute(DriverCommandExecutor.java:83)
	at org.openqa.selenium.remote.RemoteWebDriver.execute(RemoteWebDriver.java:576)
	at org.openqa.selenium.remote.RemoteWebDriver.findElement(RemoteWebDriver.java:327)
	at org.openqa.selenium.remote.RemoteWebDriver.findElementByXPath(RemoteWebDriver.java:445)
	at org.openqa.selenium.By$ByXPath.findElement(By.java:396)
	at org.openqa.selenium.remote.RemoteWebDriver.findElement(RemoteWebDriver.java:319)
	at com.cet.pagerepositery.AdditionalHouseHoldPage.tableGetHouseHoldMemberLastName(AdditionalHouseHoldPage.java:68)
	at com.cet.GPRTS_NextAdditionalHouseHold_Test.nextAdditionalHouseHoldMembersLastName_GPRTSTest(GPRTS_NextAdditionalHouseHold_Test.java:75)
	at java.util.ArrayList.forEach(Unknown Source)
... Removed 31 stack frames</pre></div><a href='#' onClick='toggleBox("stack-trace1474755849", this, "Click to show all stack frames", "Click to hide stack frames")'>Click to show all stack frames</a>
<div class='stack-trace' id='stack-trace1474755849'><pre>org.openqa.selenium.NoSuchElementException: Unable to find element with xpath == (//table)[2]/tbody[2]/tr/td[3]
For documentation on this error, please visit: https://www.seleniumhq.org/exceptions/no_such_element.html
Build info: version: &apos;4.0.0-alpha-3&apos;, revision: &apos;8c567de6dc&apos;
System info: host: &apos;LHTU05CG4472DYW&apos;, ip: &apos;10.99.6.50&apos;, os.name: &apos;Windows 10&apos;, os.arch: &apos;amd64&apos;, os.version: &apos;10.0&apos;, java.version: &apos;1.8.0_261&apos;
Driver info: org.openqa.selenium.ie.InternetExplorerDriver
Capabilities {acceptInsecureCerts: false, browserName: internet explorer, browserVersion: 11, javascriptEnabled: true, pageLoadStrategy: normal, platform: WINDOWS, platformName: WINDOWS, proxy: Proxy(), se:ieOptions: {browserAttachTimeout: 0, elementScrollBehavior: 0, enablePersistentHover: false, ie.browserCommandLineSwitches: , ie.edgechromium: false, ie.edgepath: , ie.ensureCleanSession: false, ie.fileUploadDialogTimeout: 3000, ie.forceCreateProcessApi: false, ignoreProtectedModeSettings: true, ignoreZoomSetting: true, initialBrowserUrl: http://localhost:3903/, nativeEvents: false, requireWindowFocus: true}, setWindowRect: true, strictFileInteractability: false, timeouts: {implicit: 0, pageLoad: 300000, script: 30000}, unhandledPromptBehavior: dismiss and notify}
Session ID: a51546e9-06ff-48b2-8e13-9742006608fe
*** Element info: {Using=xpath, value=(//table)[2]/tbody[2]/tr/td[3]}
	at sun.reflect.NativeConstructorAccessorImpl.newInstance0(Native Method)
	at sun.reflect.NativeConstructorAccessorImpl.newInstance(Unknown Source)
	at sun.reflect.DelegatingConstructorAccessorImpl.newInstance(Unknown Source)
	at java.lang.reflect.Constructor.newInstance(Unknown Source)
	at org.openqa.selenium.remote.codec.w3c.W3CHttpResponseCodec.createException(W3CHttpResponseCodec.java:191)
	at org.openqa.selenium.remote.codec.w3c.W3CHttpResponseCodec.decode(W3CHttpResponseCodec.java:125)
	at org.openqa.selenium.remote.codec.w3c.W3CHttpResponseCodec.decode(W3CHttpResponseCodec.java:52)
	at org.openqa.selenium.remote.HttpCommandExecutor.execute(HttpCommandExecutor.java:161)
	at org.openqa.selenium.remote.service.DriverCommandExecutor.execute(DriverCommandExecutor.java:83)
	at org.openqa.selenium.remote.RemoteWebDriver.execute(RemoteWebDriver.java:576)
	at org.openqa.selenium.remote.RemoteWebDriver.findElement(RemoteWebDriver.java:327)
	at org.openqa.selenium.remote.RemoteWebDriver.findElementByXPath(RemoteWebDriver.java:445)
	at org.openqa.selenium.By$ByXPath.findElement(By.java:396)
	at org.openqa.selenium.remote.RemoteWebDriver.findElement(RemoteWebDriver.java:319)
	at com.cet.pagerepositery.AdditionalHouseHoldPage.tableGetHouseHoldMemberLastName(AdditionalHouseHoldPage.java:68)
	at com.cet.GPRTS_NextAdditionalHouseHold_Test.nextAdditionalHouseHoldMembersLastName_GPRTSTest(GPRTS_NextAdditionalHouseHold_Test.java:75)
	at sun.reflect.NativeMethodAccessorImpl.invoke0(Native Method)
	at sun.reflect.NativeMethodAccessorImpl.invoke(Unknown Source)
	at sun.reflect.DelegatingMethodAccessorImpl.invoke(Unknown Source)
	at java.lang.reflect.Method.invoke(Unknown Source)
	at org.testng.internal.MethodInvocationHelper.invokeMethod(MethodInvocationHelper.java:133)
	at org.testng.internal.TestInvoker.invokeMethod(TestInvoker.java:584)
	at org.testng.internal.TestInvoker.invokeTestMethod(TestInvoker.java:172)
	at org.testng.internal.MethodRunner.runInSequence(MethodRunner.java:46)
	at org.testng.internal.TestInvoker$MethodInvocationAgent.invoke(TestInvoker.java:804)
	at org.testng.internal.TestInvoker.invokeTestMethods(TestInvoker.java:145)
	at org.testng.internal.TestMethodWorker.invokeTestMethods(TestMethodWorker.java:146)
	at org.testng.internal.TestMethodWorker.run(TestMethodWorker.java:128)
	at java.util.ArrayList.forEach(Unknown Source)
	at org.testng.TestRunner.privateRun(TestRunner.java:770)
	at org.testng.TestRunner.run(TestRunner.java:591)
	at org.testng.SuiteRunner.runTest(SuiteRunner.java:402)
	at org.testng.SuiteRunner.runSequentially(SuiteRunner.java:396)
	at org.testng.SuiteRunner.privateRun(SuiteRunner.java:355)
	at org.testng.SuiteRunner.run(SuiteRunner.java:304)
	at org.testng.SuiteRunnerWorker.runSuite(SuiteRunnerWorker.java:53)
	at org.testng.SuiteRunnerWorker.run(SuiteRunnerWorker.java:96)
	at org.testng.TestNG.runSuitesSequentially(TestNG.java:1180)
	at org.testng.TestNG.runSuitesLocally(TestNG.java:1102)
	at org.testng.TestNG.runSuites(TestNG.java:1032)
	at org.testng.TestNG.run(TestNG.java:1000)
	at org.testng.remote.AbstractRemoteTestNG.run(AbstractRemoteTestNG.java:115)
	at org.testng.remote.RemoteTestNG.initAndRun(RemoteTestNG.java:251)
	at org.testng.remote.RemoteTestNG.main(RemoteTestNG.java:77)
</pre></div></td>
<td>20</td>
<td>com.cet.GPRTS_NextAdditionalHouseHold_Test@6ee8dcd3</td></tr>
<tr>
<td title='com.cet.phd.PhdSearch_View_Test.taskLanguage_View__Test()'><b>taskLanguage_View__Test</b><br>Test class: com.cet.phd.PhdSearch_View_Test</td>
<td><div><pre>java.lang.AssertionError: Failed:Edit Search Page tasklanguage Varied! expected [English,Mandarin,Spanish] but found [English, Spanish, Mandarin]
	at com.cet.phd.PhdSearch_View_Test.taskLanguage_View__Test(PhdSearch_View_Test.java:331)
	at java.util.ArrayList.forEach(Unknown Source)
... Removed 31 stack frames</pre></div><a href='#' onClick='toggleBox("stack-trace700370827", this, "Click to show all stack frames", "Click to hide stack frames")'>Click to show all stack frames</a>
<div class='stack-trace' id='stack-trace700370827'><pre>java.lang.AssertionError: Failed:Edit Search Page tasklanguage Varied! expected [English,Mandarin,Spanish] but found [English, Spanish, Mandarin]
	at org.testng.Assert.fail(Assert.java:97)
	at org.testng.Assert.assertEqualsImpl(Assert.java:136)
	at org.testng.Assert.assertEquals(Assert.java:118)
	at org.testng.Assert.assertEquals(Assert.java:575)
	at com.cet.phd.PhdSearch_View_Test.taskLanguage_View__Test(PhdSearch_View_Test.java:331)
	at sun.reflect.NativeMethodAccessorImpl.invoke0(Native Method)
	at sun.reflect.NativeMethodAccessorImpl.invoke(Unknown Source)
	at sun.reflect.DelegatingMethodAccessorImpl.invoke(Unknown Source)
	at java.lang.reflect.Method.invoke(Unknown Source)
	at org.testng.internal.MethodInvocationHelper.invokeMethod(MethodInvocationHelper.java:133)
	at org.testng.internal.TestInvoker.invokeMethod(TestInvoker.java:584)
	at org.testng.internal.TestInvoker.invokeTestMethod(TestInvoker.java:172)
	at org.testng.internal.MethodRunner.runInSequence(MethodRunner.java:46)
	at org.testng.internal.TestInvoker$MethodInvocationAgent.invoke(TestInvoker.java:804)
	at org.testng.internal.TestInvoker.invokeTestMethods(TestInvoker.java:145)
	at org.testng.internal.TestMethodWorker.invokeTestMethods(TestMethodWorker.java:146)
	at org.testng.internal.TestMethodWorker.run(TestMethodWorker.java:128)
	at java.util.ArrayList.forEach(Unknown Source)
	at org.testng.TestRunner.privateRun(TestRunner.java:770)
	at org.testng.TestRunner.run(TestRunner.java:591)
	at org.testng.SuiteRunner.runTest(SuiteRunner.java:402)
	at org.testng.SuiteRunner.runSequentially(SuiteRunner.java:396)
	at org.testng.SuiteRunner.privateRun(SuiteRunner.java:355)
	at org.testng.SuiteRunner.run(SuiteRunner.java:304)
	at org.testng.SuiteRunnerWorker.runSuite(SuiteRunnerWorker.java:53)
	at org.testng.SuiteRunnerWorker.run(SuiteRunnerWorker.java:96)
	at org.testng.TestNG.runSuitesSequentially(TestNG.java:1180)
	at org.testng.TestNG.runSuitesLocally(TestNG.java:1102)
	at org.testng.TestNG.runSuites(TestNG.java:1032)
	at org.testng.TestNG.run(TestNG.java:1000)
	at org.testng.remote.AbstractRemoteTestNG.run(AbstractRemoteTestNG.java:115)
	at org.testng.remote.RemoteTestNG.initAndRun(RemoteTestNG.java:251)
	at org.testng.remote.RemoteTestNG.main(RemoteTestNG.java:77)
</pre></div></td>
<td>0</td>
<td>com.cet.phd.PhdSearch_View_Test@7ad54c55</td></tr>
</table><p>
<table width='100%' border='1' class='invocation-passed'>
<tr><td colspan='4' align='center'><b>PASSED TESTS</b></td></tr>
<tr><td><b>Test method</b></td>
<td width="30%"><b>Exception</b></td>
<td width="10%"><b>Time (seconds)</b></td>
<td><b>Instance</b></td>
</tr>
<tr>
<td title='com.cet.phd.PhpAssignmet_Test.actionButtonDefaultNotSelected_Assignment_PHD_Test()'><b>actionButtonDefaultNotSelected_Assignment_PHD_Test</b><br>Test class: com.cet.phd.PhpAssignmet_Test</td>
<td></td>
<td>0</td>
<td>com.cet.phd.PhpAssignmet_Test@21fdfefc</td></tr>
<tr>
<td title='com.cet.phd.PhpAssignmet_Test.actionButtonEnabled_Assignment_PHD_Test()'><b>actionButtonEnabled_Assignment_PHD_Test</b><br>Test class: com.cet.phd.PhpAssignmet_Test</td>
<td></td>
<td>0</td>
<td>com.cet.phd.PhpAssignmet_Test@21fdfefc</td></tr>
<tr>
<td title='com.cet.phd.PhdUserAdminAddNewUser_Test.activeStatus_Test()'><b>activeStatus_Test</b><br>Test class: com.cet.phd.PhdUserAdminAddNewUser_Test</td>
<td></td>
<td>1</td>
<td>com.cet.phd.PhdUserAdminAddNewUser_Test@6edcd0d8</td></tr>
<tr>
<td title='com.cet.phd.PhdUserAdminAddNewUser_Test.addNewUserEmailIDDisabled_Test()'><b>addNewUserEmailIDDisabled_Test</b><br>Test class: com.cet.phd.PhdUserAdminAddNewUser_Test</td>
<td></td>
<td>0</td>
<td>com.cet.phd.PhdUserAdminAddNewUser_Test@6edcd0d8</td></tr>
<tr>
<td title='com.cet.phd.PhdUserAdminAddNewUser_Test.addNewUserEmployeeIDDB_Test()'><b>addNewUserEmployeeIDDB_Test</b><br>Test class: com.cet.phd.PhdUserAdminAddNewUser_Test</td>
<td></td>
<td>1</td>
<td>com.cet.phd.PhdUserAdminAddNewUser_Test@6edcd0d8</td></tr>
<tr>
<td title='com.cet.phd.PhdUserAdminAddNewUser_Test.addNewUserEmployeeIDDisabled_Test()'><b>addNewUserEmployeeIDDisabled_Test</b><br>Test class: com.cet.phd.PhdUserAdminAddNewUser_Test</td>
<td></td>
<td>0</td>
<td>com.cet.phd.PhdUserAdminAddNewUser_Test@6edcd0d8</td></tr>
<tr>
<td title='com.cet.phd.PhdUserAdminAddNewUser_Test.addNewUserFirstNameDB_Test()'><b>addNewUserFirstNameDB_Test</b><br>Test class: com.cet.phd.PhdUserAdminAddNewUser_Test</td>
<td></td>
<td>1</td>
<td>com.cet.phd.PhdUserAdminAddNewUser_Test@6edcd0d8</td></tr>
<tr>
<td title='com.cet.phd.PhdUserAdminAddNewUser_Test.addNewUserFirstNameDisabled_Test()'><b>addNewUserFirstNameDisabled_Test</b><br>Test class: com.cet.phd.PhdUserAdminAddNewUser_Test</td>
<td></td>
<td>2</td>
<td>com.cet.phd.PhdUserAdminAddNewUser_Test@6edcd0d8</td></tr>
<tr>
<td title='com.cet.phd.PhdUserAdminAddNewUser_Test.addNewUserLastNameDB_Test()'><b>addNewUserLastNameDB_Test</b><br>Test class: com.cet.phd.PhdUserAdminAddNewUser_Test</td>
<td></td>
<td>1</td>
<td>com.cet.phd.PhdUserAdminAddNewUser_Test@6edcd0d8</td></tr>
<tr>
<td title='com.cet.phd.PhdUserAdminAddNewUser_Test.addNewUserLastNameDisabled_Test()'><b>addNewUserLastNameDisabled_Test</b><br>Test class: com.cet.phd.PhdUserAdminAddNewUser_Test</td>
<td></td>
<td>0</td>
<td>com.cet.phd.PhdUserAdminAddNewUser_Test@6edcd0d8</td></tr>
<tr>
<td title='com.cet.phd.PhdUserAdminAddNewUser_Test.addNewUserManagerDisabled_Test()'><b>addNewUserManagerDisabled_Test</b><br>Test class: com.cet.phd.PhdUserAdminAddNewUser_Test</td>
<td></td>
<td>0</td>
<td>com.cet.phd.PhdUserAdminAddNewUser_Test@6edcd0d8</td></tr>
<tr>
<td title='com.cet.phd.PhdUserAdminAddNewUser_Test.addNewUserSupervisorDB_Test()'><b>addNewUserSupervisorDB_Test</b><br>Test class: com.cet.phd.PhdUserAdminAddNewUser_Test</td>
<td></td>
<td>1</td>
<td>com.cet.phd.PhdUserAdminAddNewUser_Test@6edcd0d8</td></tr>
<tr>
<td title='com.cet.phd.PhdUserAdminAddNewUser_Test.addNewUserSupervisorDisabled_Test()'><b>addNewUserSupervisorDisabled_Test</b><br>Test class: com.cet.phd.PhdUserAdminAddNewUser_Test</td>
<td></td>
<td>0</td>
<td>com.cet.phd.PhdUserAdminAddNewUser_Test@6edcd0d8</td></tr>
<tr>
<td title='com.cet.phd.PhdUserAdminAddNewUser_Test.addNewUserValidate_Test()'><b>addNewUserValidate_Test</b><br>Test class: com.cet.phd.PhdUserAdminAddNewUser_Test</td>
<td></td>
<td>3</td>
<td>com.cet.phd.PhdUserAdminAddNewUser_Test@6edcd0d8</td></tr>
<tr>
<td title='com.cet.phd.PhdSearchEdit_Test.addNotes_Edit_Test()'><b>addNotes_Edit_Test</b><br>Test class: com.cet.phd.PhdSearchEdit_Test</td>
<td></td>
<td>4</td>
<td>com.cet.phd.PhdSearchEdit_Test@6a9950f1</td></tr>
<tr>
<td title='com.cet.phd.PhdSearch_View_Test.addNotes_View__Test()'><b>addNotes_View__Test</b><br>Test class: com.cet.phd.PhdSearch_View_Test</td>
<td></td>
<td>2</td>
<td>com.cet.phd.PhdSearch_View_Test@7ad54c55</td></tr>
<tr>
<td title='com.cet.GPRTS_AdditionalHouseHold_Test.additionalHouseHoldMembersCount_GPRTSTest()'><b>additionalHouseHoldMembersCount_GPRTSTest</b><br>Test class: com.cet.GPRTS_AdditionalHouseHold_Test</td>
<td></td>
<td>8</td>
<td>com.cet.GPRTS_AdditionalHouseHold_Test@64c4c01</td></tr>
<tr>
<td title='com.cet.GPRTS_AdditionalHouseHold_Test.additionalHouseHoldMembersCount_GPRTSTest()'><b>additionalHouseHoldMembersCount_GPRTSTest</b><br>Test class: com.cet.GPRTS_AdditionalHouseHold_Test</td>
<td></td>
<td>0</td>
<td>com.cet.GPRTS_AdditionalHouseHold_Test@776802b0</td></tr>
<tr>
<td title='com.cet.GPRTS_AdditionalHouseHold_Test.additionalHouseHoldMembersCount_GPRTSTest()'><b>additionalHouseHoldMembersCount_GPRTSTest</b><br>Test class: com.cet.GPRTS_AdditionalHouseHold_Test</td>
<td></td>
<td>0</td>
<td>com.cet.GPRTS_AdditionalHouseHold_Test@79d743e6</td></tr>
<tr>
<td title='com.cet.GPRTS_AdditionalHouseHold_Test.additionalHouseHoldMembersFirstName_GPRTSTest()'><b>additionalHouseHoldMembersFirstName_GPRTSTest</b><br>Test class: com.cet.GPRTS_AdditionalHouseHold_Test</td>
<td></td>
<td>2</td>
<td>com.cet.GPRTS_AdditionalHouseHold_Test@64c4c01</td></tr>
<tr>
<td title='com.cet.GPRTS_AdditionalHouseHold_Test.additionalHouseHoldMembersFirstName_GPRTSTest()'><b>additionalHouseHoldMembersFirstName_GPRTSTest</b><br>Test class: com.cet.GPRTS_AdditionalHouseHold_Test</td>
<td></td>
<td>1</td>
<td>com.cet.GPRTS_AdditionalHouseHold_Test@776802b0</td></tr>
<tr>
<td title='com.cet.GPRTS_AdditionalHouseHold_Test.additionalHouseHoldMembersFirstName_GPRTSTest()'><b>additionalHouseHoldMembersFirstName_GPRTSTest</b><br>Test class: com.cet.GPRTS_AdditionalHouseHold_Test</td>
<td></td>
<td>1</td>
<td>com.cet.GPRTS_AdditionalHouseHold_Test@79d743e6</td></tr>
<tr>
<td title='com.cet.GPRTS_AdditionalHouseHold_Test.additionalHouseHoldMembersLasttName_GPRTSTest()'><b>additionalHouseHoldMembersLasttName_GPRTSTest</b><br>Test class: com.cet.GPRTS_AdditionalHouseHold_Test</td>
<td></td>
<td>2</td>
<td>com.cet.GPRTS_AdditionalHouseHold_Test@64c4c01</td></tr>
<tr>
<td title='com.cet.GPRTS_AdditionalHouseHold_Test.additionalHouseHoldMembersLasttName_GPRTSTest()'><b>additionalHouseHoldMembersLasttName_GPRTSTest</b><br>Test class: com.cet.GPRTS_AdditionalHouseHold_Test</td>
<td></td>
<td>1</td>
<td>com.cet.GPRTS_AdditionalHouseHold_Test@776802b0</td></tr>
<tr>
<td title='com.cet.GPRTS_AdditionalHouseHold_Test.additionalHouseHoldMembersLasttName_GPRTSTest()'><b>additionalHouseHoldMembersLasttName_GPRTSTest</b><br>Test class: com.cet.GPRTS_AdditionalHouseHold_Test</td>
<td></td>
<td>1</td>
<td>com.cet.GPRTS_AdditionalHouseHold_Test@79d743e6</td></tr>
<tr>
<td title='com.cet.phd.PhdSearchEdit_Test.agencyName_Edit_Test()'><b>agencyName_Edit_Test</b><br>Test class: com.cet.phd.PhdSearchEdit_Test</td>
<td></td>
<td>1</td>
<td>com.cet.phd.PhdSearchEdit_Test@6a9950f1</td></tr>
<tr>
<td title='com.cet.phd.PhdSearch_View_Test.agencyName_View__Test()'><b>agencyName_View__Test</b><br>Test class: com.cet.phd.PhdSearch_View_Test</td>
<td></td>
<td>1</td>
<td>com.cet.phd.PhdSearch_View_Test@7ad54c55</td></tr>
<tr>
<td title='com.cet.phd.PhdSearch_Test.agentFirstNameSearch_PHD_Test()'><b>agentFirstNameSearch_PHD_Test</b><br>Test class: com.cet.phd.PhdSearch_Test</td>
<td></td>
<td>22</td>
<td>com.cet.phd.PhdSearch_Test@1931d99</td></tr>
<tr>
<td title='com.cet.phd.PhdSearchEdit_Test.agentFirstName_Edit_Test()'><b>agentFirstName_Edit_Test</b><br>Test class: com.cet.phd.PhdSearchEdit_Test</td>
<td></td>
<td>1</td>
<td>com.cet.phd.PhdSearchEdit_Test@6a9950f1</td></tr>
<tr>
<td title='com.cet.phd.PhdSearch_View_Test.agentFirstName_View__Test()'><b>agentFirstName_View__Test</b><br>Test class: com.cet.phd.PhdSearch_View_Test</td>
<td></td>
<td>1</td>
<td>com.cet.phd.PhdSearch_View_Test@7ad54c55</td></tr>
<tr>
<td title='com.cet.phd.PhdSearch_Test.agentIdSearch_PHD_Test()'><b>agentIdSearch_PHD_Test</b><br>Test class: com.cet.phd.PhdSearch_Test</td>
<td></td>
<td>19</td>
<td>com.cet.phd.PhdSearch_Test@1931d99</td></tr>
<tr>
<td title='com.cet.phd.PhdSearch_View_Test.agentIdSearch_PHD_View_Test()'><b>agentIdSearch_PHD_View_Test</b><br>Test class: com.cet.phd.PhdSearch_View_Test</td>
<td></td>
<td>14</td>
<td>com.cet.phd.PhdSearch_View_Test@7ad54c55</td></tr>
<tr>
<td title='com.cet.phd.PhdSearchEdit_Test.agentId_Edit_Test()'><b>agentId_Edit_Test</b><br>Test class: com.cet.phd.PhdSearchEdit_Test</td>
<td></td>
<td>12</td>
<td>com.cet.phd.PhdSearchEdit_Test@6a9950f1</td></tr>
<tr>
<td title='com.cet.phd.PhdSearch_View_Test.agentId_View_Test()'><b>agentId_View_Test</b><br>Test class: com.cet.phd.PhdSearch_View_Test</td>
<td></td>
<td>16</td>
<td>com.cet.phd.PhdSearch_View_Test@7ad54c55</td></tr>
<tr>
<td title='com.cet.phd.PhdSearch_Test.agentLastNameSearch_PHD_Test()'><b>agentLastNameSearch_PHD_Test</b><br>Test class: com.cet.phd.PhdSearch_Test</td>
<td></td>
<td>22</td>
<td>com.cet.phd.PhdSearch_Test@1931d99</td></tr>
<tr>
<td title='com.cet.phd.PhdSearchEdit_Test.agentLastName_Edit_Test()'><b>agentLastName_Edit_Test</b><br>Test class: com.cet.phd.PhdSearchEdit_Test</td>
<td></td>
<td>1</td>
<td>com.cet.phd.PhdSearchEdit_Test@6a9950f1</td></tr>
<tr>
<td title='com.cet.phd.PhdSearch_View_Test.agentLastName_View__Test()'><b>agentLastName_View__Test</b><br>Test class: com.cet.phd.PhdSearch_View_Test</td>
<td></td>
<td>1</td>
<td>com.cet.phd.PhdSearch_View_Test@7ad54c55</td></tr>
<tr>
<td title='com.cet.phd.PhdSearchEdit_Test.agentManagerEmail_Edit_Test()'><b>agentManagerEmail_Edit_Test</b><br>Test class: com.cet.phd.PhdSearchEdit_Test</td>
<td></td>
<td>1</td>
<td>com.cet.phd.PhdSearchEdit_Test@6a9950f1</td></tr>
<tr>
<td title='com.cet.phd.PhdSearch_View_Test.agentManagerEmail_View__Test()'><b>agentManagerEmail_View__Test</b><br>Test class: com.cet.phd.PhdSearch_View_Test</td>
<td></td>
<td>1</td>
<td>com.cet.phd.PhdSearch_View_Test@7ad54c55</td></tr>
<tr>
<td title='com.cet.phd.PhdSearchEdit_Test.agentManagerFirstName_Edit_Test()'><b>agentManagerFirstName_Edit_Test</b><br>Test class: com.cet.phd.PhdSearchEdit_Test</td>
<td></td>
<td>1</td>
<td>com.cet.phd.PhdSearchEdit_Test@6a9950f1</td></tr>
<tr>
<td title='com.cet.phd.PhdSearch_View_Test.agentManagerFirstName_View__Test()'><b>agentManagerFirstName_View__Test</b><br>Test class: com.cet.phd.PhdSearch_View_Test</td>
<td></td>
<td>1</td>
<td>com.cet.phd.PhdSearch_View_Test@7ad54c55</td></tr>
<tr>
<td title='com.cet.phd.PhdSearchEdit_Test.agentManagerLastName_Edit_Test()'><b>agentManagerLastName_Edit_Test</b><br>Test class: com.cet.phd.PhdSearchEdit_Test</td>
<td></td>
<td>1</td>
<td>com.cet.phd.PhdSearchEdit_Test@6a9950f1</td></tr>
<tr>
<td title='com.cet.phd.PhdSearch_View_Test.agentManagerLastName_View__Test()'><b>agentManagerLastName_View__Test</b><br>Test class: com.cet.phd.PhdSearch_View_Test</td>
<td></td>
<td>1</td>
<td>com.cet.phd.PhdSearch_View_Test@7ad54c55</td></tr>
<tr>
<td title='com.cet.phd.PhdSearchEdit_Test.agentManagerPhoneNumber_Edit_Test()'><b>agentManagerPhoneNumber_Edit_Test</b><br>Test class: com.cet.phd.PhdSearchEdit_Test</td>
<td></td>
<td>1</td>
<td>com.cet.phd.PhdSearchEdit_Test@6a9950f1</td></tr>
<tr>
<td title='com.cet.phd.PhdSearch_View_Test.agentManagerPhoneNumber_View__Test()'><b>agentManagerPhoneNumber_View__Test</b><br>Test class: com.cet.phd.PhdSearch_View_Test</td>
<td></td>
<td>1</td>
<td>com.cet.phd.PhdSearch_View_Test@7ad54c55</td></tr>
<tr>
<td title='com.cet.phd.PhdSearch_Test.agentNameSearch_PHD_Test()'><b>agentNameSearch_PHD_Test</b><br>Test class: com.cet.phd.PhdSearch_Test</td>
<td></td>
<td>28</td>
<td>com.cet.phd.PhdSearch_Test@1931d99</td></tr>
<tr>
<td title='com.cet.phd.PhdSearchEdit_Test.agentPrimaryPhoneNumber_Edit_Test()'><b>agentPrimaryPhoneNumber_Edit_Test</b><br>Test class: com.cet.phd.PhdSearchEdit_Test</td>
<td></td>
<td>1</td>
<td>com.cet.phd.PhdSearchEdit_Test@6a9950f1</td></tr>
<tr>
<td title='com.cet.phd.PhdSearch_View_Test.agentPrimaryPhoneNumber_View__Test()'><b>agentPrimaryPhoneNumber_View__Test</b><br>Test class: com.cet.phd.PhdSearch_View_Test</td>
<td></td>
<td>1</td>
<td>com.cet.phd.PhdSearch_View_Test@7ad54c55</td></tr>
<tr>
<td title='com.cet.phd.PhdSearchEdit_Test.agentSecondaryPhoneNumber_Edit_Test()'><b>agentSecondaryPhoneNumber_Edit_Test</b><br>Test class: com.cet.phd.PhdSearchEdit_Test</td>
<td></td>
<td>1</td>
<td>com.cet.phd.PhdSearchEdit_Test@6a9950f1</td></tr>
<tr>
<td title='com.cet.phd.PhdSearch_View_Test.agentSecondaryPhoneNumber_View__Test()'><b>agentSecondaryPhoneNumber_View__Test</b><br>Test class: com.cet.phd.PhdSearch_View_Test</td>
<td></td>
<td>20</td>
<td>com.cet.phd.PhdSearch_View_Test@7ad54c55</td></tr>
<tr>
<td title='com.cet.phd.PhdSearchEdit_Test.agentState_Edit_Test()'><b>agentState_Edit_Test</b><br>Test class: com.cet.phd.PhdSearchEdit_Test</td>
<td></td>
<td>1</td>
<td>com.cet.phd.PhdSearchEdit_Test@6a9950f1</td></tr>
<tr>
<td title='com.cet.phd.PhdSearch_View_Test.agentState_View__Test()'><b>agentState_View__Test</b><br>Test class: com.cet.phd.PhdSearch_View_Test</td>
<td></td>
<td>1</td>
<td>com.cet.phd.PhdSearch_View_Test@7ad54c55</td></tr>
<tr>
<td title='com.cet.phd.PhpAssignmet_Test.alertVerify_Assignment_PHD_Test()'><b>alertVerify_Assignment_PHD_Test</b><br>Test class: com.cet.phd.PhpAssignmet_Test</td>
<td></td>
<td>4</td>
<td>com.cet.phd.PhpAssignmet_Test@21fdfefc</td></tr>
<tr>
<td title='com.cet.phd.PhpAssignmet_Test.assignButtonEnabled_Assignment_PHD_Test()'><b>assignButtonEnabled_Assignment_PHD_Test</b><br>Test class: com.cet.phd.PhpAssignmet_Test</td>
<td></td>
<td>2</td>
<td>com.cet.phd.PhpAssignmet_Test@21fdfefc</td></tr>
<tr>
<td title='com.cet.phd.PhdUserAdminAddNewUser_Test.assignWorkStatus_Test()'><b>assignWorkStatus_Test</b><br>Test class: com.cet.phd.PhdUserAdminAddNewUser_Test</td>
<td></td>
<td>1</td>
<td>com.cet.phd.PhdUserAdminAddNewUser_Test@6edcd0d8</td></tr>
<tr>
<td title='com.cet.phd.PhdSearchEdit_Test.campaignDescription_Edit_Test()'><b>campaignDescription_Edit_Test</b><br>Test class: com.cet.phd.PhdSearchEdit_Test</td>
<td></td>
<td>1</td>
<td>com.cet.phd.PhdSearchEdit_Test@6a9950f1</td></tr>
<tr>
<td title='com.cet.phd.PhdSearch_View_Test.campaignDescription_View__Test()'><b>campaignDescription_View__Test</b><br>Test class: com.cet.phd.PhdSearch_View_Test</td>
<td></td>
<td>1</td>
<td>com.cet.phd.PhdSearch_View_Test@7ad54c55</td></tr>
<tr>
<td title='com.cet.phd.PhpAssignmet_Test.campaignFocusSearch_Assignment_PHD_Test()'><b>campaignFocusSearch_Assignment_PHD_Test</b><br>Test class: com.cet.phd.PhpAssignmet_Test</td>
<td></td>
<td>31</td>
<td>com.cet.phd.PhpAssignmet_Test@21fdfefc</td></tr>
<tr>
<td title='com.cet.phd.PhdSearch_Test.campaignFocusSearch_PHD_Test()'><b>campaignFocusSearch_PHD_Test</b><br>Test class: com.cet.phd.PhdSearch_Test</td>
<td></td>
<td>24</td>
<td>com.cet.phd.PhdSearch_Test@1931d99</td></tr>
<tr>
<td title='com.cet.phd.PhdHomeSkillOnlyNotAssigned_Test.cantoneseSkillCount_OnlyNotAssigned_Test()'><b>cantoneseSkillCount_OnlyNotAssigned_Test</b><br>Test class: com.cet.phd.PhdHomeSkillOnlyNotAssigned_Test</td>
<td></td>
<td>0</td>
<td>com.cet.phd.PhdHomeSkillOnlyNotAssigned_Test@d8948cd</td></tr>
<tr>
<td title='com.cet.phd.PhdHomeSkillAssigned_Test.cantoneseSkillCount_Test()'><b>cantoneseSkillCount_Test</b><br>Test class: com.cet.phd.PhdHomeSkillAssigned_Test</td>
<td></td>
<td>2</td>
<td>com.cet.phd.PhdHomeSkillAssigned_Test@773e2eb5</td></tr>
<tr>
<td title='com.cet.phd.PhdSearchEdit_Test.createdDate_Edit_Test()'><b>createdDate_Edit_Test</b><br>Test class: com.cet.phd.PhdSearchEdit_Test</td>
<td></td>
<td>1</td>
<td>com.cet.phd.PhdSearchEdit_Test@6a9950f1</td></tr>
<tr>
<td title='com.cet.phd.PhdSearch_View_Test.createdDate_View__Test()'><b>createdDate_View__Test</b><br>Test class: com.cet.phd.PhdSearch_View_Test</td>
<td></td>
<td>1</td>
<td>com.cet.phd.PhdSearch_View_Test@7ad54c55</td></tr>
<tr>
<td title='com.cet.phd.PhpAssignmet_Test.db_Assignmet_PHD_Test()'><b>db_Assignmet_PHD_Test</b><br>Test class: com.cet.phd.PhpAssignmet_Test</td>
<td></td>
<td>28</td>
<td>com.cet.phd.PhpAssignmet_Test@21fdfefc</td></tr>
<tr>
<td title='com.cet.phd.PhdSearch_View_Test.editButtonDisabled_Test()'><b>editButtonDisabled_Test</b><br>Test class: com.cet.phd.PhdSearch_View_Test</td>
<td></td>
<td>2</td>
<td>com.cet.phd.PhdSearch_View_Test@7ad54c55</td></tr>
<tr>
<td title='com.cet.phd.PhdSearchEdit_Test.editButtonEnabled_Test()'><b>editButtonEnabled_Test</b><br>Test class: com.cet.phd.PhdSearchEdit_Test</td>
<td></td>
<td>4</td>
<td>com.cet.phd.PhdSearchEdit_Test@6a9950f1</td></tr>
<tr>
<td title='com.cet.phd.PhdHomeSkillOnlyNotAssigned_Test.englishSkillCount_OnlyNotAssigned_Test()'><b>englishSkillCount_OnlyNotAssigned_Test</b><br>Test class: com.cet.phd.PhdHomeSkillOnlyNotAssigned_Test</td>
<td></td>
<td>1</td>
<td>com.cet.phd.PhdHomeSkillOnlyNotAssigned_Test@d8948cd</td></tr>
<tr>
<td title='com.cet.phd.PhdHomeSkillAssigned_Test.englishSkillCount_Test()'><b>englishSkillCount_Test</b><br>Test class: com.cet.phd.PhdHomeSkillAssigned_Test</td>
<td></td>
<td>0</td>
<td>com.cet.phd.PhdHomeSkillAssigned_Test@773e2eb5</td></tr>
<tr>
<td title='com.cet.phd.PhdHomeSkillOnlyNotAssigned_Test.frenchSkillCount_OnlyNotAssigned_Test()'><b>frenchSkillCount_OnlyNotAssigned_Test</b><br>Test class: com.cet.phd.PhdHomeSkillOnlyNotAssigned_Test</td>
<td></td>
<td>0</td>
<td>com.cet.phd.PhdHomeSkillOnlyNotAssigned_Test@d8948cd</td></tr>
<tr>
<td title='com.cet.phd.PhdHomeSkillAssigned_Test.frenchSkillCount_Test()'><b>frenchSkillCount_Test</b><br>Test class: com.cet.phd.PhdHomeSkillAssigned_Test</td>
<td></td>
<td>0</td>
<td>com.cet.phd.PhdHomeSkillAssigned_Test@773e2eb5</td></tr>
<tr>
<td title='com.cet.phd.PhpAssignmet_Test.fullSearch_Assignment_PHD_Test()'><b>fullSearch_Assignment_PHD_Test</b><br>Test class: com.cet.phd.PhpAssignmet_Test</td>
<td></td>
<td>33</td>
<td>com.cet.phd.PhpAssignmet_Test@21fdfefc</td></tr>
<tr>
<td title='com.cet.phd.PhdSearch_Test.fullSearch_PHD_Test()'><b>fullSearch_PHD_Test</b><br>Test class: com.cet.phd.PhdSearch_Test</td>
<td></td>
<td>51</td>
<td>com.cet.phd.PhdSearch_Test@1931d99</td></tr>
<tr>
<td title='com.cet.phd.PhdHome_Test.homeAttemptCount_Test()'><b>homeAttemptCount_Test</b><br>Test class: com.cet.phd.PhdHome_Test</td>
<td></td>
<td>0</td>
<td>com.cet.phd.PhdHome_Test@1948ea69</td></tr>
<tr>
<td title='com.cet.phd.PhdHome_Test.homeAttemptCount_Test()'><b>homeAttemptCount_Test</b><br>Test class: com.cet.phd.PhdHome_Test</td>
<td></td>
<td>0</td>
<td>com.cet.phd.PhdHome_Test@47e4d9d0</td></tr>
<tr>
<td title='com.cet.phd.PhdHome_Test.homeAttemptCount_Test()'><b>homeAttemptCount_Test</b><br>Test class: com.cet.phd.PhdHome_Test</td>
<td></td>
<td>0</td>
<td>com.cet.phd.PhdHome_Test@49798e84</td></tr>
<tr>
<td title='com.cet.phd.PhdHome_Test.homeAttemptCount_Test()'><b>homeAttemptCount_Test</b><br>Test class: com.cet.phd.PhdHome_Test</td>
<td></td>
<td>0</td>
<td>com.cet.phd.PhdHome_Test@5dbf5634</td></tr>
<tr>
<td title='com.cet.phd.PhdHome_Test.homeAttemptCount_Test()'><b>homeAttemptCount_Test</b><br>Test class: com.cet.phd.PhdHome_Test</td>
<td></td>
<td>0</td>
<td>com.cet.phd.PhdHome_Test@6ed06f69</td></tr>
<tr>
<td title='com.cet.phd.PhdHome_Test.homeJobName_Test()'><b>homeJobName_Test</b><br>Test class: com.cet.phd.PhdHome_Test</td>
<td></td>
<td>0</td>
<td>com.cet.phd.PhdHome_Test@1948ea69</td></tr>
<tr>
<td title='com.cet.phd.PhdHome_Test.homeJobName_Test()'><b>homeJobName_Test</b><br>Test class: com.cet.phd.PhdHome_Test</td>
<td></td>
<td>0</td>
<td>com.cet.phd.PhdHome_Test@47e4d9d0</td></tr>
<tr>
<td title='com.cet.phd.PhdHome_Test.homeJobName_Test()'><b>homeJobName_Test</b><br>Test class: com.cet.phd.PhdHome_Test</td>
<td></td>
<td>1</td>
<td>com.cet.phd.PhdHome_Test@49798e84</td></tr>
<tr>
<td title='com.cet.phd.PhdHome_Test.homeJobName_Test()'><b>homeJobName_Test</b><br>Test class: com.cet.phd.PhdHome_Test</td>
<td></td>
<td>0</td>
<td>com.cet.phd.PhdHome_Test@5dbf5634</td></tr>
<tr>
<td title='com.cet.phd.PhdHome_Test.homeJobName_Test()'><b>homeJobName_Test</b><br>Test class: com.cet.phd.PhdHome_Test</td>
<td></td>
<td>1</td>
<td>com.cet.phd.PhdHome_Test@6ed06f69</td></tr>
<tr>
<td title='com.cet.phd.PhdHome_Test.homeLastAttemptDate_Test()'><b>homeLastAttemptDate_Test</b><br>Test class: com.cet.phd.PhdHome_Test</td>
<td></td>
<td>0</td>
<td>com.cet.phd.PhdHome_Test@1948ea69</td></tr>
<tr>
<td title='com.cet.phd.PhdHome_Test.homeLastAttemptDate_Test()'><b>homeLastAttemptDate_Test</b><br>Test class: com.cet.phd.PhdHome_Test</td>
<td></td>
<td>0</td>
<td>com.cet.phd.PhdHome_Test@47e4d9d0</td></tr>
<tr>
<td title='com.cet.phd.PhdHome_Test.homeLastAttemptDate_Test()'><b>homeLastAttemptDate_Test</b><br>Test class: com.cet.phd.PhdHome_Test</td>
<td></td>
<td>0</td>
<td>com.cet.phd.PhdHome_Test@49798e84</td></tr>
<tr>
<td title='com.cet.phd.PhdHome_Test.homeLastAttemptDate_Test()'><b>homeLastAttemptDate_Test</b><br>Test class: com.cet.phd.PhdHome_Test</td>
<td></td>
<td>0</td>
<td>com.cet.phd.PhdHome_Test@5dbf5634</td></tr>
<tr>
<td title='com.cet.phd.PhdHome_Test.homeLastAttemptDate_Test()'><b>homeLastAttemptDate_Test</b><br>Test class: com.cet.phd.PhdHome_Test</td>
<td></td>
<td>0</td>
<td>com.cet.phd.PhdHome_Test@6ed06f69</td></tr>
<tr>
<td title='com.cet.phd.PhdHome_Test.homeScheduledDate_Test()'><b>homeScheduledDate_Test</b><br>Test class: com.cet.phd.PhdHome_Test</td>
<td></td>
<td>0</td>
<td>com.cet.phd.PhdHome_Test@1948ea69</td></tr>
<tr>
<td title='com.cet.phd.PhdHome_Test.homeScheduledDate_Test()'><b>homeScheduledDate_Test</b><br>Test class: com.cet.phd.PhdHome_Test</td>
<td></td>
<td>0</td>
<td>com.cet.phd.PhdHome_Test@47e4d9d0</td></tr>
<tr>
<td title='com.cet.phd.PhdHome_Test.homeScheduledDate_Test()'><b>homeScheduledDate_Test</b><br>Test class: com.cet.phd.PhdHome_Test</td>
<td></td>
<td>0</td>
<td>com.cet.phd.PhdHome_Test@49798e84</td></tr>
<tr>
<td title='com.cet.phd.PhdHome_Test.homeScheduledDate_Test()'><b>homeScheduledDate_Test</b><br>Test class: com.cet.phd.PhdHome_Test</td>
<td></td>
<td>0</td>
<td>com.cet.phd.PhdHome_Test@5dbf5634</td></tr>
<tr>
<td title='com.cet.phd.PhdHome_Test.homeScheduledDate_Test()'><b>homeScheduledDate_Test</b><br>Test class: com.cet.phd.PhdHome_Test</td>
<td></td>
<td>0</td>
<td>com.cet.phd.PhdHome_Test@6ed06f69</td></tr>
<tr>
<td title='com.cet.phd.PhdHome_Test.homeTaskType_Test()'><b>homeTaskType_Test</b><br>Test class: com.cet.phd.PhdHome_Test</td>
<td></td>
<td>0</td>
<td>com.cet.phd.PhdHome_Test@1948ea69</td></tr>
<tr>
<td title='com.cet.phd.PhdHome_Test.homeTaskType_Test()'><b>homeTaskType_Test</b><br>Test class: com.cet.phd.PhdHome_Test</td>
<td></td>
<td>0</td>
<td>com.cet.phd.PhdHome_Test@47e4d9d0</td></tr>
<tr>
<td title='com.cet.phd.PhdHome_Test.homeTaskType_Test()'><b>homeTaskType_Test</b><br>Test class: com.cet.phd.PhdHome_Test</td>
<td></td>
<td>0</td>
<td>com.cet.phd.PhdHome_Test@49798e84</td></tr>
<tr>
<td title='com.cet.phd.PhdHome_Test.homeTaskType_Test()'><b>homeTaskType_Test</b><br>Test class: com.cet.phd.PhdHome_Test</td>
<td></td>
<td>0</td>
<td>com.cet.phd.PhdHome_Test@5dbf5634</td></tr>
<tr>
<td title='com.cet.phd.PhdHome_Test.homeTaskType_Test()'><b>homeTaskType_Test</b><br>Test class: com.cet.phd.PhdHome_Test</td>
<td></td>
<td>0</td>
<td>com.cet.phd.PhdHome_Test@6ed06f69</td></tr>
<tr>
<td title='com.cet.phd.PhdUserAdminAddNewUser_Test.inActiveStatus_Test()'><b>inActiveStatus_Test</b><br>Test class: com.cet.phd.PhdUserAdminAddNewUser_Test</td>
<td></td>
<td>1</td>
<td>com.cet.phd.PhdUserAdminAddNewUser_Test@6edcd0d8</td></tr>
<tr>
<td title='com.cet.phd.PhpAssignmet_Test.invalidSearch_Assignment_PHD_Test()'><b>invalidSearch_Assignment_PHD_Test</b><br>Test class: com.cet.phd.PhpAssignmet_Test</td>
<td></td>
<td>16</td>
<td>com.cet.phd.PhpAssignmet_Test@21fdfefc</td></tr>
<tr>
<td title='com.cet.phd.PhpAssignmet_Test.jobNameSearch_Assignment_PHD_Test()'><b>jobNameSearch_Assignment_PHD_Test</b><br>Test class: com.cet.phd.PhpAssignmet_Test</td>
<td></td>
<td>26</td>
<td>com.cet.phd.PhpAssignmet_Test@21fdfefc</td></tr>
<tr>
<td title='com.cet.phd.PhdSearch_Test.jobNameSearch_PHD_Test()'><b>jobNameSearch_PHD_Test</b><br>Test class: com.cet.phd.PhdSearch_Test</td>
<td></td>
<td>21</td>
<td>com.cet.phd.PhdSearch_Test@1931d99</td></tr>
<tr>
<td title='com.cet.phd.PhdSearchEdit_Test.jobName_Edit_Test()'><b>jobName_Edit_Test</b><br>Test class: com.cet.phd.PhdSearchEdit_Test</td>
<td></td>
<td>1</td>
<td>com.cet.phd.PhdSearchEdit_Test@6a9950f1</td></tr>
<tr>
<td title='com.cet.phd.PhdSearch_View_Test.jobName_View__Test()'><b>jobName_View__Test</b><br>Test class: com.cet.phd.PhdSearch_View_Test</td>
<td></td>
<td>1</td>
<td>com.cet.phd.PhdSearch_View_Test@7ad54c55</td></tr>
<tr>
<td title='com.cet.phd.PhdHomeSkillOnlyNotAssigned_Test.koreanSkillCount_OnlyNotAssigned_Test()'><b>koreanSkillCount_OnlyNotAssigned_Test</b><br>Test class: com.cet.phd.PhdHomeSkillOnlyNotAssigned_Test</td>
<td></td>
<td>0</td>
<td>com.cet.phd.PhdHomeSkillOnlyNotAssigned_Test@d8948cd</td></tr>
<tr>
<td title='com.cet.phd.PhdHomeSkillAssigned_Test.koreanSkillCount_Test()'><b>koreanSkillCount_Test</b><br>Test class: com.cet.phd.PhdHomeSkillAssigned_Test</td>
<td></td>
<td>0</td>
<td>com.cet.phd.PhdHomeSkillAssigned_Test@773e2eb5</td></tr>
<tr>
<td title='com.cet.phd.PhdSearchEdit_Test.language_Edit_Test()'><b>language_Edit_Test</b><br>Test class: com.cet.phd.PhdSearchEdit_Test</td>
<td></td>
<td>1</td>
<td>com.cet.phd.PhdSearchEdit_Test@6a9950f1</td></tr>
<tr>
<td title='com.cet.phd.PhdSearch_View_Test.language_View__Test()'><b>language_View__Test</b><br>Test class: com.cet.phd.PhdSearch_View_Test</td>
<td></td>
<td>1</td>
<td>com.cet.phd.PhdSearch_View_Test@7ad54c55</td></tr>
<tr>
<td title='com.cet.phd.PhpAssignmet_Test.loggedInUser_Assignment_PHD_Test()'><b>loggedInUser_Assignment_PHD_Test</b><br>Test class: com.cet.phd.PhpAssignmet_Test</td>
<td></td>
<td>7</td>
<td>com.cet.phd.PhpAssignmet_Test@21fdfefc</td></tr>
<tr>
<td title='com.cet.phd.PhdHomeSkillOnlyNotAssigned_Test.mandarinSkillCount_OnlyNotAssigned_Test()'><b>mandarinSkillCount_OnlyNotAssigned_Test</b><br>Test class: com.cet.phd.PhdHomeSkillOnlyNotAssigned_Test</td>
<td></td>
<td>0</td>
<td>com.cet.phd.PhdHomeSkillOnlyNotAssigned_Test@d8948cd</td></tr>
<tr>
<td title='com.cet.phd.PhdHomeSkillAssigned_Test.mandarinSkillCount_Test()'><b>mandarinSkillCount_Test</b><br>Test class: com.cet.phd.PhdHomeSkillAssigned_Test</td>
<td></td>
<td>0</td>
<td>com.cet.phd.PhdHomeSkillAssigned_Test@773e2eb5</td></tr>
<tr>
<td title='com.cet.phd.PhdSearchEdit_Test.market_Edit_Test()'><b>market_Edit_Test</b><br>Test class: com.cet.phd.PhdSearchEdit_Test</td>
<td></td>
<td>1</td>
<td>com.cet.phd.PhdSearchEdit_Test@6a9950f1</td></tr>
<tr>
<td title='com.cet.phd.PhdSearch_View_Test.market_View__Test()'><b>market_View__Test</b><br>Test class: com.cet.phd.PhdSearch_View_Test</td>
<td></td>
<td>1</td>
<td>com.cet.phd.PhdSearch_View_Test@7ad54c55</td></tr>
<tr>
<td title='com.cet.GPRTS_NextAdditionalHouseHold_Test.nextAdditionalHouseHoldMembersFirstName_GPRTSTest()'><b>nextAdditionalHouseHoldMembersFirstName_GPRTSTest</b><br>Test class: com.cet.GPRTS_NextAdditionalHouseHold_Test</td>
<td></td>
<td>0</td>
<td>com.cet.GPRTS_NextAdditionalHouseHold_Test@1aa99005</td></tr>
<tr>
<td title='com.cet.GPRTS_NextAdditionalHouseHold_Test.nextAdditionalHouseHoldMembersLastName_GPRTSTest()'><b>nextAdditionalHouseHoldMembersLastName_GPRTSTest</b><br>Test class: com.cet.GPRTS_NextAdditionalHouseHold_Test</td>
<td></td>
<td>0</td>
<td>com.cet.GPRTS_NextAdditionalHouseHold_Test@1aa99005</td></tr>
<tr>
<td title='com.cet.phd.PhdHome_Test.nextScheduledTableHeader_Test()'><b>nextScheduledTableHeader_Test</b><br>Test class: com.cet.phd.PhdHome_Test</td>
<td></td>
<td>0</td>
<td>com.cet.phd.PhdHome_Test@1948ea69</td></tr>
<tr>
<td title='com.cet.phd.PhdHome_Test.nextScheduledTableHeader_Test()'><b>nextScheduledTableHeader_Test</b><br>Test class: com.cet.phd.PhdHome_Test</td>
<td></td>
<td>0</td>
<td>com.cet.phd.PhdHome_Test@47e4d9d0</td></tr>
<tr>
<td title='com.cet.phd.PhdHome_Test.nextScheduledTableHeader_Test()'><b>nextScheduledTableHeader_Test</b><br>Test class: com.cet.phd.PhdHome_Test</td>
<td></td>
<td>0</td>
<td>com.cet.phd.PhdHome_Test@49798e84</td></tr>
<tr>
<td title='com.cet.phd.PhdHome_Test.nextScheduledTableHeader_Test()'><b>nextScheduledTableHeader_Test</b><br>Test class: com.cet.phd.PhdHome_Test</td>
<td></td>
<td>0</td>
<td>com.cet.phd.PhdHome_Test@5dbf5634</td></tr>
<tr>
<td title='com.cet.phd.PhdHome_Test.nextScheduledTableHeader_Test()'><b>nextScheduledTableHeader_Test</b><br>Test class: com.cet.phd.PhdHome_Test</td>
<td></td>
<td>0</td>
<td>com.cet.phd.PhdHome_Test@6ed06f69</td></tr>
<tr>
<td title='com.cet.phd.PhdSearchEdit_Test.other_Edit_Test()'><b>other_Edit_Test</b><br>Test class: com.cet.phd.PhdSearchEdit_Test</td>
<td></td>
<td>1</td>
<td>com.cet.phd.PhdSearchEdit_Test@6a9950f1</td></tr>
<tr>
<td title='com.cet.phd.PhdSearch_View_Test.other_View__Test()'><b>other_View__Test</b><br>Test class: com.cet.phd.PhdSearch_View_Test</td>
<td></td>
<td>1</td>
<td>com.cet.phd.PhdSearch_View_Test@7ad54c55</td></tr>
<tr>
<td title='com.cet.phd.PhdSearch_Test.phoneNumberSearch_PHD_Test()'><b>phoneNumberSearch_PHD_Test</b><br>Test class: com.cet.phd.PhdSearch_Test</td>
<td></td>
<td>21</td>
<td>com.cet.phd.PhdSearch_Test@1931d99</td></tr>
<tr>
<td title='com.cet.phd.PhdSearchEdit_Test.scheduledDate_Edit_Test()'><b>scheduledDate_Edit_Test</b><br>Test class: com.cet.phd.PhdSearchEdit_Test</td>
<td></td>
<td>1</td>
<td>com.cet.phd.PhdSearchEdit_Test@6a9950f1</td></tr>
<tr>
<td title='com.cet.phd.PhdSearch_View_Test.scheduledDate_View__Test()'><b>scheduledDate_View__Test</b><br>Test class: com.cet.phd.PhdSearch_View_Test</td>
<td></td>
<td>1</td>
<td>com.cet.phd.PhdSearch_View_Test@7ad54c55</td></tr>
<tr>
<td title='com.cet.phd.PhdSearchEdit_Test.selectDisposition_Edit_Test()'><b>selectDisposition_Edit_Test</b><br>Test class: com.cet.phd.PhdSearchEdit_Test</td>
<td></td>
<td>3</td>
<td>com.cet.phd.PhdSearchEdit_Test@6a9950f1</td></tr>
<tr>
<td title='com.cet.phd.PhdSearch_View_Test.selectDisposition_View__Test()'><b>selectDisposition_View__Test</b><br>Test class: com.cet.phd.PhdSearch_View_Test</td>
<td></td>
<td>3</td>
<td>com.cet.phd.PhdSearch_View_Test@7ad54c55</td></tr>
<tr>
<td title='com.cet.phd.PhdUserAdminAddNewUser_Test.selectLanguagePHD_Test()'><b>selectLanguagePHD_Test</b><br>Test class: com.cet.phd.PhdUserAdminAddNewUser_Test</td>
<td></td>
<td>4</td>
<td>com.cet.phd.PhdUserAdminAddNewUser_Test@6edcd0d8</td></tr>
<tr>
<td title='com.cet.phd.PhdUserAdminAddNewUser_Test.selectTeamPHD_Test()'><b>selectTeamPHD_Test</b><br>Test class: com.cet.phd.PhdUserAdminAddNewUser_Test</td>
<td></td>
<td>2</td>
<td>com.cet.phd.PhdUserAdminAddNewUser_Test@6edcd0d8</td></tr>
<tr>
<td title='com.cet.phd.PhdHomeSkillOnlyNotAssigned_Test.spanishSkillCount_OnlyNotAssigned_Test()'><b>spanishSkillCount_OnlyNotAssigned_Test</b><br>Test class: com.cet.phd.PhdHomeSkillOnlyNotAssigned_Test</td>
<td></td>
<td>0</td>
<td>com.cet.phd.PhdHomeSkillOnlyNotAssigned_Test@d8948cd</td></tr>
<tr>
<td title='com.cet.phd.PhdHomeSkillAssigned_Test.spanishSkillCount_Test()'><b>spanishSkillCount_Test</b><br>Test class: com.cet.phd.PhdHomeSkillAssigned_Test</td>
<td></td>
<td>0</td>
<td>com.cet.phd.PhdHomeSkillAssigned_Test@773e2eb5</td></tr>
<tr>
<td title='com.cet.phd.PhdSearchEdit_Test.ssrAssigned_Edit_Test()'><b>ssrAssigned_Edit_Test</b><br>Test class: com.cet.phd.PhdSearchEdit_Test</td>
<td></td>
<td>1</td>
<td>com.cet.phd.PhdSearchEdit_Test@6a9950f1</td></tr>
<tr>
<td title='com.cet.phd.PhdSearch_View_Test.ssrAssigned_View__Test()'><b>ssrAssigned_View__Test</b><br>Test class: com.cet.phd.PhdSearch_View_Test</td>
<td></td>
<td>1</td>
<td>com.cet.phd.PhdSearch_View_Test@7ad54c55</td></tr>
<tr>
<td title='com.cet.phd.PhdSearchEdit_Test.ssrSupervisor_Edit_Test()'><b>ssrSupervisor_Edit_Test</b><br>Test class: com.cet.phd.PhdSearchEdit_Test</td>
<td></td>
<td>1</td>
<td>com.cet.phd.PhdSearchEdit_Test@6a9950f1</td></tr>
<tr>
<td title='com.cet.phd.PhdSearch_View_Test.ssrSupervisor_View__Test()'><b>ssrSupervisor_View__Test</b><br>Test class: com.cet.phd.PhdSearch_View_Test</td>
<td></td>
<td>1</td>
<td>com.cet.phd.PhdSearch_View_Test@7ad54c55</td></tr>
<tr>
<td title='com.cet.phd.PhdHomeSkillOnlyNotAssigned_Test.tagalogSkillCount_OnlyNotAssigned_Test()'><b>tagalogSkillCount_OnlyNotAssigned_Test</b><br>Test class: com.cet.phd.PhdHomeSkillOnlyNotAssigned_Test</td>
<td></td>
<td>0</td>
<td>com.cet.phd.PhdHomeSkillOnlyNotAssigned_Test@d8948cd</td></tr>
<tr>
<td title='com.cet.phd.PhdHomeSkillAssigned_Test.tagalogSkillCount_Test()'><b>tagalogSkillCount_Test</b><br>Test class: com.cet.phd.PhdHomeSkillAssigned_Test</td>
<td></td>
<td>0</td>
<td>com.cet.phd.PhdHomeSkillAssigned_Test@773e2eb5</td></tr>
<tr>
<td title='com.cet.phd.PhdSearch_View_Test.taskHistory_AttemptCount_View__Test()'><b>taskHistory_AttemptCount_View__Test</b><br>Test class: com.cet.phd.PhdSearch_View_Test</td>
<td></td>
<td>0</td>
<td>com.cet.phd.PhdSearch_View_Test@7ad54c55</td></tr>
<tr>
<td title='com.cet.phd.PhdSearch_View_Test.taskHistory_AttemptDate_View__Test()'><b>taskHistory_AttemptDate_View__Test</b><br>Test class: com.cet.phd.PhdSearch_View_Test</td>
<td></td>
<td>0</td>
<td>com.cet.phd.PhdSearch_View_Test@7ad54c55</td></tr>
<tr>
<td title='com.cet.phd.PhdSearch_View_Test.taskHistory_Disposition_View__Test()'><b>taskHistory_Disposition_View__Test</b><br>Test class: com.cet.phd.PhdSearch_View_Test</td>
<td></td>
<td>1</td>
<td>com.cet.phd.PhdSearch_View_Test@7ad54c55</td></tr>
<tr>
<td title='com.cet.phd.PhdSearch_View_Test.taskHistory_JobName_View__Test()'><b>taskHistory_JobName_View__Test</b><br>Test class: com.cet.phd.PhdSearch_View_Test</td>
<td></td>
<td>0</td>
<td>com.cet.phd.PhdSearch_View_Test@7ad54c55</td></tr>
<tr>
<td title='com.cet.phd.PhdSearch_View_Test.taskHistory_User_Notes__Test()'><b>taskHistory_User_Notes__Test</b><br>Test class: com.cet.phd.PhdSearch_View_Test</td>
<td></td>
<td>0</td>
<td>com.cet.phd.PhdSearch_View_Test@7ad54c55</td></tr>
<tr>
<td title='com.cet.phd.PhdSearch_View_Test.taskHistory_User_View__Test()'><b>taskHistory_User_View__Test</b><br>Test class: com.cet.phd.PhdSearch_View_Test</td>
<td></td>
<td>0</td>
<td>com.cet.phd.PhdSearch_View_Test@7ad54c55</td></tr>
<tr>
<td title='com.cet.phd.PhpAssignmet_Test.taskIDSearch_Assignment_PHD_Test()'><b>taskIDSearch_Assignment_PHD_Test</b><br>Test class: com.cet.phd.PhpAssignmet_Test</td>
<td></td>
<td>26</td>
<td>com.cet.phd.PhpAssignmet_Test@21fdfefc</td></tr>
<tr>
<td title='com.cet.phd.PhdSearchEdit_Test.taskId_Edit_Test()'><b>taskId_Edit_Test</b><br>Test class: com.cet.phd.PhdSearchEdit_Test</td>
<td></td>
<td>1</td>
<td>com.cet.phd.PhdSearchEdit_Test@6a9950f1</td></tr>
<tr>
<td title='com.cet.phd.PhdSearch_View_Test.taskId_View__Test()'><b>taskId_View__Test</b><br>Test class: com.cet.phd.PhdSearch_View_Test</td>
<td></td>
<td>1</td>
<td>com.cet.phd.PhdSearch_View_Test@7ad54c55</td></tr>
<tr>
<td title='com.cet.phd.PhdSearchEdit_Test.taskLanguage_Edit_Test()'><b>taskLanguage_Edit_Test</b><br>Test class: com.cet.phd.PhdSearchEdit_Test</td>
<td></td>
<td>1</td>
<td>com.cet.phd.PhdSearchEdit_Test@6a9950f1</td></tr>
<tr>
<td title='com.cet.phd.PhpAssignmet_Test.taskStatusSearch_Assignment_PHD_Test()'><b>taskStatusSearch_Assignment_PHD_Test</b><br>Test class: com.cet.phd.PhpAssignmet_Test</td>
<td></td>
<td>28</td>
<td>com.cet.phd.PhpAssignmet_Test@21fdfefc</td></tr>
<tr>
<td title='com.cet.phd.PhdSearch_Test.taskStatusSearch_PHD_Test()'><b>taskStatusSearch_PHD_Test</b><br>Test class: com.cet.phd.PhdSearch_Test</td>
<td></td>
<td>22</td>
<td>com.cet.phd.PhdSearch_Test@1931d99</td></tr>
<tr>
<td title='com.cet.phd.PhdSearchEdit_Test.taskStatus_Edit_Test()'><b>taskStatus_Edit_Test</b><br>Test class: com.cet.phd.PhdSearchEdit_Test</td>
<td></td>
<td>1</td>
<td>com.cet.phd.PhdSearchEdit_Test@6a9950f1</td></tr>
<tr>
<td title='com.cet.phd.PhdSearch_View_Test.taskStatus_View__Test()'><b>taskStatus_View__Test</b><br>Test class: com.cet.phd.PhdSearch_View_Test</td>
<td></td>
<td>1</td>
<td>com.cet.phd.PhdSearch_View_Test@7ad54c55</td></tr>
<tr>
<td title='com.cet.phd.PhdSearchEdit_Test.taskType_Edit_Test()'><b>taskType_Edit_Test</b><br>Test class: com.cet.phd.PhdSearchEdit_Test</td>
<td></td>
<td>1</td>
<td>com.cet.phd.PhdSearchEdit_Test@6a9950f1</td></tr>
<tr>
<td title='com.cet.phd.PhdSearch_View_Test.taskType_View__Test()'><b>taskType_View__Test</b><br>Test class: com.cet.phd.PhdSearch_View_Test</td>
<td></td>
<td>1</td>
<td>com.cet.phd.PhdSearch_View_Test@7ad54c55</td></tr>
<tr>
<td title='com.cet.phd.PhdSearch_Test.tastTypeSearch_PHD_DefaultTest()'><b>tastTypeSearch_PHD_DefaultTest</b><br>Test class: com.cet.phd.PhdSearch_Test</td>
<td></td>
<td>2</td>
<td>com.cet.phd.PhdSearch_Test@1931d99</td></tr>
<tr>
<td title='com.cet.phd.PhdHomeSkillOnlyNotAssigned_Test.vietnameseSkillCount_OnlyNotAssigned_Test()'><b>vietnameseSkillCount_OnlyNotAssigned_Test</b><br>Test class: com.cet.phd.PhdHomeSkillOnlyNotAssigned_Test</td>
<td></td>
<td>0</td>
<td>com.cet.phd.PhdHomeSkillOnlyNotAssigned_Test@d8948cd</td></tr>
<tr>
<td title='com.cet.phd.PhdHomeSkillAssigned_Test.vietnameseSkillCount_Test()'><b>vietnameseSkillCount_Test</b><br>Test class: com.cet.phd.PhdHomeSkillAssigned_Test</td>
<td></td>
<td>0</td>
<td>com.cet.phd.PhdHomeSkillAssigned_Test@773e2eb5</td></tr>
</table><p>
<table width='100%' border='1' class='invocation-skipped'>
<tr><td colspan='4' align='center'><b>SKIPPED TESTS</b></td></tr>
<tr><td><b>Test method</b></td>
<td width="30%"><b>Exception</b></td>
<td width="10%"><b>Time (seconds)</b></td>
<td><b>Instance</b></td>
</tr>
<tr>
<td title='com.cet.INDTSAdditionalHouseHold_Test.additionalHouseHoldMembersCount_INDTSTest()'><b>additionalHouseHoldMembersCount_INDTSTest</b><br>Test class: com.cet.INDTSAdditionalHouseHold_Test</td>
<td><div><pre>org.openqa.selenium.NoSuchElementException: Unable to find element with xpath == //table/tbody/tr/td/input[1]
For documentation on this error, please visit: https://www.seleniumhq.org/exceptions/no_such_element.html
Build info: version: &apos;4.0.0-alpha-3&apos;, revision: &apos;8c567de6dc&apos;
System info: host: &apos;LHTU05CG4472DYW&apos;, ip: &apos;10.99.6.50&apos;, os.name: &apos;Windows 10&apos;, os.arch: &apos;amd64&apos;, os.version: &apos;10.0&apos;, java.version: &apos;1.8.0_261&apos;
Driver info: org.openqa.selenium.ie.InternetExplorerDriver
Capabilities {acceptInsecureCerts: false, browserName: internet explorer, browserVersion: 11, javascriptEnabled: true, pageLoadStrategy: normal, platform: WINDOWS, platformName: WINDOWS, proxy: Proxy(), se:ieOptions: {browserAttachTimeout: 0, elementScrollBehavior: 0, enablePersistentHover: false, ie.browserCommandLineSwitches: , ie.edgechromium: false, ie.edgepath: , ie.ensureCleanSession: false, ie.fileUploadDialogTimeout: 3000, ie.forceCreateProcessApi: false, ignoreProtectedModeSettings: true, ignoreZoomSetting: true, initialBrowserUrl: http://localhost:5091/, nativeEvents: false, requireWindowFocus: true}, setWindowRect: true, strictFileInteractability: false, timeouts: {implicit: 0, pageLoad: 300000, script: 30000}, unhandledPromptBehavior: dismiss and notify}
Session ID: 1950bf9a-a9f2-467b-be03-70c66eb6ed60
*** Element info: {Using=xpath, value=//table/tbody/tr/td/input[1]}
	at org.openqa.selenium.remote.codec.w3c.W3CHttpResponseCodec.createException(W3CHttpResponseCodec.java:191)
	at org.openqa.selenium.remote.codec.w3c.W3CHttpResponseCodec.decode(W3CHttpResponseCodec.java:125)
	at org.openqa.selenium.remote.codec.w3c.W3CHttpResponseCodec.decode(W3CHttpResponseCodec.java:52)
	at org.openqa.selenium.remote.HttpCommandExecutor.execute(HttpCommandExecutor.java:161)
	at org.openqa.selenium.remote.service.DriverCommandExecutor.execute(DriverCommandExecutor.java:83)
	at org.openqa.selenium.remote.RemoteWebDriver.execute(RemoteWebDriver.java:576)
	at org.openqa.selenium.remote.RemoteWebDriver.findElement(RemoteWebDriver.java:327)
	at org.openqa.selenium.remote.RemoteWebDriver.findElementByXPath(RemoteWebDriver.java:445)
	at org.openqa.selenium.By$ByXPath.findElement(By.java:396)
	at org.openqa.selenium.remote.RemoteWebDriver.findElement(RemoteWebDriver.java:319)
	at com.cet.pagerepositery.AssignmentPage.searchResultCheckBox(AssignmentPage.java:40)
	at com.cet.utility.AdditionalHouseHold_Helper.assignTask(AdditionalHouseHold_Helper.java:26)
	at com.cet.INDTSAdditionalHouseHold_Test.setINDTSTeam(INDTSAdditionalHouseHold_Test.java:57)
... Removed 28 stack frames</pre></div><a href='#' onClick='toggleBox("stack-trace795982694", this, "Click to show all stack frames", "Click to hide stack frames")'>Click to show all stack frames</a>
<div class='stack-trace' id='stack-trace795982694'><pre>org.openqa.selenium.NoSuchElementException: Unable to find element with xpath == //table/tbody/tr/td/input[1]
For documentation on this error, please visit: https://www.seleniumhq.org/exceptions/no_such_element.html
Build info: version: &apos;4.0.0-alpha-3&apos;, revision: &apos;8c567de6dc&apos;
System info: host: &apos;LHTU05CG4472DYW&apos;, ip: &apos;10.99.6.50&apos;, os.name: &apos;Windows 10&apos;, os.arch: &apos;amd64&apos;, os.version: &apos;10.0&apos;, java.version: &apos;1.8.0_261&apos;
Driver info: org.openqa.selenium.ie.InternetExplorerDriver
Capabilities {acceptInsecureCerts: false, browserName: internet explorer, browserVersion: 11, javascriptEnabled: true, pageLoadStrategy: normal, platform: WINDOWS, platformName: WINDOWS, proxy: Proxy(), se:ieOptions: {browserAttachTimeout: 0, elementScrollBehavior: 0, enablePersistentHover: false, ie.browserCommandLineSwitches: , ie.edgechromium: false, ie.edgepath: , ie.ensureCleanSession: false, ie.fileUploadDialogTimeout: 3000, ie.forceCreateProcessApi: false, ignoreProtectedModeSettings: true, ignoreZoomSetting: true, initialBrowserUrl: http://localhost:5091/, nativeEvents: false, requireWindowFocus: true}, setWindowRect: true, strictFileInteractability: false, timeouts: {implicit: 0, pageLoad: 300000, script: 30000}, unhandledPromptBehavior: dismiss and notify}
Session ID: 1950bf9a-a9f2-467b-be03-70c66eb6ed60
*** Element info: {Using=xpath, value=//table/tbody/tr/td/input[1]}
	at sun.reflect.NativeConstructorAccessorImpl.newInstance0(Native Method)
	at sun.reflect.NativeConstructorAccessorImpl.newInstance(Unknown Source)
	at sun.reflect.DelegatingConstructorAccessorImpl.newInstance(Unknown Source)
	at java.lang.reflect.Constructor.newInstance(Unknown Source)
	at org.openqa.selenium.remote.codec.w3c.W3CHttpResponseCodec.createException(W3CHttpResponseCodec.java:191)
	at org.openqa.selenium.remote.codec.w3c.W3CHttpResponseCodec.decode(W3CHttpResponseCodec.java:125)
	at org.openqa.selenium.remote.codec.w3c.W3CHttpResponseCodec.decode(W3CHttpResponseCodec.java:52)
	at org.openqa.selenium.remote.HttpCommandExecutor.execute(HttpCommandExecutor.java:161)
	at org.openqa.selenium.remote.service.DriverCommandExecutor.execute(DriverCommandExecutor.java:83)
	at org.openqa.selenium.remote.RemoteWebDriver.execute(RemoteWebDriver.java:576)
	at org.openqa.selenium.remote.RemoteWebDriver.findElement(RemoteWebDriver.java:327)
	at org.openqa.selenium.remote.RemoteWebDriver.findElementByXPath(RemoteWebDriver.java:445)
	at org.openqa.selenium.By$ByXPath.findElement(By.java:396)
	at org.openqa.selenium.remote.RemoteWebDriver.findElement(RemoteWebDriver.java:319)
	at com.cet.pagerepositery.AssignmentPage.searchResultCheckBox(AssignmentPage.java:40)
	at com.cet.utility.AdditionalHouseHold_Helper.assignTask(AdditionalHouseHold_Helper.java:26)
	at com.cet.INDTSAdditionalHouseHold_Test.setINDTSTeam(INDTSAdditionalHouseHold_Test.java:57)
	at sun.reflect.NativeMethodAccessorImpl.invoke0(Native Method)
	at sun.reflect.NativeMethodAccessorImpl.invoke(Unknown Source)
	at sun.reflect.DelegatingMethodAccessorImpl.invoke(Unknown Source)
	at java.lang.reflect.Method.invoke(Unknown Source)
	at org.testng.internal.MethodInvocationHelper.invokeMethod(MethodInvocationHelper.java:133)
	at org.testng.internal.MethodInvocationHelper.invokeMethodConsideringTimeout(MethodInvocationHelper.java:62)
	at org.testng.internal.ConfigInvoker.invokeConfigurationMethod(ConfigInvoker.java:340)
	at org.testng.internal.ConfigInvoker.invokeConfigurations(ConfigInvoker.java:294)
	at org.testng.TestRunner.invokeTestConfigurations(TestRunner.java:623)
	at org.testng.TestRunner.beforeRun(TestRunner.java:613)
	at org.testng.TestRunner.run(TestRunner.java:584)
	at org.testng.SuiteRunner.runTest(SuiteRunner.java:402)
	at org.testng.SuiteRunner.runSequentially(SuiteRunner.java:396)
	at org.testng.SuiteRunner.privateRun(SuiteRunner.java:355)
	at org.testng.SuiteRunner.run(SuiteRunner.java:304)
	at org.testng.SuiteRunnerWorker.runSuite(SuiteRunnerWorker.java:53)
	at org.testng.SuiteRunnerWorker.run(SuiteRunnerWorker.java:96)
	at org.testng.TestNG.runSuitesSequentially(TestNG.java:1180)
	at org.testng.TestNG.runSuitesLocally(TestNG.java:1102)
	at org.testng.TestNG.runSuites(TestNG.java:1032)
	at org.testng.TestNG.run(TestNG.java:1000)
	at org.testng.remote.AbstractRemoteTestNG.run(AbstractRemoteTestNG.java:115)
	at org.testng.remote.RemoteTestNG.initAndRun(RemoteTestNG.java:251)
	at org.testng.remote.RemoteTestNG.main(RemoteTestNG.java:77)
</pre></div></td>
<td>0</td>
<td>com.cet.INDTSAdditionalHouseHold_Test@37b72ea</td></tr>
<tr>
<td title='com.cet.INDTSAdditionalHouseHold_Test.additionalHouseHoldMembersCount_INDTSTest()'><b>additionalHouseHoldMembersCount_INDTSTest</b><br>Test class: com.cet.INDTSAdditionalHouseHold_Test</td>
<td><div><pre>org.openqa.selenium.NoSuchElementException: Unable to find element with xpath == //table/tbody/tr/td/input[1]
For documentation on this error, please visit: https://www.seleniumhq.org/exceptions/no_such_element.html
Build info: version: &apos;4.0.0-alpha-3&apos;, revision: &apos;8c567de6dc&apos;
System info: host: &apos;LHTU05CG4472DYW&apos;, ip: &apos;10.99.6.50&apos;, os.name: &apos;Windows 10&apos;, os.arch: &apos;amd64&apos;, os.version: &apos;10.0&apos;, java.version: &apos;1.8.0_261&apos;
Driver info: org.openqa.selenium.ie.InternetExplorerDriver
Capabilities {acceptInsecureCerts: false, browserName: internet explorer, browserVersion: 11, javascriptEnabled: true, pageLoadStrategy: normal, platform: WINDOWS, platformName: WINDOWS, proxy: Proxy(), se:ieOptions: {browserAttachTimeout: 0, elementScrollBehavior: 0, enablePersistentHover: false, ie.browserCommandLineSwitches: , ie.edgechromium: false, ie.edgepath: , ie.ensureCleanSession: false, ie.fileUploadDialogTimeout: 3000, ie.forceCreateProcessApi: false, ignoreProtectedModeSettings: true, ignoreZoomSetting: true, initialBrowserUrl: http://localhost:5091/, nativeEvents: false, requireWindowFocus: true}, setWindowRect: true, strictFileInteractability: false, timeouts: {implicit: 0, pageLoad: 300000, script: 30000}, unhandledPromptBehavior: dismiss and notify}
Session ID: 1950bf9a-a9f2-467b-be03-70c66eb6ed60
*** Element info: {Using=xpath, value=//table/tbody/tr/td/input[1]}
	at org.openqa.selenium.remote.codec.w3c.W3CHttpResponseCodec.createException(W3CHttpResponseCodec.java:191)
	at org.openqa.selenium.remote.codec.w3c.W3CHttpResponseCodec.decode(W3CHttpResponseCodec.java:125)
	at org.openqa.selenium.remote.codec.w3c.W3CHttpResponseCodec.decode(W3CHttpResponseCodec.java:52)
	at org.openqa.selenium.remote.HttpCommandExecutor.execute(HttpCommandExecutor.java:161)
	at org.openqa.selenium.remote.service.DriverCommandExecutor.execute(DriverCommandExecutor.java:83)
	at org.openqa.selenium.remote.RemoteWebDriver.execute(RemoteWebDriver.java:576)
	at org.openqa.selenium.remote.RemoteWebDriver.findElement(RemoteWebDriver.java:327)
	at org.openqa.selenium.remote.RemoteWebDriver.findElementByXPath(RemoteWebDriver.java:445)
	at org.openqa.selenium.By$ByXPath.findElement(By.java:396)
	at org.openqa.selenium.remote.RemoteWebDriver.findElement(RemoteWebDriver.java:319)
	at com.cet.pagerepositery.AssignmentPage.searchResultCheckBox(AssignmentPage.java:40)
	at com.cet.utility.AdditionalHouseHold_Helper.assignTask(AdditionalHouseHold_Helper.java:26)
	at com.cet.INDTSAdditionalHouseHold_Test.setINDTSTeam(INDTSAdditionalHouseHold_Test.java:57)
... Removed 28 stack frames</pre></div><a href='#' onClick='toggleBox("stack-trace1815478455", this, "Click to show all stack frames", "Click to hide stack frames")'>Click to show all stack frames</a>
<div class='stack-trace' id='stack-trace1815478455'><pre>org.openqa.selenium.NoSuchElementException: Unable to find element with xpath == //table/tbody/tr/td/input[1]
For documentation on this error, please visit: https://www.seleniumhq.org/exceptions/no_such_element.html
Build info: version: &apos;4.0.0-alpha-3&apos;, revision: &apos;8c567de6dc&apos;
System info: host: &apos;LHTU05CG4472DYW&apos;, ip: &apos;10.99.6.50&apos;, os.name: &apos;Windows 10&apos;, os.arch: &apos;amd64&apos;, os.version: &apos;10.0&apos;, java.version: &apos;1.8.0_261&apos;
Driver info: org.openqa.selenium.ie.InternetExplorerDriver
Capabilities {acceptInsecureCerts: false, browserName: internet explorer, browserVersion: 11, javascriptEnabled: true, pageLoadStrategy: normal, platform: WINDOWS, platformName: WINDOWS, proxy: Proxy(), se:ieOptions: {browserAttachTimeout: 0, elementScrollBehavior: 0, enablePersistentHover: false, ie.browserCommandLineSwitches: , ie.edgechromium: false, ie.edgepath: , ie.ensureCleanSession: false, ie.fileUploadDialogTimeout: 3000, ie.forceCreateProcessApi: false, ignoreProtectedModeSettings: true, ignoreZoomSetting: true, initialBrowserUrl: http://localhost:5091/, nativeEvents: false, requireWindowFocus: true}, setWindowRect: true, strictFileInteractability: false, timeouts: {implicit: 0, pageLoad: 300000, script: 30000}, unhandledPromptBehavior: dismiss and notify}
Session ID: 1950bf9a-a9f2-467b-be03-70c66eb6ed60
*** Element info: {Using=xpath, value=//table/tbody/tr/td/input[1]}
	at sun.reflect.NativeConstructorAccessorImpl.newInstance0(Native Method)
	at sun.reflect.NativeConstructorAccessorImpl.newInstance(Unknown Source)
	at sun.reflect.DelegatingConstructorAccessorImpl.newInstance(Unknown Source)
	at java.lang.reflect.Constructor.newInstance(Unknown Source)
	at org.openqa.selenium.remote.codec.w3c.W3CHttpResponseCodec.createException(W3CHttpResponseCodec.java:191)
	at org.openqa.selenium.remote.codec.w3c.W3CHttpResponseCodec.decode(W3CHttpResponseCodec.java:125)
	at org.openqa.selenium.remote.codec.w3c.W3CHttpResponseCodec.decode(W3CHttpResponseCodec.java:52)
	at org.openqa.selenium.remote.HttpCommandExecutor.execute(HttpCommandExecutor.java:161)
	at org.openqa.selenium.remote.service.DriverCommandExecutor.execute(DriverCommandExecutor.java:83)
	at org.openqa.selenium.remote.RemoteWebDriver.execute(RemoteWebDriver.java:576)
	at org.openqa.selenium.remote.RemoteWebDriver.findElement(RemoteWebDriver.java:327)
	at org.openqa.selenium.remote.RemoteWebDriver.findElementByXPath(RemoteWebDriver.java:445)
	at org.openqa.selenium.By$ByXPath.findElement(By.java:396)
	at org.openqa.selenium.remote.RemoteWebDriver.findElement(RemoteWebDriver.java:319)
	at com.cet.pagerepositery.AssignmentPage.searchResultCheckBox(AssignmentPage.java:40)
	at com.cet.utility.AdditionalHouseHold_Helper.assignTask(AdditionalHouseHold_Helper.java:26)
	at com.cet.INDTSAdditionalHouseHold_Test.setINDTSTeam(INDTSAdditionalHouseHold_Test.java:57)
	at sun.reflect.NativeMethodAccessorImpl.invoke0(Native Method)
	at sun.reflect.NativeMethodAccessorImpl.invoke(Unknown Source)
	at sun.reflect.DelegatingMethodAccessorImpl.invoke(Unknown Source)
	at java.lang.reflect.Method.invoke(Unknown Source)
	at org.testng.internal.MethodInvocationHelper.invokeMethod(MethodInvocationHelper.java:133)
	at org.testng.internal.MethodInvocationHelper.invokeMethodConsideringTimeout(MethodInvocationHelper.java:62)
	at org.testng.internal.ConfigInvoker.invokeConfigurationMethod(ConfigInvoker.java:340)
	at org.testng.internal.ConfigInvoker.invokeConfigurations(ConfigInvoker.java:294)
	at org.testng.TestRunner.invokeTestConfigurations(TestRunner.java:623)
	at org.testng.TestRunner.beforeRun(TestRunner.java:613)
	at org.testng.TestRunner.run(TestRunner.java:584)
	at org.testng.SuiteRunner.runTest(SuiteRunner.java:402)
	at org.testng.SuiteRunner.runSequentially(SuiteRunner.java:396)
	at org.testng.SuiteRunner.privateRun(SuiteRunner.java:355)
	at org.testng.SuiteRunner.run(SuiteRunner.java:304)
	at org.testng.SuiteRunnerWorker.runSuite(SuiteRunnerWorker.java:53)
	at org.testng.SuiteRunnerWorker.run(SuiteRunnerWorker.java:96)
	at org.testng.TestNG.runSuitesSequentially(TestNG.java:1180)
	at org.testng.TestNG.runSuitesLocally(TestNG.java:1102)
	at org.testng.TestNG.runSuites(TestNG.java:1032)
	at org.testng.TestNG.run(TestNG.java:1000)
	at org.testng.remote.AbstractRemoteTestNG.run(AbstractRemoteTestNG.java:115)
	at org.testng.remote.RemoteTestNG.initAndRun(RemoteTestNG.java:251)
	at org.testng.remote.RemoteTestNG.main(RemoteTestNG.java:77)
</pre></div></td>
<td>0</td>
<td>com.cet.INDTSAdditionalHouseHold_Test@7d37f1c</td></tr>
<tr>
<td title='com.cet.INDTSAdditionalHouseHold_Test.additionalHouseHoldMembersCount_INDTSTest()'><b>additionalHouseHoldMembersCount_INDTSTest</b><br>Test class: com.cet.INDTSAdditionalHouseHold_Test</td>
<td><div><pre>org.openqa.selenium.NoSuchElementException: Unable to find element with xpath == //table/tbody/tr/td/input[1]
For documentation on this error, please visit: https://www.seleniumhq.org/exceptions/no_such_element.html
Build info: version: &apos;4.0.0-alpha-3&apos;, revision: &apos;8c567de6dc&apos;
System info: host: &apos;LHTU05CG4472DYW&apos;, ip: &apos;10.99.6.50&apos;, os.name: &apos;Windows 10&apos;, os.arch: &apos;amd64&apos;, os.version: &apos;10.0&apos;, java.version: &apos;1.8.0_261&apos;
Driver info: org.openqa.selenium.ie.InternetExplorerDriver
Capabilities {acceptInsecureCerts: false, browserName: internet explorer, browserVersion: 11, javascriptEnabled: true, pageLoadStrategy: normal, platform: WINDOWS, platformName: WINDOWS, proxy: Proxy(), se:ieOptions: {browserAttachTimeout: 0, elementScrollBehavior: 0, enablePersistentHover: false, ie.browserCommandLineSwitches: , ie.edgechromium: false, ie.edgepath: , ie.ensureCleanSession: false, ie.fileUploadDialogTimeout: 3000, ie.forceCreateProcessApi: false, ignoreProtectedModeSettings: true, ignoreZoomSetting: true, initialBrowserUrl: http://localhost:5091/, nativeEvents: false, requireWindowFocus: true}, setWindowRect: true, strictFileInteractability: false, timeouts: {implicit: 0, pageLoad: 300000, script: 30000}, unhandledPromptBehavior: dismiss and notify}
Session ID: 1950bf9a-a9f2-467b-be03-70c66eb6ed60
*** Element info: {Using=xpath, value=//table/tbody/tr/td/input[1]}
	at org.openqa.selenium.remote.codec.w3c.W3CHttpResponseCodec.createException(W3CHttpResponseCodec.java:191)
	at org.openqa.selenium.remote.codec.w3c.W3CHttpResponseCodec.decode(W3CHttpResponseCodec.java:125)
	at org.openqa.selenium.remote.codec.w3c.W3CHttpResponseCodec.decode(W3CHttpResponseCodec.java:52)
	at org.openqa.selenium.remote.HttpCommandExecutor.execute(HttpCommandExecutor.java:161)
	at org.openqa.selenium.remote.service.DriverCommandExecutor.execute(DriverCommandExecutor.java:83)
	at org.openqa.selenium.remote.RemoteWebDriver.execute(RemoteWebDriver.java:576)
	at org.openqa.selenium.remote.RemoteWebDriver.findElement(RemoteWebDriver.java:327)
	at org.openqa.selenium.remote.RemoteWebDriver.findElementByXPath(RemoteWebDriver.java:445)
	at org.openqa.selenium.By$ByXPath.findElement(By.java:396)
	at org.openqa.selenium.remote.RemoteWebDriver.findElement(RemoteWebDriver.java:319)
	at com.cet.pagerepositery.AssignmentPage.searchResultCheckBox(AssignmentPage.java:40)
	at com.cet.utility.AdditionalHouseHold_Helper.assignTask(AdditionalHouseHold_Helper.java:26)
	at com.cet.INDTSAdditionalHouseHold_Test.setINDTSTeam(INDTSAdditionalHouseHold_Test.java:57)
... Removed 28 stack frames</pre></div><a href='#' onClick='toggleBox("stack-trace2128895166", this, "Click to show all stack frames", "Click to hide stack frames")'>Click to show all stack frames</a>
<div class='stack-trace' id='stack-trace2128895166'><pre>org.openqa.selenium.NoSuchElementException: Unable to find element with xpath == //table/tbody/tr/td/input[1]
For documentation on this error, please visit: https://www.seleniumhq.org/exceptions/no_such_element.html
Build info: version: &apos;4.0.0-alpha-3&apos;, revision: &apos;8c567de6dc&apos;
System info: host: &apos;LHTU05CG4472DYW&apos;, ip: &apos;10.99.6.50&apos;, os.name: &apos;Windows 10&apos;, os.arch: &apos;amd64&apos;, os.version: &apos;10.0&apos;, java.version: &apos;1.8.0_261&apos;
Driver info: org.openqa.selenium.ie.InternetExplorerDriver
Capabilities {acceptInsecureCerts: false, browserName: internet explorer, browserVersion: 11, javascriptEnabled: true, pageLoadStrategy: normal, platform: WINDOWS, platformName: WINDOWS, proxy: Proxy(), se:ieOptions: {browserAttachTimeout: 0, elementScrollBehavior: 0, enablePersistentHover: false, ie.browserCommandLineSwitches: , ie.edgechromium: false, ie.edgepath: , ie.ensureCleanSession: false, ie.fileUploadDialogTimeout: 3000, ie.forceCreateProcessApi: false, ignoreProtectedModeSettings: true, ignoreZoomSetting: true, initialBrowserUrl: http://localhost:5091/, nativeEvents: false, requireWindowFocus: true}, setWindowRect: true, strictFileInteractability: false, timeouts: {implicit: 0, pageLoad: 300000, script: 30000}, unhandledPromptBehavior: dismiss and notify}
Session ID: 1950bf9a-a9f2-467b-be03-70c66eb6ed60
*** Element info: {Using=xpath, value=//table/tbody/tr/td/input[1]}
	at sun.reflect.NativeConstructorAccessorImpl.newInstance0(Native Method)
	at sun.reflect.NativeConstructorAccessorImpl.newInstance(Unknown Source)
	at sun.reflect.DelegatingConstructorAccessorImpl.newInstance(Unknown Source)
	at java.lang.reflect.Constructor.newInstance(Unknown Source)
	at org.openqa.selenium.remote.codec.w3c.W3CHttpResponseCodec.createException(W3CHttpResponseCodec.java:191)
	at org.openqa.selenium.remote.codec.w3c.W3CHttpResponseCodec.decode(W3CHttpResponseCodec.java:125)
	at org.openqa.selenium.remote.codec.w3c.W3CHttpResponseCodec.decode(W3CHttpResponseCodec.java:52)
	at org.openqa.selenium.remote.HttpCommandExecutor.execute(HttpCommandExecutor.java:161)
	at org.openqa.selenium.remote.service.DriverCommandExecutor.execute(DriverCommandExecutor.java:83)
	at org.openqa.selenium.remote.RemoteWebDriver.execute(RemoteWebDriver.java:576)
	at org.openqa.selenium.remote.RemoteWebDriver.findElement(RemoteWebDriver.java:327)
	at org.openqa.selenium.remote.RemoteWebDriver.findElementByXPath(RemoteWebDriver.java:445)
	at org.openqa.selenium.By$ByXPath.findElement(By.java:396)
	at org.openqa.selenium.remote.RemoteWebDriver.findElement(RemoteWebDriver.java:319)
	at com.cet.pagerepositery.AssignmentPage.searchResultCheckBox(AssignmentPage.java:40)
	at com.cet.utility.AdditionalHouseHold_Helper.assignTask(AdditionalHouseHold_Helper.java:26)
	at com.cet.INDTSAdditionalHouseHold_Test.setINDTSTeam(INDTSAdditionalHouseHold_Test.java:57)
	at sun.reflect.NativeMethodAccessorImpl.invoke0(Native Method)
	at sun.reflect.NativeMethodAccessorImpl.invoke(Unknown Source)
	at sun.reflect.DelegatingMethodAccessorImpl.invoke(Unknown Source)
	at java.lang.reflect.Method.invoke(Unknown Source)
	at org.testng.internal.MethodInvocationHelper.invokeMethod(MethodInvocationHelper.java:133)
	at org.testng.internal.MethodInvocationHelper.invokeMethodConsideringTimeout(MethodInvocationHelper.java:62)
	at org.testng.internal.ConfigInvoker.invokeConfigurationMethod(ConfigInvoker.java:340)
	at org.testng.internal.ConfigInvoker.invokeConfigurations(ConfigInvoker.java:294)
	at org.testng.TestRunner.invokeTestConfigurations(TestRunner.java:623)
	at org.testng.TestRunner.beforeRun(TestRunner.java:613)
	at org.testng.TestRunner.run(TestRunner.java:584)
	at org.testng.SuiteRunner.runTest(SuiteRunner.java:402)
	at org.testng.SuiteRunner.runSequentially(SuiteRunner.java:396)
	at org.testng.SuiteRunner.privateRun(SuiteRunner.java:355)
	at org.testng.SuiteRunner.run(SuiteRunner.java:304)
	at org.testng.SuiteRunnerWorker.runSuite(SuiteRunnerWorker.java:53)
	at org.testng.SuiteRunnerWorker.run(SuiteRunnerWorker.java:96)
	at org.testng.TestNG.runSuitesSequentially(TestNG.java:1180)
	at org.testng.TestNG.runSuitesLocally(TestNG.java:1102)
	at org.testng.TestNG.runSuites(TestNG.java:1032)
	at org.testng.TestNG.run(TestNG.java:1000)
	at org.testng.remote.AbstractRemoteTestNG.run(AbstractRemoteTestNG.java:115)
	at org.testng.remote.RemoteTestNG.initAndRun(RemoteTestNG.java:251)
	at org.testng.remote.RemoteTestNG.main(RemoteTestNG.java:77)
</pre></div></td>
<td>0</td>
<td>com.cet.INDTSAdditionalHouseHold_Test@cc239ba</td></tr>
<tr>
<td title='com.cet.INDTSAdditionalHouseHold_Test.additionalHouseHoldMembersFirstName_INDTSTest()'><b>additionalHouseHoldMembersFirstName_INDTSTest</b><br>Test class: com.cet.INDTSAdditionalHouseHold_Test</td>
<td><div><pre>org.openqa.selenium.NoSuchElementException: Unable to find element with xpath == //table/tbody/tr/td/input[1]
For documentation on this error, please visit: https://www.seleniumhq.org/exceptions/no_such_element.html
Build info: version: &apos;4.0.0-alpha-3&apos;, revision: &apos;8c567de6dc&apos;
System info: host: &apos;LHTU05CG4472DYW&apos;, ip: &apos;10.99.6.50&apos;, os.name: &apos;Windows 10&apos;, os.arch: &apos;amd64&apos;, os.version: &apos;10.0&apos;, java.version: &apos;1.8.0_261&apos;
Driver info: org.openqa.selenium.ie.InternetExplorerDriver
Capabilities {acceptInsecureCerts: false, browserName: internet explorer, browserVersion: 11, javascriptEnabled: true, pageLoadStrategy: normal, platform: WINDOWS, platformName: WINDOWS, proxy: Proxy(), se:ieOptions: {browserAttachTimeout: 0, elementScrollBehavior: 0, enablePersistentHover: false, ie.browserCommandLineSwitches: , ie.edgechromium: false, ie.edgepath: , ie.ensureCleanSession: false, ie.fileUploadDialogTimeout: 3000, ie.forceCreateProcessApi: false, ignoreProtectedModeSettings: true, ignoreZoomSetting: true, initialBrowserUrl: http://localhost:5091/, nativeEvents: false, requireWindowFocus: true}, setWindowRect: true, strictFileInteractability: false, timeouts: {implicit: 0, pageLoad: 300000, script: 30000}, unhandledPromptBehavior: dismiss and notify}
Session ID: 1950bf9a-a9f2-467b-be03-70c66eb6ed60
*** Element info: {Using=xpath, value=//table/tbody/tr/td/input[1]}
	at org.openqa.selenium.remote.codec.w3c.W3CHttpResponseCodec.createException(W3CHttpResponseCodec.java:191)
	at org.openqa.selenium.remote.codec.w3c.W3CHttpResponseCodec.decode(W3CHttpResponseCodec.java:125)
	at org.openqa.selenium.remote.codec.w3c.W3CHttpResponseCodec.decode(W3CHttpResponseCodec.java:52)
	at org.openqa.selenium.remote.HttpCommandExecutor.execute(HttpCommandExecutor.java:161)
	at org.openqa.selenium.remote.service.DriverCommandExecutor.execute(DriverCommandExecutor.java:83)
	at org.openqa.selenium.remote.RemoteWebDriver.execute(RemoteWebDriver.java:576)
	at org.openqa.selenium.remote.RemoteWebDriver.findElement(RemoteWebDriver.java:327)
	at org.openqa.selenium.remote.RemoteWebDriver.findElementByXPath(RemoteWebDriver.java:445)
	at org.openqa.selenium.By$ByXPath.findElement(By.java:396)
	at org.openqa.selenium.remote.RemoteWebDriver.findElement(RemoteWebDriver.java:319)
	at com.cet.pagerepositery.AssignmentPage.searchResultCheckBox(AssignmentPage.java:40)
	at com.cet.utility.AdditionalHouseHold_Helper.assignTask(AdditionalHouseHold_Helper.java:26)
	at com.cet.INDTSAdditionalHouseHold_Test.setINDTSTeam(INDTSAdditionalHouseHold_Test.java:57)
... Removed 28 stack frames</pre></div><a href='#' onClick='toggleBox("stack-trace544543427", this, "Click to show all stack frames", "Click to hide stack frames")'>Click to show all stack frames</a>
<div class='stack-trace' id='stack-trace544543427'><pre>org.openqa.selenium.NoSuchElementException: Unable to find element with xpath == //table/tbody/tr/td/input[1]
For documentation on this error, please visit: https://www.seleniumhq.org/exceptions/no_such_element.html
Build info: version: &apos;4.0.0-alpha-3&apos;, revision: &apos;8c567de6dc&apos;
System info: host: &apos;LHTU05CG4472DYW&apos;, ip: &apos;10.99.6.50&apos;, os.name: &apos;Windows 10&apos;, os.arch: &apos;amd64&apos;, os.version: &apos;10.0&apos;, java.version: &apos;1.8.0_261&apos;
Driver info: org.openqa.selenium.ie.InternetExplorerDriver
Capabilities {acceptInsecureCerts: false, browserName: internet explorer, browserVersion: 11, javascriptEnabled: true, pageLoadStrategy: normal, platform: WINDOWS, platformName: WINDOWS, proxy: Proxy(), se:ieOptions: {browserAttachTimeout: 0, elementScrollBehavior: 0, enablePersistentHover: false, ie.browserCommandLineSwitches: , ie.edgechromium: false, ie.edgepath: , ie.ensureCleanSession: false, ie.fileUploadDialogTimeout: 3000, ie.forceCreateProcessApi: false, ignoreProtectedModeSettings: true, ignoreZoomSetting: true, initialBrowserUrl: http://localhost:5091/, nativeEvents: false, requireWindowFocus: true}, setWindowRect: true, strictFileInteractability: false, timeouts: {implicit: 0, pageLoad: 300000, script: 30000}, unhandledPromptBehavior: dismiss and notify}
Session ID: 1950bf9a-a9f2-467b-be03-70c66eb6ed60
*** Element info: {Using=xpath, value=//table/tbody/tr/td/input[1]}
	at sun.reflect.NativeConstructorAccessorImpl.newInstance0(Native Method)
	at sun.reflect.NativeConstructorAccessorImpl.newInstance(Unknown Source)
	at sun.reflect.DelegatingConstructorAccessorImpl.newInstance(Unknown Source)
	at java.lang.reflect.Constructor.newInstance(Unknown Source)
	at org.openqa.selenium.remote.codec.w3c.W3CHttpResponseCodec.createException(W3CHttpResponseCodec.java:191)
	at org.openqa.selenium.remote.codec.w3c.W3CHttpResponseCodec.decode(W3CHttpResponseCodec.java:125)
	at org.openqa.selenium.remote.codec.w3c.W3CHttpResponseCodec.decode(W3CHttpResponseCodec.java:52)
	at org.openqa.selenium.remote.HttpCommandExecutor.execute(HttpCommandExecutor.java:161)
	at org.openqa.selenium.remote.service.DriverCommandExecutor.execute(DriverCommandExecutor.java:83)
	at org.openqa.selenium.remote.RemoteWebDriver.execute(RemoteWebDriver.java:576)
	at org.openqa.selenium.remote.RemoteWebDriver.findElement(RemoteWebDriver.java:327)
	at org.openqa.selenium.remote.RemoteWebDriver.findElementByXPath(RemoteWebDriver.java:445)
	at org.openqa.selenium.By$ByXPath.findElement(By.java:396)
	at org.openqa.selenium.remote.RemoteWebDriver.findElement(RemoteWebDriver.java:319)
	at com.cet.pagerepositery.AssignmentPage.searchResultCheckBox(AssignmentPage.java:40)
	at com.cet.utility.AdditionalHouseHold_Helper.assignTask(AdditionalHouseHold_Helper.java:26)
	at com.cet.INDTSAdditionalHouseHold_Test.setINDTSTeam(INDTSAdditionalHouseHold_Test.java:57)
	at sun.reflect.NativeMethodAccessorImpl.invoke0(Native Method)
	at sun.reflect.NativeMethodAccessorImpl.invoke(Unknown Source)
	at sun.reflect.DelegatingMethodAccessorImpl.invoke(Unknown Source)
	at java.lang.reflect.Method.invoke(Unknown Source)
	at org.testng.internal.MethodInvocationHelper.invokeMethod(MethodInvocationHelper.java:133)
	at org.testng.internal.MethodInvocationHelper.invokeMethodConsideringTimeout(MethodInvocationHelper.java:62)
	at org.testng.internal.ConfigInvoker.invokeConfigurationMethod(ConfigInvoker.java:340)
	at org.testng.internal.ConfigInvoker.invokeConfigurations(ConfigInvoker.java:294)
	at org.testng.TestRunner.invokeTestConfigurations(TestRunner.java:623)
	at org.testng.TestRunner.beforeRun(TestRunner.java:613)
	at org.testng.TestRunner.run(TestRunner.java:584)
	at org.testng.SuiteRunner.runTest(SuiteRunner.java:402)
	at org.testng.SuiteRunner.runSequentially(SuiteRunner.java:396)
	at org.testng.SuiteRunner.privateRun(SuiteRunner.java:355)
	at org.testng.SuiteRunner.run(SuiteRunner.java:304)
	at org.testng.SuiteRunnerWorker.runSuite(SuiteRunnerWorker.java:53)
	at org.testng.SuiteRunnerWorker.run(SuiteRunnerWorker.java:96)
	at org.testng.TestNG.runSuitesSequentially(TestNG.java:1180)
	at org.testng.TestNG.runSuitesLocally(TestNG.java:1102)
	at org.testng.TestNG.runSuites(TestNG.java:1032)
	at org.testng.TestNG.run(TestNG.java:1000)
	at org.testng.remote.AbstractRemoteTestNG.run(AbstractRemoteTestNG.java:115)
	at org.testng.remote.RemoteTestNG.initAndRun(RemoteTestNG.java:251)
	at org.testng.remote.RemoteTestNG.main(RemoteTestNG.java:77)
</pre></div></td>
<td>0</td>
<td>com.cet.INDTSAdditionalHouseHold_Test@37b72ea</td></tr>
<tr>
<td title='com.cet.INDTSAdditionalHouseHold_Test.additionalHouseHoldMembersFirstName_INDTSTest()'><b>additionalHouseHoldMembersFirstName_INDTSTest</b><br>Test class: com.cet.INDTSAdditionalHouseHold_Test</td>
<td><div><pre>org.openqa.selenium.NoSuchElementException: Unable to find element with xpath == //table/tbody/tr/td/input[1]
For documentation on this error, please visit: https://www.seleniumhq.org/exceptions/no_such_element.html
Build info: version: &apos;4.0.0-alpha-3&apos;, revision: &apos;8c567de6dc&apos;
System info: host: &apos;LHTU05CG4472DYW&apos;, ip: &apos;10.99.6.50&apos;, os.name: &apos;Windows 10&apos;, os.arch: &apos;amd64&apos;, os.version: &apos;10.0&apos;, java.version: &apos;1.8.0_261&apos;
Driver info: org.openqa.selenium.ie.InternetExplorerDriver
Capabilities {acceptInsecureCerts: false, browserName: internet explorer, browserVersion: 11, javascriptEnabled: true, pageLoadStrategy: normal, platform: WINDOWS, platformName: WINDOWS, proxy: Proxy(), se:ieOptions: {browserAttachTimeout: 0, elementScrollBehavior: 0, enablePersistentHover: false, ie.browserCommandLineSwitches: , ie.edgechromium: false, ie.edgepath: , ie.ensureCleanSession: false, ie.fileUploadDialogTimeout: 3000, ie.forceCreateProcessApi: false, ignoreProtectedModeSettings: true, ignoreZoomSetting: true, initialBrowserUrl: http://localhost:5091/, nativeEvents: false, requireWindowFocus: true}, setWindowRect: true, strictFileInteractability: false, timeouts: {implicit: 0, pageLoad: 300000, script: 30000}, unhandledPromptBehavior: dismiss and notify}
Session ID: 1950bf9a-a9f2-467b-be03-70c66eb6ed60
*** Element info: {Using=xpath, value=//table/tbody/tr/td/input[1]}
	at org.openqa.selenium.remote.codec.w3c.W3CHttpResponseCodec.createException(W3CHttpResponseCodec.java:191)
	at org.openqa.selenium.remote.codec.w3c.W3CHttpResponseCodec.decode(W3CHttpResponseCodec.java:125)
	at org.openqa.selenium.remote.codec.w3c.W3CHttpResponseCodec.decode(W3CHttpResponseCodec.java:52)
	at org.openqa.selenium.remote.HttpCommandExecutor.execute(HttpCommandExecutor.java:161)
	at org.openqa.selenium.remote.service.DriverCommandExecutor.execute(DriverCommandExecutor.java:83)
	at org.openqa.selenium.remote.RemoteWebDriver.execute(RemoteWebDriver.java:576)
	at org.openqa.selenium.remote.RemoteWebDriver.findElement(RemoteWebDriver.java:327)
	at org.openqa.selenium.remote.RemoteWebDriver.findElementByXPath(RemoteWebDriver.java:445)
	at org.openqa.selenium.By$ByXPath.findElement(By.java:396)
	at org.openqa.selenium.remote.RemoteWebDriver.findElement(RemoteWebDriver.java:319)
	at com.cet.pagerepositery.AssignmentPage.searchResultCheckBox(AssignmentPage.java:40)
	at com.cet.utility.AdditionalHouseHold_Helper.assignTask(AdditionalHouseHold_Helper.java:26)
	at com.cet.INDTSAdditionalHouseHold_Test.setINDTSTeam(INDTSAdditionalHouseHold_Test.java:57)
... Removed 28 stack frames</pre></div><a href='#' onClick='toggleBox("stack-trace1016684206", this, "Click to show all stack frames", "Click to hide stack frames")'>Click to show all stack frames</a>
<div class='stack-trace' id='stack-trace1016684206'><pre>org.openqa.selenium.NoSuchElementException: Unable to find element with xpath == //table/tbody/tr/td/input[1]
For documentation on this error, please visit: https://www.seleniumhq.org/exceptions/no_such_element.html
Build info: version: &apos;4.0.0-alpha-3&apos;, revision: &apos;8c567de6dc&apos;
System info: host: &apos;LHTU05CG4472DYW&apos;, ip: &apos;10.99.6.50&apos;, os.name: &apos;Windows 10&apos;, os.arch: &apos;amd64&apos;, os.version: &apos;10.0&apos;, java.version: &apos;1.8.0_261&apos;
Driver info: org.openqa.selenium.ie.InternetExplorerDriver
Capabilities {acceptInsecureCerts: false, browserName: internet explorer, browserVersion: 11, javascriptEnabled: true, pageLoadStrategy: normal, platform: WINDOWS, platformName: WINDOWS, proxy: Proxy(), se:ieOptions: {browserAttachTimeout: 0, elementScrollBehavior: 0, enablePersistentHover: false, ie.browserCommandLineSwitches: , ie.edgechromium: false, ie.edgepath: , ie.ensureCleanSession: false, ie.fileUploadDialogTimeout: 3000, ie.forceCreateProcessApi: false, ignoreProtectedModeSettings: true, ignoreZoomSetting: true, initialBrowserUrl: http://localhost:5091/, nativeEvents: false, requireWindowFocus: true}, setWindowRect: true, strictFileInteractability: false, timeouts: {implicit: 0, pageLoad: 300000, script: 30000}, unhandledPromptBehavior: dismiss and notify}
Session ID: 1950bf9a-a9f2-467b-be03-70c66eb6ed60
*** Element info: {Using=xpath, value=//table/tbody/tr/td/input[1]}
	at sun.reflect.NativeConstructorAccessorImpl.newInstance0(Native Method)
	at sun.reflect.NativeConstructorAccessorImpl.newInstance(Unknown Source)
	at sun.reflect.DelegatingConstructorAccessorImpl.newInstance(Unknown Source)
	at java.lang.reflect.Constructor.newInstance(Unknown Source)
	at org.openqa.selenium.remote.codec.w3c.W3CHttpResponseCodec.createException(W3CHttpResponseCodec.java:191)
	at org.openqa.selenium.remote.codec.w3c.W3CHttpResponseCodec.decode(W3CHttpResponseCodec.java:125)
	at org.openqa.selenium.remote.codec.w3c.W3CHttpResponseCodec.decode(W3CHttpResponseCodec.java:52)
	at org.openqa.selenium.remote.HttpCommandExecutor.execute(HttpCommandExecutor.java:161)
	at org.openqa.selenium.remote.service.DriverCommandExecutor.execute(DriverCommandExecutor.java:83)
	at org.openqa.selenium.remote.RemoteWebDriver.execute(RemoteWebDriver.java:576)
	at org.openqa.selenium.remote.RemoteWebDriver.findElement(RemoteWebDriver.java:327)
	at org.openqa.selenium.remote.RemoteWebDriver.findElementByXPath(RemoteWebDriver.java:445)
	at org.openqa.selenium.By$ByXPath.findElement(By.java:396)
	at org.openqa.selenium.remote.RemoteWebDriver.findElement(RemoteWebDriver.java:319)
	at com.cet.pagerepositery.AssignmentPage.searchResultCheckBox(AssignmentPage.java:40)
	at com.cet.utility.AdditionalHouseHold_Helper.assignTask(AdditionalHouseHold_Helper.java:26)
	at com.cet.INDTSAdditionalHouseHold_Test.setINDTSTeam(INDTSAdditionalHouseHold_Test.java:57)
	at sun.reflect.NativeMethodAccessorImpl.invoke0(Native Method)
	at sun.reflect.NativeMethodAccessorImpl.invoke(Unknown Source)
	at sun.reflect.DelegatingMethodAccessorImpl.invoke(Unknown Source)
	at java.lang.reflect.Method.invoke(Unknown Source)
	at org.testng.internal.MethodInvocationHelper.invokeMethod(MethodInvocationHelper.java:133)
	at org.testng.internal.MethodInvocationHelper.invokeMethodConsideringTimeout(MethodInvocationHelper.java:62)
	at org.testng.internal.ConfigInvoker.invokeConfigurationMethod(ConfigInvoker.java:340)
	at org.testng.internal.ConfigInvoker.invokeConfigurations(ConfigInvoker.java:294)
	at org.testng.TestRunner.invokeTestConfigurations(TestRunner.java:623)
	at org.testng.TestRunner.beforeRun(TestRunner.java:613)
	at org.testng.TestRunner.run(TestRunner.java:584)
	at org.testng.SuiteRunner.runTest(SuiteRunner.java:402)
	at org.testng.SuiteRunner.runSequentially(SuiteRunner.java:396)
	at org.testng.SuiteRunner.privateRun(SuiteRunner.java:355)
	at org.testng.SuiteRunner.run(SuiteRunner.java:304)
	at org.testng.SuiteRunnerWorker.runSuite(SuiteRunnerWorker.java:53)
	at org.testng.SuiteRunnerWorker.run(SuiteRunnerWorker.java:96)
	at org.testng.TestNG.runSuitesSequentially(TestNG.java:1180)
	at org.testng.TestNG.runSuitesLocally(TestNG.java:1102)
	at org.testng.TestNG.runSuites(TestNG.java:1032)
	at org.testng.TestNG.run(TestNG.java:1000)
	at org.testng.remote.AbstractRemoteTestNG.run(AbstractRemoteTestNG.java:115)
	at org.testng.remote.RemoteTestNG.initAndRun(RemoteTestNG.java:251)
	at org.testng.remote.RemoteTestNG.main(RemoteTestNG.java:77)
</pre></div></td>
<td>0</td>
<td>com.cet.INDTSAdditionalHouseHold_Test@7d37f1c</td></tr>
<tr>
<td title='com.cet.INDTSAdditionalHouseHold_Test.additionalHouseHoldMembersFirstName_INDTSTest()'><b>additionalHouseHoldMembersFirstName_INDTSTest</b><br>Test class: com.cet.INDTSAdditionalHouseHold_Test</td>
<td><div><pre>org.openqa.selenium.NoSuchElementException: Unable to find element with xpath == //table/tbody/tr/td/input[1]
For documentation on this error, please visit: https://www.seleniumhq.org/exceptions/no_such_element.html
Build info: version: &apos;4.0.0-alpha-3&apos;, revision: &apos;8c567de6dc&apos;
System info: host: &apos;LHTU05CG4472DYW&apos;, ip: &apos;10.99.6.50&apos;, os.name: &apos;Windows 10&apos;, os.arch: &apos;amd64&apos;, os.version: &apos;10.0&apos;, java.version: &apos;1.8.0_261&apos;
Driver info: org.openqa.selenium.ie.InternetExplorerDriver
Capabilities {acceptInsecureCerts: false, browserName: internet explorer, browserVersion: 11, javascriptEnabled: true, pageLoadStrategy: normal, platform: WINDOWS, platformName: WINDOWS, proxy: Proxy(), se:ieOptions: {browserAttachTimeout: 0, elementScrollBehavior: 0, enablePersistentHover: false, ie.browserCommandLineSwitches: , ie.edgechromium: false, ie.edgepath: , ie.ensureCleanSession: false, ie.fileUploadDialogTimeout: 3000, ie.forceCreateProcessApi: false, ignoreProtectedModeSettings: true, ignoreZoomSetting: true, initialBrowserUrl: http://localhost:5091/, nativeEvents: false, requireWindowFocus: true}, setWindowRect: true, strictFileInteractability: false, timeouts: {implicit: 0, pageLoad: 300000, script: 30000}, unhandledPromptBehavior: dismiss and notify}
Session ID: 1950bf9a-a9f2-467b-be03-70c66eb6ed60
*** Element info: {Using=xpath, value=//table/tbody/tr/td/input[1]}
	at org.openqa.selenium.remote.codec.w3c.W3CHttpResponseCodec.createException(W3CHttpResponseCodec.java:191)
	at org.openqa.selenium.remote.codec.w3c.W3CHttpResponseCodec.decode(W3CHttpResponseCodec.java:125)
	at org.openqa.selenium.remote.codec.w3c.W3CHttpResponseCodec.decode(W3CHttpResponseCodec.java:52)
	at org.openqa.selenium.remote.HttpCommandExecutor.execute(HttpCommandExecutor.java:161)
	at org.openqa.selenium.remote.service.DriverCommandExecutor.execute(DriverCommandExecutor.java:83)
	at org.openqa.selenium.remote.RemoteWebDriver.execute(RemoteWebDriver.java:576)
	at org.openqa.selenium.remote.RemoteWebDriver.findElement(RemoteWebDriver.java:327)
	at org.openqa.selenium.remote.RemoteWebDriver.findElementByXPath(RemoteWebDriver.java:445)
	at org.openqa.selenium.By$ByXPath.findElement(By.java:396)
	at org.openqa.selenium.remote.RemoteWebDriver.findElement(RemoteWebDriver.java:319)
	at com.cet.pagerepositery.AssignmentPage.searchResultCheckBox(AssignmentPage.java:40)
	at com.cet.utility.AdditionalHouseHold_Helper.assignTask(AdditionalHouseHold_Helper.java:26)
	at com.cet.INDTSAdditionalHouseHold_Test.setINDTSTeam(INDTSAdditionalHouseHold_Test.java:57)
... Removed 28 stack frames</pre></div><a href='#' onClick='toggleBox("stack-trace940484439", this, "Click to show all stack frames", "Click to hide stack frames")'>Click to show all stack frames</a>
<div class='stack-trace' id='stack-trace940484439'><pre>org.openqa.selenium.NoSuchElementException: Unable to find element with xpath == //table/tbody/tr/td/input[1]
For documentation on this error, please visit: https://www.seleniumhq.org/exceptions/no_such_element.html
Build info: version: &apos;4.0.0-alpha-3&apos;, revision: &apos;8c567de6dc&apos;
System info: host: &apos;LHTU05CG4472DYW&apos;, ip: &apos;10.99.6.50&apos;, os.name: &apos;Windows 10&apos;, os.arch: &apos;amd64&apos;, os.version: &apos;10.0&apos;, java.version: &apos;1.8.0_261&apos;
Driver info: org.openqa.selenium.ie.InternetExplorerDriver
Capabilities {acceptInsecureCerts: false, browserName: internet explorer, browserVersion: 11, javascriptEnabled: true, pageLoadStrategy: normal, platform: WINDOWS, platformName: WINDOWS, proxy: Proxy(), se:ieOptions: {browserAttachTimeout: 0, elementScrollBehavior: 0, enablePersistentHover: false, ie.browserCommandLineSwitches: , ie.edgechromium: false, ie.edgepath: , ie.ensureCleanSession: false, ie.fileUploadDialogTimeout: 3000, ie.forceCreateProcessApi: false, ignoreProtectedModeSettings: true, ignoreZoomSetting: true, initialBrowserUrl: http://localhost:5091/, nativeEvents: false, requireWindowFocus: true}, setWindowRect: true, strictFileInteractability: false, timeouts: {implicit: 0, pageLoad: 300000, script: 30000}, unhandledPromptBehavior: dismiss and notify}
Session ID: 1950bf9a-a9f2-467b-be03-70c66eb6ed60
*** Element info: {Using=xpath, value=//table/tbody/tr/td/input[1]}
	at sun.reflect.NativeConstructorAccessorImpl.newInstance0(Native Method)
	at sun.reflect.NativeConstructorAccessorImpl.newInstance(Unknown Source)
	at sun.reflect.DelegatingConstructorAccessorImpl.newInstance(Unknown Source)
	at java.lang.reflect.Constructor.newInstance(Unknown Source)
	at org.openqa.selenium.remote.codec.w3c.W3CHttpResponseCodec.createException(W3CHttpResponseCodec.java:191)
	at org.openqa.selenium.remote.codec.w3c.W3CHttpResponseCodec.decode(W3CHttpResponseCodec.java:125)
	at org.openqa.selenium.remote.codec.w3c.W3CHttpResponseCodec.decode(W3CHttpResponseCodec.java:52)
	at org.openqa.selenium.remote.HttpCommandExecutor.execute(HttpCommandExecutor.java:161)
	at org.openqa.selenium.remote.service.DriverCommandExecutor.execute(DriverCommandExecutor.java:83)
	at org.openqa.selenium.remote.RemoteWebDriver.execute(RemoteWebDriver.java:576)
	at org.openqa.selenium.remote.RemoteWebDriver.findElement(RemoteWebDriver.java:327)
	at org.openqa.selenium.remote.RemoteWebDriver.findElementByXPath(RemoteWebDriver.java:445)
	at org.openqa.selenium.By$ByXPath.findElement(By.java:396)
	at org.openqa.selenium.remote.RemoteWebDriver.findElement(RemoteWebDriver.java:319)
	at com.cet.pagerepositery.AssignmentPage.searchResultCheckBox(AssignmentPage.java:40)
	at com.cet.utility.AdditionalHouseHold_Helper.assignTask(AdditionalHouseHold_Helper.java:26)
	at com.cet.INDTSAdditionalHouseHold_Test.setINDTSTeam(INDTSAdditionalHouseHold_Test.java:57)
	at sun.reflect.NativeMethodAccessorImpl.invoke0(Native Method)
	at sun.reflect.NativeMethodAccessorImpl.invoke(Unknown Source)
	at sun.reflect.DelegatingMethodAccessorImpl.invoke(Unknown Source)
	at java.lang.reflect.Method.invoke(Unknown Source)
	at org.testng.internal.MethodInvocationHelper.invokeMethod(MethodInvocationHelper.java:133)
	at org.testng.internal.MethodInvocationHelper.invokeMethodConsideringTimeout(MethodInvocationHelper.java:62)
	at org.testng.internal.ConfigInvoker.invokeConfigurationMethod(ConfigInvoker.java:340)
	at org.testng.internal.ConfigInvoker.invokeConfigurations(ConfigInvoker.java:294)
	at org.testng.TestRunner.invokeTestConfigurations(TestRunner.java:623)
	at org.testng.TestRunner.beforeRun(TestRunner.java:613)
	at org.testng.TestRunner.run(TestRunner.java:584)
	at org.testng.SuiteRunner.runTest(SuiteRunner.java:402)
	at org.testng.SuiteRunner.runSequentially(SuiteRunner.java:396)
	at org.testng.SuiteRunner.privateRun(SuiteRunner.java:355)
	at org.testng.SuiteRunner.run(SuiteRunner.java:304)
	at org.testng.SuiteRunnerWorker.runSuite(SuiteRunnerWorker.java:53)
	at org.testng.SuiteRunnerWorker.run(SuiteRunnerWorker.java:96)
	at org.testng.TestNG.runSuitesSequentially(TestNG.java:1180)
	at org.testng.TestNG.runSuitesLocally(TestNG.java:1102)
	at org.testng.TestNG.runSuites(TestNG.java:1032)
	at org.testng.TestNG.run(TestNG.java:1000)
	at org.testng.remote.AbstractRemoteTestNG.run(AbstractRemoteTestNG.java:115)
	at org.testng.remote.RemoteTestNG.initAndRun(RemoteTestNG.java:251)
	at org.testng.remote.RemoteTestNG.main(RemoteTestNG.java:77)
</pre></div></td>
<td>0</td>
<td>com.cet.INDTSAdditionalHouseHold_Test@cc239ba</td></tr>
<tr>
<td title='com.cet.INDTSAdditionalHouseHold_Test.additionalHouseHoldMembersLasttName_INDTSTest()'><b>additionalHouseHoldMembersLasttName_INDTSTest</b><br>Test class: com.cet.INDTSAdditionalHouseHold_Test</td>
<td><div><pre>org.openqa.selenium.NoSuchElementException: Unable to find element with xpath == //table/tbody/tr/td/input[1]
For documentation on this error, please visit: https://www.seleniumhq.org/exceptions/no_such_element.html
Build info: version: &apos;4.0.0-alpha-3&apos;, revision: &apos;8c567de6dc&apos;
System info: host: &apos;LHTU05CG4472DYW&apos;, ip: &apos;10.99.6.50&apos;, os.name: &apos;Windows 10&apos;, os.arch: &apos;amd64&apos;, os.version: &apos;10.0&apos;, java.version: &apos;1.8.0_261&apos;
Driver info: org.openqa.selenium.ie.InternetExplorerDriver
Capabilities {acceptInsecureCerts: false, browserName: internet explorer, browserVersion: 11, javascriptEnabled: true, pageLoadStrategy: normal, platform: WINDOWS, platformName: WINDOWS, proxy: Proxy(), se:ieOptions: {browserAttachTimeout: 0, elementScrollBehavior: 0, enablePersistentHover: false, ie.browserCommandLineSwitches: , ie.edgechromium: false, ie.edgepath: , ie.ensureCleanSession: false, ie.fileUploadDialogTimeout: 3000, ie.forceCreateProcessApi: false, ignoreProtectedModeSettings: true, ignoreZoomSetting: true, initialBrowserUrl: http://localhost:5091/, nativeEvents: false, requireWindowFocus: true}, setWindowRect: true, strictFileInteractability: false, timeouts: {implicit: 0, pageLoad: 300000, script: 30000}, unhandledPromptBehavior: dismiss and notify}
Session ID: 1950bf9a-a9f2-467b-be03-70c66eb6ed60
*** Element info: {Using=xpath, value=//table/tbody/tr/td/input[1]}
	at org.openqa.selenium.remote.codec.w3c.W3CHttpResponseCodec.createException(W3CHttpResponseCodec.java:191)
	at org.openqa.selenium.remote.codec.w3c.W3CHttpResponseCodec.decode(W3CHttpResponseCodec.java:125)
	at org.openqa.selenium.remote.codec.w3c.W3CHttpResponseCodec.decode(W3CHttpResponseCodec.java:52)
	at org.openqa.selenium.remote.HttpCommandExecutor.execute(HttpCommandExecutor.java:161)
	at org.openqa.selenium.remote.service.DriverCommandExecutor.execute(DriverCommandExecutor.java:83)
	at org.openqa.selenium.remote.RemoteWebDriver.execute(RemoteWebDriver.java:576)
	at org.openqa.selenium.remote.RemoteWebDriver.findElement(RemoteWebDriver.java:327)
	at org.openqa.selenium.remote.RemoteWebDriver.findElementByXPath(RemoteWebDriver.java:445)
	at org.openqa.selenium.By$ByXPath.findElement(By.java:396)
	at org.openqa.selenium.remote.RemoteWebDriver.findElement(RemoteWebDriver.java:319)
	at com.cet.pagerepositery.AssignmentPage.searchResultCheckBox(AssignmentPage.java:40)
	at com.cet.utility.AdditionalHouseHold_Helper.assignTask(AdditionalHouseHold_Helper.java:26)
	at com.cet.INDTSAdditionalHouseHold_Test.setINDTSTeam(INDTSAdditionalHouseHold_Test.java:57)
... Removed 28 stack frames</pre></div><a href='#' onClick='toggleBox("stack-trace1455894527", this, "Click to show all stack frames", "Click to hide stack frames")'>Click to show all stack frames</a>
<div class='stack-trace' id='stack-trace1455894527'><pre>org.openqa.selenium.NoSuchElementException: Unable to find element with xpath == //table/tbody/tr/td/input[1]
For documentation on this error, please visit: https://www.seleniumhq.org/exceptions/no_such_element.html
Build info: version: &apos;4.0.0-alpha-3&apos;, revision: &apos;8c567de6dc&apos;
System info: host: &apos;LHTU05CG4472DYW&apos;, ip: &apos;10.99.6.50&apos;, os.name: &apos;Windows 10&apos;, os.arch: &apos;amd64&apos;, os.version: &apos;10.0&apos;, java.version: &apos;1.8.0_261&apos;
Driver info: org.openqa.selenium.ie.InternetExplorerDriver
Capabilities {acceptInsecureCerts: false, browserName: internet explorer, browserVersion: 11, javascriptEnabled: true, pageLoadStrategy: normal, platform: WINDOWS, platformName: WINDOWS, proxy: Proxy(), se:ieOptions: {browserAttachTimeout: 0, elementScrollBehavior: 0, enablePersistentHover: false, ie.browserCommandLineSwitches: , ie.edgechromium: false, ie.edgepath: , ie.ensureCleanSession: false, ie.fileUploadDialogTimeout: 3000, ie.forceCreateProcessApi: false, ignoreProtectedModeSettings: true, ignoreZoomSetting: true, initialBrowserUrl: http://localhost:5091/, nativeEvents: false, requireWindowFocus: true}, setWindowRect: true, strictFileInteractability: false, timeouts: {implicit: 0, pageLoad: 300000, script: 30000}, unhandledPromptBehavior: dismiss and notify}
Session ID: 1950bf9a-a9f2-467b-be03-70c66eb6ed60
*** Element info: {Using=xpath, value=//table/tbody/tr/td/input[1]}
	at sun.reflect.NativeConstructorAccessorImpl.newInstance0(Native Method)
	at sun.reflect.NativeConstructorAccessorImpl.newInstance(Unknown Source)
	at sun.reflect.DelegatingConstructorAccessorImpl.newInstance(Unknown Source)
	at java.lang.reflect.Constructor.newInstance(Unknown Source)
	at org.openqa.selenium.remote.codec.w3c.W3CHttpResponseCodec.createException(W3CHttpResponseCodec.java:191)
	at org.openqa.selenium.remote.codec.w3c.W3CHttpResponseCodec.decode(W3CHttpResponseCodec.java:125)
	at org.openqa.selenium.remote.codec.w3c.W3CHttpResponseCodec.decode(W3CHttpResponseCodec.java:52)
	at org.openqa.selenium.remote.HttpCommandExecutor.execute(HttpCommandExecutor.java:161)
	at org.openqa.selenium.remote.service.DriverCommandExecutor.execute(DriverCommandExecutor.java:83)
	at org.openqa.selenium.remote.RemoteWebDriver.execute(RemoteWebDriver.java:576)
	at org.openqa.selenium.remote.RemoteWebDriver.findElement(RemoteWebDriver.java:327)
	at org.openqa.selenium.remote.RemoteWebDriver.findElementByXPath(RemoteWebDriver.java:445)
	at org.openqa.selenium.By$ByXPath.findElement(By.java:396)
	at org.openqa.selenium.remote.RemoteWebDriver.findElement(RemoteWebDriver.java:319)
	at com.cet.pagerepositery.AssignmentPage.searchResultCheckBox(AssignmentPage.java:40)
	at com.cet.utility.AdditionalHouseHold_Helper.assignTask(AdditionalHouseHold_Helper.java:26)
	at com.cet.INDTSAdditionalHouseHold_Test.setINDTSTeam(INDTSAdditionalHouseHold_Test.java:57)
	at sun.reflect.NativeMethodAccessorImpl.invoke0(Native Method)
	at sun.reflect.NativeMethodAccessorImpl.invoke(Unknown Source)
	at sun.reflect.DelegatingMethodAccessorImpl.invoke(Unknown Source)
	at java.lang.reflect.Method.invoke(Unknown Source)
	at org.testng.internal.MethodInvocationHelper.invokeMethod(MethodInvocationHelper.java:133)
	at org.testng.internal.MethodInvocationHelper.invokeMethodConsideringTimeout(MethodInvocationHelper.java:62)
	at org.testng.internal.ConfigInvoker.invokeConfigurationMethod(ConfigInvoker.java:340)
	at org.testng.internal.ConfigInvoker.invokeConfigurations(ConfigInvoker.java:294)
	at org.testng.TestRunner.invokeTestConfigurations(TestRunner.java:623)
	at org.testng.TestRunner.beforeRun(TestRunner.java:613)
	at org.testng.TestRunner.run(TestRunner.java:584)
	at org.testng.SuiteRunner.runTest(SuiteRunner.java:402)
	at org.testng.SuiteRunner.runSequentially(SuiteRunner.java:396)
	at org.testng.SuiteRunner.privateRun(SuiteRunner.java:355)
	at org.testng.SuiteRunner.run(SuiteRunner.java:304)
	at org.testng.SuiteRunnerWorker.runSuite(SuiteRunnerWorker.java:53)
	at org.testng.SuiteRunnerWorker.run(SuiteRunnerWorker.java:96)
	at org.testng.TestNG.runSuitesSequentially(TestNG.java:1180)
	at org.testng.TestNG.runSuitesLocally(TestNG.java:1102)
	at org.testng.TestNG.runSuites(TestNG.java:1032)
	at org.testng.TestNG.run(TestNG.java:1000)
	at org.testng.remote.AbstractRemoteTestNG.run(AbstractRemoteTestNG.java:115)
	at org.testng.remote.RemoteTestNG.initAndRun(RemoteTestNG.java:251)
	at org.testng.remote.RemoteTestNG.main(RemoteTestNG.java:77)
</pre></div></td>
<td>0</td>
<td>com.cet.INDTSAdditionalHouseHold_Test@37b72ea</td></tr>
<tr>
<td title='com.cet.INDTSAdditionalHouseHold_Test.additionalHouseHoldMembersLasttName_INDTSTest()'><b>additionalHouseHoldMembersLasttName_INDTSTest</b><br>Test class: com.cet.INDTSAdditionalHouseHold_Test</td>
<td><div><pre>org.openqa.selenium.NoSuchElementException: Unable to find element with xpath == //table/tbody/tr/td/input[1]
For documentation on this error, please visit: https://www.seleniumhq.org/exceptions/no_such_element.html
Build info: version: &apos;4.0.0-alpha-3&apos;, revision: &apos;8c567de6dc&apos;
System info: host: &apos;LHTU05CG4472DYW&apos;, ip: &apos;10.99.6.50&apos;, os.name: &apos;Windows 10&apos;, os.arch: &apos;amd64&apos;, os.version: &apos;10.0&apos;, java.version: &apos;1.8.0_261&apos;
Driver info: org.openqa.selenium.ie.InternetExplorerDriver
Capabilities {acceptInsecureCerts: false, browserName: internet explorer, browserVersion: 11, javascriptEnabled: true, pageLoadStrategy: normal, platform: WINDOWS, platformName: WINDOWS, proxy: Proxy(), se:ieOptions: {browserAttachTimeout: 0, elementScrollBehavior: 0, enablePersistentHover: false, ie.browserCommandLineSwitches: , ie.edgechromium: false, ie.edgepath: , ie.ensureCleanSession: false, ie.fileUploadDialogTimeout: 3000, ie.forceCreateProcessApi: false, ignoreProtectedModeSettings: true, ignoreZoomSetting: true, initialBrowserUrl: http://localhost:5091/, nativeEvents: false, requireWindowFocus: true}, setWindowRect: true, strictFileInteractability: false, timeouts: {implicit: 0, pageLoad: 300000, script: 30000}, unhandledPromptBehavior: dismiss and notify}
Session ID: 1950bf9a-a9f2-467b-be03-70c66eb6ed60
*** Element info: {Using=xpath, value=//table/tbody/tr/td/input[1]}
	at org.openqa.selenium.remote.codec.w3c.W3CHttpResponseCodec.createException(W3CHttpResponseCodec.java:191)
	at org.openqa.selenium.remote.codec.w3c.W3CHttpResponseCodec.decode(W3CHttpResponseCodec.java:125)
	at org.openqa.selenium.remote.codec.w3c.W3CHttpResponseCodec.decode(W3CHttpResponseCodec.java:52)
	at org.openqa.selenium.remote.HttpCommandExecutor.execute(HttpCommandExecutor.java:161)
	at org.openqa.selenium.remote.service.DriverCommandExecutor.execute(DriverCommandExecutor.java:83)
	at org.openqa.selenium.remote.RemoteWebDriver.execute(RemoteWebDriver.java:576)
	at org.openqa.selenium.remote.RemoteWebDriver.findElement(RemoteWebDriver.java:327)
	at org.openqa.selenium.remote.RemoteWebDriver.findElementByXPath(RemoteWebDriver.java:445)
	at org.openqa.selenium.By$ByXPath.findElement(By.java:396)
	at org.openqa.selenium.remote.RemoteWebDriver.findElement(RemoteWebDriver.java:319)
	at com.cet.pagerepositery.AssignmentPage.searchResultCheckBox(AssignmentPage.java:40)
	at com.cet.utility.AdditionalHouseHold_Helper.assignTask(AdditionalHouseHold_Helper.java:26)
	at com.cet.INDTSAdditionalHouseHold_Test.setINDTSTeam(INDTSAdditionalHouseHold_Test.java:57)
... Removed 28 stack frames</pre></div><a href='#' onClick='toggleBox("stack-trace143924632", this, "Click to show all stack frames", "Click to hide stack frames")'>Click to show all stack frames</a>
<div class='stack-trace' id='stack-trace143924632'><pre>org.openqa.selenium.NoSuchElementException: Unable to find element with xpath == //table/tbody/tr/td/input[1]
For documentation on this error, please visit: https://www.seleniumhq.org/exceptions/no_such_element.html
Build info: version: &apos;4.0.0-alpha-3&apos;, revision: &apos;8c567de6dc&apos;
System info: host: &apos;LHTU05CG4472DYW&apos;, ip: &apos;10.99.6.50&apos;, os.name: &apos;Windows 10&apos;, os.arch: &apos;amd64&apos;, os.version: &apos;10.0&apos;, java.version: &apos;1.8.0_261&apos;
Driver info: org.openqa.selenium.ie.InternetExplorerDriver
Capabilities {acceptInsecureCerts: false, browserName: internet explorer, browserVersion: 11, javascriptEnabled: true, pageLoadStrategy: normal, platform: WINDOWS, platformName: WINDOWS, proxy: Proxy(), se:ieOptions: {browserAttachTimeout: 0, elementScrollBehavior: 0, enablePersistentHover: false, ie.browserCommandLineSwitches: , ie.edgechromium: false, ie.edgepath: , ie.ensureCleanSession: false, ie.fileUploadDialogTimeout: 3000, ie.forceCreateProcessApi: false, ignoreProtectedModeSettings: true, ignoreZoomSetting: true, initialBrowserUrl: http://localhost:5091/, nativeEvents: false, requireWindowFocus: true}, setWindowRect: true, strictFileInteractability: false, timeouts: {implicit: 0, pageLoad: 300000, script: 30000}, unhandledPromptBehavior: dismiss and notify}
Session ID: 1950bf9a-a9f2-467b-be03-70c66eb6ed60
*** Element info: {Using=xpath, value=//table/tbody/tr/td/input[1]}
	at sun.reflect.NativeConstructorAccessorImpl.newInstance0(Native Method)
	at sun.reflect.NativeConstructorAccessorImpl.newInstance(Unknown Source)
	at sun.reflect.DelegatingConstructorAccessorImpl.newInstance(Unknown Source)
	at java.lang.reflect.Constructor.newInstance(Unknown Source)
	at org.openqa.selenium.remote.codec.w3c.W3CHttpResponseCodec.createException(W3CHttpResponseCodec.java:191)
	at org.openqa.selenium.remote.codec.w3c.W3CHttpResponseCodec.decode(W3CHttpResponseCodec.java:125)
	at org.openqa.selenium.remote.codec.w3c.W3CHttpResponseCodec.decode(W3CHttpResponseCodec.java:52)
	at org.openqa.selenium.remote.HttpCommandExecutor.execute(HttpCommandExecutor.java:161)
	at org.openqa.selenium.remote.service.DriverCommandExecutor.execute(DriverCommandExecutor.java:83)
	at org.openqa.selenium.remote.RemoteWebDriver.execute(RemoteWebDriver.java:576)
	at org.openqa.selenium.remote.RemoteWebDriver.findElement(RemoteWebDriver.java:327)
	at org.openqa.selenium.remote.RemoteWebDriver.findElementByXPath(RemoteWebDriver.java:445)
	at org.openqa.selenium.By$ByXPath.findElement(By.java:396)
	at org.openqa.selenium.remote.RemoteWebDriver.findElement(RemoteWebDriver.java:319)
	at com.cet.pagerepositery.AssignmentPage.searchResultCheckBox(AssignmentPage.java:40)
	at com.cet.utility.AdditionalHouseHold_Helper.assignTask(AdditionalHouseHold_Helper.java:26)
	at com.cet.INDTSAdditionalHouseHold_Test.setINDTSTeam(INDTSAdditionalHouseHold_Test.java:57)
	at sun.reflect.NativeMethodAccessorImpl.invoke0(Native Method)
	at sun.reflect.NativeMethodAccessorImpl.invoke(Unknown Source)
	at sun.reflect.DelegatingMethodAccessorImpl.invoke(Unknown Source)
	at java.lang.reflect.Method.invoke(Unknown Source)
	at org.testng.internal.MethodInvocationHelper.invokeMethod(MethodInvocationHelper.java:133)
	at org.testng.internal.MethodInvocationHelper.invokeMethodConsideringTimeout(MethodInvocationHelper.java:62)
	at org.testng.internal.ConfigInvoker.invokeConfigurationMethod(ConfigInvoker.java:340)
	at org.testng.internal.ConfigInvoker.invokeConfigurations(ConfigInvoker.java:294)
	at org.testng.TestRunner.invokeTestConfigurations(TestRunner.java:623)
	at org.testng.TestRunner.beforeRun(TestRunner.java:613)
	at org.testng.TestRunner.run(TestRunner.java:584)
	at org.testng.SuiteRunner.runTest(SuiteRunner.java:402)
	at org.testng.SuiteRunner.runSequentially(SuiteRunner.java:396)
	at org.testng.SuiteRunner.privateRun(SuiteRunner.java:355)
	at org.testng.SuiteRunner.run(SuiteRunner.java:304)
	at org.testng.SuiteRunnerWorker.runSuite(SuiteRunnerWorker.java:53)
	at org.testng.SuiteRunnerWorker.run(SuiteRunnerWorker.java:96)
	at org.testng.TestNG.runSuitesSequentially(TestNG.java:1180)
	at org.testng.TestNG.runSuitesLocally(TestNG.java:1102)
	at org.testng.TestNG.runSuites(TestNG.java:1032)
	at org.testng.TestNG.run(TestNG.java:1000)
	at org.testng.remote.AbstractRemoteTestNG.run(AbstractRemoteTestNG.java:115)
	at org.testng.remote.RemoteTestNG.initAndRun(RemoteTestNG.java:251)
	at org.testng.remote.RemoteTestNG.main(RemoteTestNG.java:77)
</pre></div></td>
<td>0</td>
<td>com.cet.INDTSAdditionalHouseHold_Test@7d37f1c</td></tr>
<tr>
<td title='com.cet.INDTSAdditionalHouseHold_Test.additionalHouseHoldMembersLasttName_INDTSTest()'><b>additionalHouseHoldMembersLasttName_INDTSTest</b><br>Test class: com.cet.INDTSAdditionalHouseHold_Test</td>
<td><div><pre>org.openqa.selenium.NoSuchElementException: Unable to find element with xpath == //table/tbody/tr/td/input[1]
For documentation on this error, please visit: https://www.seleniumhq.org/exceptions/no_such_element.html
Build info: version: &apos;4.0.0-alpha-3&apos;, revision: &apos;8c567de6dc&apos;
System info: host: &apos;LHTU05CG4472DYW&apos;, ip: &apos;10.99.6.50&apos;, os.name: &apos;Windows 10&apos;, os.arch: &apos;amd64&apos;, os.version: &apos;10.0&apos;, java.version: &apos;1.8.0_261&apos;
Driver info: org.openqa.selenium.ie.InternetExplorerDriver
Capabilities {acceptInsecureCerts: false, browserName: internet explorer, browserVersion: 11, javascriptEnabled: true, pageLoadStrategy: normal, platform: WINDOWS, platformName: WINDOWS, proxy: Proxy(), se:ieOptions: {browserAttachTimeout: 0, elementScrollBehavior: 0, enablePersistentHover: false, ie.browserCommandLineSwitches: , ie.edgechromium: false, ie.edgepath: , ie.ensureCleanSession: false, ie.fileUploadDialogTimeout: 3000, ie.forceCreateProcessApi: false, ignoreProtectedModeSettings: true, ignoreZoomSetting: true, initialBrowserUrl: http://localhost:5091/, nativeEvents: false, requireWindowFocus: true}, setWindowRect: true, strictFileInteractability: false, timeouts: {implicit: 0, pageLoad: 300000, script: 30000}, unhandledPromptBehavior: dismiss and notify}
Session ID: 1950bf9a-a9f2-467b-be03-70c66eb6ed60
*** Element info: {Using=xpath, value=//table/tbody/tr/td/input[1]}
	at org.openqa.selenium.remote.codec.w3c.W3CHttpResponseCodec.createException(W3CHttpResponseCodec.java:191)
	at org.openqa.selenium.remote.codec.w3c.W3CHttpResponseCodec.decode(W3CHttpResponseCodec.java:125)
	at org.openqa.selenium.remote.codec.w3c.W3CHttpResponseCodec.decode(W3CHttpResponseCodec.java:52)
	at org.openqa.selenium.remote.HttpCommandExecutor.execute(HttpCommandExecutor.java:161)
	at org.openqa.selenium.remote.service.DriverCommandExecutor.execute(DriverCommandExecutor.java:83)
	at org.openqa.selenium.remote.RemoteWebDriver.execute(RemoteWebDriver.java:576)
	at org.openqa.selenium.remote.RemoteWebDriver.findElement(RemoteWebDriver.java:327)
	at org.openqa.selenium.remote.RemoteWebDriver.findElementByXPath(RemoteWebDriver.java:445)
	at org.openqa.selenium.By$ByXPath.findElement(By.java:396)
	at org.openqa.selenium.remote.RemoteWebDriver.findElement(RemoteWebDriver.java:319)
	at com.cet.pagerepositery.AssignmentPage.searchResultCheckBox(AssignmentPage.java:40)
	at com.cet.utility.AdditionalHouseHold_Helper.assignTask(AdditionalHouseHold_Helper.java:26)
	at com.cet.INDTSAdditionalHouseHold_Test.setINDTSTeam(INDTSAdditionalHouseHold_Test.java:57)
... Removed 28 stack frames</pre></div><a href='#' onClick='toggleBox("stack-trace776207366", this, "Click to show all stack frames", "Click to hide stack frames")'>Click to show all stack frames</a>
<div class='stack-trace' id='stack-trace776207366'><pre>org.openqa.selenium.NoSuchElementException: Unable to find element with xpath == //table/tbody/tr/td/input[1]
For documentation on this error, please visit: https://www.seleniumhq.org/exceptions/no_such_element.html
Build info: version: &apos;4.0.0-alpha-3&apos;, revision: &apos;8c567de6dc&apos;
System info: host: &apos;LHTU05CG4472DYW&apos;, ip: &apos;10.99.6.50&apos;, os.name: &apos;Windows 10&apos;, os.arch: &apos;amd64&apos;, os.version: &apos;10.0&apos;, java.version: &apos;1.8.0_261&apos;
Driver info: org.openqa.selenium.ie.InternetExplorerDriver
Capabilities {acceptInsecureCerts: false, browserName: internet explorer, browserVersion: 11, javascriptEnabled: true, pageLoadStrategy: normal, platform: WINDOWS, platformName: WINDOWS, proxy: Proxy(), se:ieOptions: {browserAttachTimeout: 0, elementScrollBehavior: 0, enablePersistentHover: false, ie.browserCommandLineSwitches: , ie.edgechromium: false, ie.edgepath: , ie.ensureCleanSession: false, ie.fileUploadDialogTimeout: 3000, ie.forceCreateProcessApi: false, ignoreProtectedModeSettings: true, ignoreZoomSetting: true, initialBrowserUrl: http://localhost:5091/, nativeEvents: false, requireWindowFocus: true}, setWindowRect: true, strictFileInteractability: false, timeouts: {implicit: 0, pageLoad: 300000, script: 30000}, unhandledPromptBehavior: dismiss and notify}
Session ID: 1950bf9a-a9f2-467b-be03-70c66eb6ed60
*** Element info: {Using=xpath, value=//table/tbody/tr/td/input[1]}
	at sun.reflect.NativeConstructorAccessorImpl.newInstance0(Native Method)
	at sun.reflect.NativeConstructorAccessorImpl.newInstance(Unknown Source)
	at sun.reflect.DelegatingConstructorAccessorImpl.newInstance(Unknown Source)
	at java.lang.reflect.Constructor.newInstance(Unknown Source)
	at org.openqa.selenium.remote.codec.w3c.W3CHttpResponseCodec.createException(W3CHttpResponseCodec.java:191)
	at org.openqa.selenium.remote.codec.w3c.W3CHttpResponseCodec.decode(W3CHttpResponseCodec.java:125)
	at org.openqa.selenium.remote.codec.w3c.W3CHttpResponseCodec.decode(W3CHttpResponseCodec.java:52)
	at org.openqa.selenium.remote.HttpCommandExecutor.execute(HttpCommandExecutor.java:161)
	at org.openqa.selenium.remote.service.DriverCommandExecutor.execute(DriverCommandExecutor.java:83)
	at org.openqa.selenium.remote.RemoteWebDriver.execute(RemoteWebDriver.java:576)
	at org.openqa.selenium.remote.RemoteWebDriver.findElement(RemoteWebDriver.java:327)
	at org.openqa.selenium.remote.RemoteWebDriver.findElementByXPath(RemoteWebDriver.java:445)
	at org.openqa.selenium.By$ByXPath.findElement(By.java:396)
	at org.openqa.selenium.remote.RemoteWebDriver.findElement(RemoteWebDriver.java:319)
	at com.cet.pagerepositery.AssignmentPage.searchResultCheckBox(AssignmentPage.java:40)
	at com.cet.utility.AdditionalHouseHold_Helper.assignTask(AdditionalHouseHold_Helper.java:26)
	at com.cet.INDTSAdditionalHouseHold_Test.setINDTSTeam(INDTSAdditionalHouseHold_Test.java:57)
	at sun.reflect.NativeMethodAccessorImpl.invoke0(Native Method)
	at sun.reflect.NativeMethodAccessorImpl.invoke(Unknown Source)
	at sun.reflect.DelegatingMethodAccessorImpl.invoke(Unknown Source)
	at java.lang.reflect.Method.invoke(Unknown Source)
	at org.testng.internal.MethodInvocationHelper.invokeMethod(MethodInvocationHelper.java:133)
	at org.testng.internal.MethodInvocationHelper.invokeMethodConsideringTimeout(MethodInvocationHelper.java:62)
	at org.testng.internal.ConfigInvoker.invokeConfigurationMethod(ConfigInvoker.java:340)
	at org.testng.internal.ConfigInvoker.invokeConfigurations(ConfigInvoker.java:294)
	at org.testng.TestRunner.invokeTestConfigurations(TestRunner.java:623)
	at org.testng.TestRunner.beforeRun(TestRunner.java:613)
	at org.testng.TestRunner.run(TestRunner.java:584)
	at org.testng.SuiteRunner.runTest(SuiteRunner.java:402)
	at org.testng.SuiteRunner.runSequentially(SuiteRunner.java:396)
	at org.testng.SuiteRunner.privateRun(SuiteRunner.java:355)
	at org.testng.SuiteRunner.run(SuiteRunner.java:304)
	at org.testng.SuiteRunnerWorker.runSuite(SuiteRunnerWorker.java:53)
	at org.testng.SuiteRunnerWorker.run(SuiteRunnerWorker.java:96)
	at org.testng.TestNG.runSuitesSequentially(TestNG.java:1180)
	at org.testng.TestNG.runSuitesLocally(TestNG.java:1102)
	at org.testng.TestNG.runSuites(TestNG.java:1032)
	at org.testng.TestNG.run(TestNG.java:1000)
	at org.testng.remote.AbstractRemoteTestNG.run(AbstractRemoteTestNG.java:115)
	at org.testng.remote.RemoteTestNG.initAndRun(RemoteTestNG.java:251)
	at org.testng.remote.RemoteTestNG.main(RemoteTestNG.java:77)
</pre></div></td>
<td>0</td>
<td>com.cet.INDTSAdditionalHouseHold_Test@cc239ba</td></tr>
<tr>
<td title='com.cet.INDTSNextAdditionalHouseHold_Test.nextAdditionalHouseHoldMembersFirstName_INDTSTest()'><b>nextAdditionalHouseHoldMembersFirstName_INDTSTest</b><br>Test class: com.cet.INDTSNextAdditionalHouseHold_Test</td>
<td><div><pre>org.openqa.selenium.NoSuchElementException: Unable to find element with xpath == //table/tbody/tr/td/input[1]
For documentation on this error, please visit: https://www.seleniumhq.org/exceptions/no_such_element.html
Build info: version: &apos;4.0.0-alpha-3&apos;, revision: &apos;8c567de6dc&apos;
System info: host: &apos;LHTU05CG4472DYW&apos;, ip: &apos;10.99.6.50&apos;, os.name: &apos;Windows 10&apos;, os.arch: &apos;amd64&apos;, os.version: &apos;10.0&apos;, java.version: &apos;1.8.0_261&apos;
Driver info: org.openqa.selenium.ie.InternetExplorerDriver
Capabilities {acceptInsecureCerts: false, browserName: internet explorer, browserVersion: 11, javascriptEnabled: true, pageLoadStrategy: normal, platform: WINDOWS, platformName: WINDOWS, proxy: Proxy(), se:ieOptions: {browserAttachTimeout: 0, elementScrollBehavior: 0, enablePersistentHover: false, ie.browserCommandLineSwitches: , ie.edgechromium: false, ie.edgepath: , ie.ensureCleanSession: false, ie.fileUploadDialogTimeout: 3000, ie.forceCreateProcessApi: false, ignoreProtectedModeSettings: true, ignoreZoomSetting: true, initialBrowserUrl: http://localhost:5091/, nativeEvents: false, requireWindowFocus: true}, setWindowRect: true, strictFileInteractability: false, timeouts: {implicit: 0, pageLoad: 300000, script: 30000}, unhandledPromptBehavior: dismiss and notify}
Session ID: 1950bf9a-a9f2-467b-be03-70c66eb6ed60
*** Element info: {Using=xpath, value=//table/tbody/tr/td/input[1]}
	at org.openqa.selenium.remote.codec.w3c.W3CHttpResponseCodec.createException(W3CHttpResponseCodec.java:191)
	at org.openqa.selenium.remote.codec.w3c.W3CHttpResponseCodec.decode(W3CHttpResponseCodec.java:125)
	at org.openqa.selenium.remote.codec.w3c.W3CHttpResponseCodec.decode(W3CHttpResponseCodec.java:52)
	at org.openqa.selenium.remote.HttpCommandExecutor.execute(HttpCommandExecutor.java:161)
	at org.openqa.selenium.remote.service.DriverCommandExecutor.execute(DriverCommandExecutor.java:83)
	at org.openqa.selenium.remote.RemoteWebDriver.execute(RemoteWebDriver.java:576)
	at org.openqa.selenium.remote.RemoteWebDriver.findElement(RemoteWebDriver.java:327)
	at org.openqa.selenium.remote.RemoteWebDriver.findElementByXPath(RemoteWebDriver.java:445)
	at org.openqa.selenium.By$ByXPath.findElement(By.java:396)
	at org.openqa.selenium.remote.RemoteWebDriver.findElement(RemoteWebDriver.java:319)
	at com.cet.pagerepositery.AssignmentPage.searchResultCheckBox(AssignmentPage.java:40)
	at com.cet.utility.AdditionalHouseHold_Helper.assignTask(AdditionalHouseHold_Helper.java:26)
	at com.cet.INDTSAdditionalHouseHold_Test.setINDTSTeam(INDTSAdditionalHouseHold_Test.java:57)
... Removed 28 stack frames</pre></div><a href='#' onClick='toggleBox("stack-trace590933743", this, "Click to show all stack frames", "Click to hide stack frames")'>Click to show all stack frames</a>
<div class='stack-trace' id='stack-trace590933743'><pre>org.openqa.selenium.NoSuchElementException: Unable to find element with xpath == //table/tbody/tr/td/input[1]
For documentation on this error, please visit: https://www.seleniumhq.org/exceptions/no_such_element.html
Build info: version: &apos;4.0.0-alpha-3&apos;, revision: &apos;8c567de6dc&apos;
System info: host: &apos;LHTU05CG4472DYW&apos;, ip: &apos;10.99.6.50&apos;, os.name: &apos;Windows 10&apos;, os.arch: &apos;amd64&apos;, os.version: &apos;10.0&apos;, java.version: &apos;1.8.0_261&apos;
Driver info: org.openqa.selenium.ie.InternetExplorerDriver
Capabilities {acceptInsecureCerts: false, browserName: internet explorer, browserVersion: 11, javascriptEnabled: true, pageLoadStrategy: normal, platform: WINDOWS, platformName: WINDOWS, proxy: Proxy(), se:ieOptions: {browserAttachTimeout: 0, elementScrollBehavior: 0, enablePersistentHover: false, ie.browserCommandLineSwitches: , ie.edgechromium: false, ie.edgepath: , ie.ensureCleanSession: false, ie.fileUploadDialogTimeout: 3000, ie.forceCreateProcessApi: false, ignoreProtectedModeSettings: true, ignoreZoomSetting: true, initialBrowserUrl: http://localhost:5091/, nativeEvents: false, requireWindowFocus: true}, setWindowRect: true, strictFileInteractability: false, timeouts: {implicit: 0, pageLoad: 300000, script: 30000}, unhandledPromptBehavior: dismiss and notify}
Session ID: 1950bf9a-a9f2-467b-be03-70c66eb6ed60
*** Element info: {Using=xpath, value=//table/tbody/tr/td/input[1]}
	at sun.reflect.NativeConstructorAccessorImpl.newInstance0(Native Method)
	at sun.reflect.NativeConstructorAccessorImpl.newInstance(Unknown Source)
	at sun.reflect.DelegatingConstructorAccessorImpl.newInstance(Unknown Source)
	at java.lang.reflect.Constructor.newInstance(Unknown Source)
	at org.openqa.selenium.remote.codec.w3c.W3CHttpResponseCodec.createException(W3CHttpResponseCodec.java:191)
	at org.openqa.selenium.remote.codec.w3c.W3CHttpResponseCodec.decode(W3CHttpResponseCodec.java:125)
	at org.openqa.selenium.remote.codec.w3c.W3CHttpResponseCodec.decode(W3CHttpResponseCodec.java:52)
	at org.openqa.selenium.remote.HttpCommandExecutor.execute(HttpCommandExecutor.java:161)
	at org.openqa.selenium.remote.service.DriverCommandExecutor.execute(DriverCommandExecutor.java:83)
	at org.openqa.selenium.remote.RemoteWebDriver.execute(RemoteWebDriver.java:576)
	at org.openqa.selenium.remote.RemoteWebDriver.findElement(RemoteWebDriver.java:327)
	at org.openqa.selenium.remote.RemoteWebDriver.findElementByXPath(RemoteWebDriver.java:445)
	at org.openqa.selenium.By$ByXPath.findElement(By.java:396)
	at org.openqa.selenium.remote.RemoteWebDriver.findElement(RemoteWebDriver.java:319)
	at com.cet.pagerepositery.AssignmentPage.searchResultCheckBox(AssignmentPage.java:40)
	at com.cet.utility.AdditionalHouseHold_Helper.assignTask(AdditionalHouseHold_Helper.java:26)
	at com.cet.INDTSAdditionalHouseHold_Test.setINDTSTeam(INDTSAdditionalHouseHold_Test.java:57)
	at sun.reflect.NativeMethodAccessorImpl.invoke0(Native Method)
	at sun.reflect.NativeMethodAccessorImpl.invoke(Unknown Source)
	at sun.reflect.DelegatingMethodAccessorImpl.invoke(Unknown Source)
	at java.lang.reflect.Method.invoke(Unknown Source)
	at org.testng.internal.MethodInvocationHelper.invokeMethod(MethodInvocationHelper.java:133)
	at org.testng.internal.MethodInvocationHelper.invokeMethodConsideringTimeout(MethodInvocationHelper.java:62)
	at org.testng.internal.ConfigInvoker.invokeConfigurationMethod(ConfigInvoker.java:340)
	at org.testng.internal.ConfigInvoker.invokeConfigurations(ConfigInvoker.java:294)
	at org.testng.TestRunner.invokeTestConfigurations(TestRunner.java:623)
	at org.testng.TestRunner.beforeRun(TestRunner.java:613)
	at org.testng.TestRunner.run(TestRunner.java:584)
	at org.testng.SuiteRunner.runTest(SuiteRunner.java:402)
	at org.testng.SuiteRunner.runSequentially(SuiteRunner.java:396)
	at org.testng.SuiteRunner.privateRun(SuiteRunner.java:355)
	at org.testng.SuiteRunner.run(SuiteRunner.java:304)
	at org.testng.SuiteRunnerWorker.runSuite(SuiteRunnerWorker.java:53)
	at org.testng.SuiteRunnerWorker.run(SuiteRunnerWorker.java:96)
	at org.testng.TestNG.runSuitesSequentially(TestNG.java:1180)
	at org.testng.TestNG.runSuitesLocally(TestNG.java:1102)
	at org.testng.TestNG.runSuites(TestNG.java:1032)
	at org.testng.TestNG.run(TestNG.java:1000)
	at org.testng.remote.AbstractRemoteTestNG.run(AbstractRemoteTestNG.java:115)
	at org.testng.remote.RemoteTestNG.initAndRun(RemoteTestNG.java:251)
	at org.testng.remote.RemoteTestNG.main(RemoteTestNG.java:77)
</pre></div></td>
<td>0</td>
<td>com.cet.INDTSNextAdditionalHouseHold_Test@2c708440</td></tr>
<tr>
<td title='com.cet.INDTSNextAdditionalHouseHold_Test.nextAdditionalHouseHoldMembersFirstName_INDTSTest()'><b>nextAdditionalHouseHoldMembersFirstName_INDTSTest</b><br>Test class: com.cet.INDTSNextAdditionalHouseHold_Test</td>
<td><div><pre>org.openqa.selenium.NoSuchElementException: Unable to find element with xpath == //table/tbody/tr/td/input[1]
For documentation on this error, please visit: https://www.seleniumhq.org/exceptions/no_such_element.html
Build info: version: &apos;4.0.0-alpha-3&apos;, revision: &apos;8c567de6dc&apos;
System info: host: &apos;LHTU05CG4472DYW&apos;, ip: &apos;10.99.6.50&apos;, os.name: &apos;Windows 10&apos;, os.arch: &apos;amd64&apos;, os.version: &apos;10.0&apos;, java.version: &apos;1.8.0_261&apos;
Driver info: org.openqa.selenium.ie.InternetExplorerDriver
Capabilities {acceptInsecureCerts: false, browserName: internet explorer, browserVersion: 11, javascriptEnabled: true, pageLoadStrategy: normal, platform: WINDOWS, platformName: WINDOWS, proxy: Proxy(), se:ieOptions: {browserAttachTimeout: 0, elementScrollBehavior: 0, enablePersistentHover: false, ie.browserCommandLineSwitches: , ie.edgechromium: false, ie.edgepath: , ie.ensureCleanSession: false, ie.fileUploadDialogTimeout: 3000, ie.forceCreateProcessApi: false, ignoreProtectedModeSettings: true, ignoreZoomSetting: true, initialBrowserUrl: http://localhost:5091/, nativeEvents: false, requireWindowFocus: true}, setWindowRect: true, strictFileInteractability: false, timeouts: {implicit: 0, pageLoad: 300000, script: 30000}, unhandledPromptBehavior: dismiss and notify}
Session ID: 1950bf9a-a9f2-467b-be03-70c66eb6ed60
*** Element info: {Using=xpath, value=//table/tbody/tr/td/input[1]}
	at org.openqa.selenium.remote.codec.w3c.W3CHttpResponseCodec.createException(W3CHttpResponseCodec.java:191)
	at org.openqa.selenium.remote.codec.w3c.W3CHttpResponseCodec.decode(W3CHttpResponseCodec.java:125)
	at org.openqa.selenium.remote.codec.w3c.W3CHttpResponseCodec.decode(W3CHttpResponseCodec.java:52)
	at org.openqa.selenium.remote.HttpCommandExecutor.execute(HttpCommandExecutor.java:161)
	at org.openqa.selenium.remote.service.DriverCommandExecutor.execute(DriverCommandExecutor.java:83)
	at org.openqa.selenium.remote.RemoteWebDriver.execute(RemoteWebDriver.java:576)
	at org.openqa.selenium.remote.RemoteWebDriver.findElement(RemoteWebDriver.java:327)
	at org.openqa.selenium.remote.RemoteWebDriver.findElementByXPath(RemoteWebDriver.java:445)
	at org.openqa.selenium.By$ByXPath.findElement(By.java:396)
	at org.openqa.selenium.remote.RemoteWebDriver.findElement(RemoteWebDriver.java:319)
	at com.cet.pagerepositery.AssignmentPage.searchResultCheckBox(AssignmentPage.java:40)
	at com.cet.utility.AdditionalHouseHold_Helper.assignTask(AdditionalHouseHold_Helper.java:26)
	at com.cet.INDTSAdditionalHouseHold_Test.setINDTSTeam(INDTSAdditionalHouseHold_Test.java:57)
... Removed 28 stack frames</pre></div><a href='#' onClick='toggleBox("stack-trace1498326818", this, "Click to show all stack frames", "Click to hide stack frames")'>Click to show all stack frames</a>
<div class='stack-trace' id='stack-trace1498326818'><pre>org.openqa.selenium.NoSuchElementException: Unable to find element with xpath == //table/tbody/tr/td/input[1]
For documentation on this error, please visit: https://www.seleniumhq.org/exceptions/no_such_element.html
Build info: version: &apos;4.0.0-alpha-3&apos;, revision: &apos;8c567de6dc&apos;
System info: host: &apos;LHTU05CG4472DYW&apos;, ip: &apos;10.99.6.50&apos;, os.name: &apos;Windows 10&apos;, os.arch: &apos;amd64&apos;, os.version: &apos;10.0&apos;, java.version: &apos;1.8.0_261&apos;
Driver info: org.openqa.selenium.ie.InternetExplorerDriver
Capabilities {acceptInsecureCerts: false, browserName: internet explorer, browserVersion: 11, javascriptEnabled: true, pageLoadStrategy: normal, platform: WINDOWS, platformName: WINDOWS, proxy: Proxy(), se:ieOptions: {browserAttachTimeout: 0, elementScrollBehavior: 0, enablePersistentHover: false, ie.browserCommandLineSwitches: , ie.edgechromium: false, ie.edgepath: , ie.ensureCleanSession: false, ie.fileUploadDialogTimeout: 3000, ie.forceCreateProcessApi: false, ignoreProtectedModeSettings: true, ignoreZoomSetting: true, initialBrowserUrl: http://localhost:5091/, nativeEvents: false, requireWindowFocus: true}, setWindowRect: true, strictFileInteractability: false, timeouts: {implicit: 0, pageLoad: 300000, script: 30000}, unhandledPromptBehavior: dismiss and notify}
Session ID: 1950bf9a-a9f2-467b-be03-70c66eb6ed60
*** Element info: {Using=xpath, value=//table/tbody/tr/td/input[1]}
	at sun.reflect.NativeConstructorAccessorImpl.newInstance0(Native Method)
	at sun.reflect.NativeConstructorAccessorImpl.newInstance(Unknown Source)
	at sun.reflect.DelegatingConstructorAccessorImpl.newInstance(Unknown Source)
	at java.lang.reflect.Constructor.newInstance(Unknown Source)
	at org.openqa.selenium.remote.codec.w3c.W3CHttpResponseCodec.createException(W3CHttpResponseCodec.java:191)
	at org.openqa.selenium.remote.codec.w3c.W3CHttpResponseCodec.decode(W3CHttpResponseCodec.java:125)
	at org.openqa.selenium.remote.codec.w3c.W3CHttpResponseCodec.decode(W3CHttpResponseCodec.java:52)
	at org.openqa.selenium.remote.HttpCommandExecutor.execute(HttpCommandExecutor.java:161)
	at org.openqa.selenium.remote.service.DriverCommandExecutor.execute(DriverCommandExecutor.java:83)
	at org.openqa.selenium.remote.RemoteWebDriver.execute(RemoteWebDriver.java:576)
	at org.openqa.selenium.remote.RemoteWebDriver.findElement(RemoteWebDriver.java:327)
	at org.openqa.selenium.remote.RemoteWebDriver.findElementByXPath(RemoteWebDriver.java:445)
	at org.openqa.selenium.By$ByXPath.findElement(By.java:396)
	at org.openqa.selenium.remote.RemoteWebDriver.findElement(RemoteWebDriver.java:319)
	at com.cet.pagerepositery.AssignmentPage.searchResultCheckBox(AssignmentPage.java:40)
	at com.cet.utility.AdditionalHouseHold_Helper.assignTask(AdditionalHouseHold_Helper.java:26)
	at com.cet.INDTSAdditionalHouseHold_Test.setINDTSTeam(INDTSAdditionalHouseHold_Test.java:57)
	at sun.reflect.NativeMethodAccessorImpl.invoke0(Native Method)
	at sun.reflect.NativeMethodAccessorImpl.invoke(Unknown Source)
	at sun.reflect.DelegatingMethodAccessorImpl.invoke(Unknown Source)
	at java.lang.reflect.Method.invoke(Unknown Source)
	at org.testng.internal.MethodInvocationHelper.invokeMethod(MethodInvocationHelper.java:133)
	at org.testng.internal.MethodInvocationHelper.invokeMethodConsideringTimeout(MethodInvocationHelper.java:62)
	at org.testng.internal.ConfigInvoker.invokeConfigurationMethod(ConfigInvoker.java:340)
	at org.testng.internal.ConfigInvoker.invokeConfigurations(ConfigInvoker.java:294)
	at org.testng.TestRunner.invokeTestConfigurations(TestRunner.java:623)
	at org.testng.TestRunner.beforeRun(TestRunner.java:613)
	at org.testng.TestRunner.run(TestRunner.java:584)
	at org.testng.SuiteRunner.runTest(SuiteRunner.java:402)
	at org.testng.SuiteRunner.runSequentially(SuiteRunner.java:396)
	at org.testng.SuiteRunner.privateRun(SuiteRunner.java:355)
	at org.testng.SuiteRunner.run(SuiteRunner.java:304)
	at org.testng.SuiteRunnerWorker.runSuite(SuiteRunnerWorker.java:53)
	at org.testng.SuiteRunnerWorker.run(SuiteRunnerWorker.java:96)
	at org.testng.TestNG.runSuitesSequentially(TestNG.java:1180)
	at org.testng.TestNG.runSuitesLocally(TestNG.java:1102)
	at org.testng.TestNG.runSuites(TestNG.java:1032)
	at org.testng.TestNG.run(TestNG.java:1000)
	at org.testng.remote.AbstractRemoteTestNG.run(AbstractRemoteTestNG.java:115)
	at org.testng.remote.RemoteTestNG.initAndRun(RemoteTestNG.java:251)
	at org.testng.remote.RemoteTestNG.main(RemoteTestNG.java:77)
</pre></div></td>
<td>0</td>
<td>com.cet.INDTSNextAdditionalHouseHold_Test@3162743f</td></tr>
<tr>
<td title='com.cet.INDTSNextAdditionalHouseHold_Test.nextAdditionalHouseHoldMembersFirstName_INDTSTest()'><b>nextAdditionalHouseHoldMembersFirstName_INDTSTest</b><br>Test class: com.cet.INDTSNextAdditionalHouseHold_Test</td>
<td><div><pre>org.openqa.selenium.NoSuchElementException: Unable to find element with xpath == //table/tbody/tr/td/input[1]
For documentation on this error, please visit: https://www.seleniumhq.org/exceptions/no_such_element.html
Build info: version: &apos;4.0.0-alpha-3&apos;, revision: &apos;8c567de6dc&apos;
System info: host: &apos;LHTU05CG4472DYW&apos;, ip: &apos;10.99.6.50&apos;, os.name: &apos;Windows 10&apos;, os.arch: &apos;amd64&apos;, os.version: &apos;10.0&apos;, java.version: &apos;1.8.0_261&apos;
Driver info: org.openqa.selenium.ie.InternetExplorerDriver
Capabilities {acceptInsecureCerts: false, browserName: internet explorer, browserVersion: 11, javascriptEnabled: true, pageLoadStrategy: normal, platform: WINDOWS, platformName: WINDOWS, proxy: Proxy(), se:ieOptions: {browserAttachTimeout: 0, elementScrollBehavior: 0, enablePersistentHover: false, ie.browserCommandLineSwitches: , ie.edgechromium: false, ie.edgepath: , ie.ensureCleanSession: false, ie.fileUploadDialogTimeout: 3000, ie.forceCreateProcessApi: false, ignoreProtectedModeSettings: true, ignoreZoomSetting: true, initialBrowserUrl: http://localhost:5091/, nativeEvents: false, requireWindowFocus: true}, setWindowRect: true, strictFileInteractability: false, timeouts: {implicit: 0, pageLoad: 300000, script: 30000}, unhandledPromptBehavior: dismiss and notify}
Session ID: 1950bf9a-a9f2-467b-be03-70c66eb6ed60
*** Element info: {Using=xpath, value=//table/tbody/tr/td/input[1]}
	at org.openqa.selenium.remote.codec.w3c.W3CHttpResponseCodec.createException(W3CHttpResponseCodec.java:191)
	at org.openqa.selenium.remote.codec.w3c.W3CHttpResponseCodec.decode(W3CHttpResponseCodec.java:125)
	at org.openqa.selenium.remote.codec.w3c.W3CHttpResponseCodec.decode(W3CHttpResponseCodec.java:52)
	at org.openqa.selenium.remote.HttpCommandExecutor.execute(HttpCommandExecutor.java:161)
	at org.openqa.selenium.remote.service.DriverCommandExecutor.execute(DriverCommandExecutor.java:83)
	at org.openqa.selenium.remote.RemoteWebDriver.execute(RemoteWebDriver.java:576)
	at org.openqa.selenium.remote.RemoteWebDriver.findElement(RemoteWebDriver.java:327)
	at org.openqa.selenium.remote.RemoteWebDriver.findElementByXPath(RemoteWebDriver.java:445)
	at org.openqa.selenium.By$ByXPath.findElement(By.java:396)
	at org.openqa.selenium.remote.RemoteWebDriver.findElement(RemoteWebDriver.java:319)
	at com.cet.pagerepositery.AssignmentPage.searchResultCheckBox(AssignmentPage.java:40)
	at com.cet.utility.AdditionalHouseHold_Helper.assignTask(AdditionalHouseHold_Helper.java:26)
	at com.cet.INDTSAdditionalHouseHold_Test.setINDTSTeam(INDTSAdditionalHouseHold_Test.java:57)
... Removed 28 stack frames</pre></div><a href='#' onClick='toggleBox("stack-trace191637770", this, "Click to show all stack frames", "Click to hide stack frames")'>Click to show all stack frames</a>
<div class='stack-trace' id='stack-trace191637770'><pre>org.openqa.selenium.NoSuchElementException: Unable to find element with xpath == //table/tbody/tr/td/input[1]
For documentation on this error, please visit: https://www.seleniumhq.org/exceptions/no_such_element.html
Build info: version: &apos;4.0.0-alpha-3&apos;, revision: &apos;8c567de6dc&apos;
System info: host: &apos;LHTU05CG4472DYW&apos;, ip: &apos;10.99.6.50&apos;, os.name: &apos;Windows 10&apos;, os.arch: &apos;amd64&apos;, os.version: &apos;10.0&apos;, java.version: &apos;1.8.0_261&apos;
Driver info: org.openqa.selenium.ie.InternetExplorerDriver
Capabilities {acceptInsecureCerts: false, browserName: internet explorer, browserVersion: 11, javascriptEnabled: true, pageLoadStrategy: normal, platform: WINDOWS, platformName: WINDOWS, proxy: Proxy(), se:ieOptions: {browserAttachTimeout: 0, elementScrollBehavior: 0, enablePersistentHover: false, ie.browserCommandLineSwitches: , ie.edgechromium: false, ie.edgepath: , ie.ensureCleanSession: false, ie.fileUploadDialogTimeout: 3000, ie.forceCreateProcessApi: false, ignoreProtectedModeSettings: true, ignoreZoomSetting: true, initialBrowserUrl: http://localhost:5091/, nativeEvents: false, requireWindowFocus: true}, setWindowRect: true, strictFileInteractability: false, timeouts: {implicit: 0, pageLoad: 300000, script: 30000}, unhandledPromptBehavior: dismiss and notify}
Session ID: 1950bf9a-a9f2-467b-be03-70c66eb6ed60
*** Element info: {Using=xpath, value=//table/tbody/tr/td/input[1]}
	at sun.reflect.NativeConstructorAccessorImpl.newInstance0(Native Method)
	at sun.reflect.NativeConstructorAccessorImpl.newInstance(Unknown Source)
	at sun.reflect.DelegatingConstructorAccessorImpl.newInstance(Unknown Source)
	at java.lang.reflect.Constructor.newInstance(Unknown Source)
	at org.openqa.selenium.remote.codec.w3c.W3CHttpResponseCodec.createException(W3CHttpResponseCodec.java:191)
	at org.openqa.selenium.remote.codec.w3c.W3CHttpResponseCodec.decode(W3CHttpResponseCodec.java:125)
	at org.openqa.selenium.remote.codec.w3c.W3CHttpResponseCodec.decode(W3CHttpResponseCodec.java:52)
	at org.openqa.selenium.remote.HttpCommandExecutor.execute(HttpCommandExecutor.java:161)
	at org.openqa.selenium.remote.service.DriverCommandExecutor.execute(DriverCommandExecutor.java:83)
	at org.openqa.selenium.remote.RemoteWebDriver.execute(RemoteWebDriver.java:576)
	at org.openqa.selenium.remote.RemoteWebDriver.findElement(RemoteWebDriver.java:327)
	at org.openqa.selenium.remote.RemoteWebDriver.findElementByXPath(RemoteWebDriver.java:445)
	at org.openqa.selenium.By$ByXPath.findElement(By.java:396)
	at org.openqa.selenium.remote.RemoteWebDriver.findElement(RemoteWebDriver.java:319)
	at com.cet.pagerepositery.AssignmentPage.searchResultCheckBox(AssignmentPage.java:40)
	at com.cet.utility.AdditionalHouseHold_Helper.assignTask(AdditionalHouseHold_Helper.java:26)
	at com.cet.INDTSAdditionalHouseHold_Test.setINDTSTeam(INDTSAdditionalHouseHold_Test.java:57)
	at sun.reflect.NativeMethodAccessorImpl.invoke0(Native Method)
	at sun.reflect.NativeMethodAccessorImpl.invoke(Unknown Source)
	at sun.reflect.DelegatingMethodAccessorImpl.invoke(Unknown Source)
	at java.lang.reflect.Method.invoke(Unknown Source)
	at org.testng.internal.MethodInvocationHelper.invokeMethod(MethodInvocationHelper.java:133)
	at org.testng.internal.MethodInvocationHelper.invokeMethodConsideringTimeout(MethodInvocationHelper.java:62)
	at org.testng.internal.ConfigInvoker.invokeConfigurationMethod(ConfigInvoker.java:340)
	at org.testng.internal.ConfigInvoker.invokeConfigurations(ConfigInvoker.java:294)
	at org.testng.TestRunner.invokeTestConfigurations(TestRunner.java:623)
	at org.testng.TestRunner.beforeRun(TestRunner.java:613)
	at org.testng.TestRunner.run(TestRunner.java:584)
	at org.testng.SuiteRunner.runTest(SuiteRunner.java:402)
	at org.testng.SuiteRunner.runSequentially(SuiteRunner.java:396)
	at org.testng.SuiteRunner.privateRun(SuiteRunner.java:355)
	at org.testng.SuiteRunner.run(SuiteRunner.java:304)
	at org.testng.SuiteRunnerWorker.runSuite(SuiteRunnerWorker.java:53)
	at org.testng.SuiteRunnerWorker.run(SuiteRunnerWorker.java:96)
	at org.testng.TestNG.runSuitesSequentially(TestNG.java:1180)
	at org.testng.TestNG.runSuitesLocally(TestNG.java:1102)
	at org.testng.TestNG.runSuites(TestNG.java:1032)
	at org.testng.TestNG.run(TestNG.java:1000)
	at org.testng.remote.AbstractRemoteTestNG.run(AbstractRemoteTestNG.java:115)
	at org.testng.remote.RemoteTestNG.initAndRun(RemoteTestNG.java:251)
	at org.testng.remote.RemoteTestNG.main(RemoteTestNG.java:77)
</pre></div></td>
<td>0</td>
<td>com.cet.INDTSNextAdditionalHouseHold_Test@69d6a7cd</td></tr>
<tr>
<td title='com.cet.INDTSNextAdditionalHouseHold_Test.nextAdditionalHouseHoldMembersLastName_INDTSTest()'><b>nextAdditionalHouseHoldMembersLastName_INDTSTest</b><br>Test class: com.cet.INDTSNextAdditionalHouseHold_Test</td>
<td><div><pre>org.openqa.selenium.NoSuchElementException: Unable to find element with xpath == //table/tbody/tr/td/input[1]
For documentation on this error, please visit: https://www.seleniumhq.org/exceptions/no_such_element.html
Build info: version: &apos;4.0.0-alpha-3&apos;, revision: &apos;8c567de6dc&apos;
System info: host: &apos;LHTU05CG4472DYW&apos;, ip: &apos;10.99.6.50&apos;, os.name: &apos;Windows 10&apos;, os.arch: &apos;amd64&apos;, os.version: &apos;10.0&apos;, java.version: &apos;1.8.0_261&apos;
Driver info: org.openqa.selenium.ie.InternetExplorerDriver
Capabilities {acceptInsecureCerts: false, browserName: internet explorer, browserVersion: 11, javascriptEnabled: true, pageLoadStrategy: normal, platform: WINDOWS, platformName: WINDOWS, proxy: Proxy(), se:ieOptions: {browserAttachTimeout: 0, elementScrollBehavior: 0, enablePersistentHover: false, ie.browserCommandLineSwitches: , ie.edgechromium: false, ie.edgepath: , ie.ensureCleanSession: false, ie.fileUploadDialogTimeout: 3000, ie.forceCreateProcessApi: false, ignoreProtectedModeSettings: true, ignoreZoomSetting: true, initialBrowserUrl: http://localhost:5091/, nativeEvents: false, requireWindowFocus: true}, setWindowRect: true, strictFileInteractability: false, timeouts: {implicit: 0, pageLoad: 300000, script: 30000}, unhandledPromptBehavior: dismiss and notify}
Session ID: 1950bf9a-a9f2-467b-be03-70c66eb6ed60
*** Element info: {Using=xpath, value=//table/tbody/tr/td/input[1]}
	at org.openqa.selenium.remote.codec.w3c.W3CHttpResponseCodec.createException(W3CHttpResponseCodec.java:191)
	at org.openqa.selenium.remote.codec.w3c.W3CHttpResponseCodec.decode(W3CHttpResponseCodec.java:125)
	at org.openqa.selenium.remote.codec.w3c.W3CHttpResponseCodec.decode(W3CHttpResponseCodec.java:52)
	at org.openqa.selenium.remote.HttpCommandExecutor.execute(HttpCommandExecutor.java:161)
	at org.openqa.selenium.remote.service.DriverCommandExecutor.execute(DriverCommandExecutor.java:83)
	at org.openqa.selenium.remote.RemoteWebDriver.execute(RemoteWebDriver.java:576)
	at org.openqa.selenium.remote.RemoteWebDriver.findElement(RemoteWebDriver.java:327)
	at org.openqa.selenium.remote.RemoteWebDriver.findElementByXPath(RemoteWebDriver.java:445)
	at org.openqa.selenium.By$ByXPath.findElement(By.java:396)
	at org.openqa.selenium.remote.RemoteWebDriver.findElement(RemoteWebDriver.java:319)
	at com.cet.pagerepositery.AssignmentPage.searchResultCheckBox(AssignmentPage.java:40)
	at com.cet.utility.AdditionalHouseHold_Helper.assignTask(AdditionalHouseHold_Helper.java:26)
	at com.cet.INDTSAdditionalHouseHold_Test.setINDTSTeam(INDTSAdditionalHouseHold_Test.java:57)
... Removed 28 stack frames</pre></div><a href='#' onClick='toggleBox("stack-trace1631025218", this, "Click to show all stack frames", "Click to hide stack frames")'>Click to show all stack frames</a>
<div class='stack-trace' id='stack-trace1631025218'><pre>org.openqa.selenium.NoSuchElementException: Unable to find element with xpath == //table/tbody/tr/td/input[1]
For documentation on this error, please visit: https://www.seleniumhq.org/exceptions/no_such_element.html
Build info: version: &apos;4.0.0-alpha-3&apos;, revision: &apos;8c567de6dc&apos;
System info: host: &apos;LHTU05CG4472DYW&apos;, ip: &apos;10.99.6.50&apos;, os.name: &apos;Windows 10&apos;, os.arch: &apos;amd64&apos;, os.version: &apos;10.0&apos;, java.version: &apos;1.8.0_261&apos;
Driver info: org.openqa.selenium.ie.InternetExplorerDriver
Capabilities {acceptInsecureCerts: false, browserName: internet explorer, browserVersion: 11, javascriptEnabled: true, pageLoadStrategy: normal, platform: WINDOWS, platformName: WINDOWS, proxy: Proxy(), se:ieOptions: {browserAttachTimeout: 0, elementScrollBehavior: 0, enablePersistentHover: false, ie.browserCommandLineSwitches: , ie.edgechromium: false, ie.edgepath: , ie.ensureCleanSession: false, ie.fileUploadDialogTimeout: 3000, ie.forceCreateProcessApi: false, ignoreProtectedModeSettings: true, ignoreZoomSetting: true, initialBrowserUrl: http://localhost:5091/, nativeEvents: false, requireWindowFocus: true}, setWindowRect: true, strictFileInteractability: false, timeouts: {implicit: 0, pageLoad: 300000, script: 30000}, unhandledPromptBehavior: dismiss and notify}
Session ID: 1950bf9a-a9f2-467b-be03-70c66eb6ed60
*** Element info: {Using=xpath, value=//table/tbody/tr/td/input[1]}
	at sun.reflect.NativeConstructorAccessorImpl.newInstance0(Native Method)
	at sun.reflect.NativeConstructorAccessorImpl.newInstance(Unknown Source)
	at sun.reflect.DelegatingConstructorAccessorImpl.newInstance(Unknown Source)
	at java.lang.reflect.Constructor.newInstance(Unknown Source)
	at org.openqa.selenium.remote.codec.w3c.W3CHttpResponseCodec.createException(W3CHttpResponseCodec.java:191)
	at org.openqa.selenium.remote.codec.w3c.W3CHttpResponseCodec.decode(W3CHttpResponseCodec.java:125)
	at org.openqa.selenium.remote.codec.w3c.W3CHttpResponseCodec.decode(W3CHttpResponseCodec.java:52)
	at org.openqa.selenium.remote.HttpCommandExecutor.execute(HttpCommandExecutor.java:161)
	at org.openqa.selenium.remote.service.DriverCommandExecutor.execute(DriverCommandExecutor.java:83)
	at org.openqa.selenium.remote.RemoteWebDriver.execute(RemoteWebDriver.java:576)
	at org.openqa.selenium.remote.RemoteWebDriver.findElement(RemoteWebDriver.java:327)
	at org.openqa.selenium.remote.RemoteWebDriver.findElementByXPath(RemoteWebDriver.java:445)
	at org.openqa.selenium.By$ByXPath.findElement(By.java:396)
	at org.openqa.selenium.remote.RemoteWebDriver.findElement(RemoteWebDriver.java:319)
	at com.cet.pagerepositery.AssignmentPage.searchResultCheckBox(AssignmentPage.java:40)
	at com.cet.utility.AdditionalHouseHold_Helper.assignTask(AdditionalHouseHold_Helper.java:26)
	at com.cet.INDTSAdditionalHouseHold_Test.setINDTSTeam(INDTSAdditionalHouseHold_Test.java:57)
	at sun.reflect.NativeMethodAccessorImpl.invoke0(Native Method)
	at sun.reflect.NativeMethodAccessorImpl.invoke(Unknown Source)
	at sun.reflect.DelegatingMethodAccessorImpl.invoke(Unknown Source)
	at java.lang.reflect.Method.invoke(Unknown Source)
	at org.testng.internal.MethodInvocationHelper.invokeMethod(MethodInvocationHelper.java:133)
	at org.testng.internal.MethodInvocationHelper.invokeMethodConsideringTimeout(MethodInvocationHelper.java:62)
	at org.testng.internal.ConfigInvoker.invokeConfigurationMethod(ConfigInvoker.java:340)
	at org.testng.internal.ConfigInvoker.invokeConfigurations(ConfigInvoker.java:294)
	at org.testng.TestRunner.invokeTestConfigurations(TestRunner.java:623)
	at org.testng.TestRunner.beforeRun(TestRunner.java:613)
	at org.testng.TestRunner.run(TestRunner.java:584)
	at org.testng.SuiteRunner.runTest(SuiteRunner.java:402)
	at org.testng.SuiteRunner.runSequentially(SuiteRunner.java:396)
	at org.testng.SuiteRunner.privateRun(SuiteRunner.java:355)
	at org.testng.SuiteRunner.run(SuiteRunner.java:304)
	at org.testng.SuiteRunnerWorker.runSuite(SuiteRunnerWorker.java:53)
	at org.testng.SuiteRunnerWorker.run(SuiteRunnerWorker.java:96)
	at org.testng.TestNG.runSuitesSequentially(TestNG.java:1180)
	at org.testng.TestNG.runSuitesLocally(TestNG.java:1102)
	at org.testng.TestNG.runSuites(TestNG.java:1032)
	at org.testng.TestNG.run(TestNG.java:1000)
	at org.testng.remote.AbstractRemoteTestNG.run(AbstractRemoteTestNG.java:115)
	at org.testng.remote.RemoteTestNG.initAndRun(RemoteTestNG.java:251)
	at org.testng.remote.RemoteTestNG.main(RemoteTestNG.java:77)
</pre></div></td>
<td>0</td>
<td>com.cet.INDTSNextAdditionalHouseHold_Test@2c708440</td></tr>
<tr>
<td title='com.cet.INDTSNextAdditionalHouseHold_Test.nextAdditionalHouseHoldMembersLastName_INDTSTest()'><b>nextAdditionalHouseHoldMembersLastName_INDTSTest</b><br>Test class: com.cet.INDTSNextAdditionalHouseHold_Test</td>
<td><div><pre>org.openqa.selenium.NoSuchElementException: Unable to find element with xpath == //table/tbody/tr/td/input[1]
For documentation on this error, please visit: https://www.seleniumhq.org/exceptions/no_such_element.html
Build info: version: &apos;4.0.0-alpha-3&apos;, revision: &apos;8c567de6dc&apos;
System info: host: &apos;LHTU05CG4472DYW&apos;, ip: &apos;10.99.6.50&apos;, os.name: &apos;Windows 10&apos;, os.arch: &apos;amd64&apos;, os.version: &apos;10.0&apos;, java.version: &apos;1.8.0_261&apos;
Driver info: org.openqa.selenium.ie.InternetExplorerDriver
Capabilities {acceptInsecureCerts: false, browserName: internet explorer, browserVersion: 11, javascriptEnabled: true, pageLoadStrategy: normal, platform: WINDOWS, platformName: WINDOWS, proxy: Proxy(), se:ieOptions: {browserAttachTimeout: 0, elementScrollBehavior: 0, enablePersistentHover: false, ie.browserCommandLineSwitches: , ie.edgechromium: false, ie.edgepath: , ie.ensureCleanSession: false, ie.fileUploadDialogTimeout: 3000, ie.forceCreateProcessApi: false, ignoreProtectedModeSettings: true, ignoreZoomSetting: true, initialBrowserUrl: http://localhost:5091/, nativeEvents: false, requireWindowFocus: true}, setWindowRect: true, strictFileInteractability: false, timeouts: {implicit: 0, pageLoad: 300000, script: 30000}, unhandledPromptBehavior: dismiss and notify}
Session ID: 1950bf9a-a9f2-467b-be03-70c66eb6ed60
*** Element info: {Using=xpath, value=//table/tbody/tr/td/input[1]}
	at org.openqa.selenium.remote.codec.w3c.W3CHttpResponseCodec.createException(W3CHttpResponseCodec.java:191)
	at org.openqa.selenium.remote.codec.w3c.W3CHttpResponseCodec.decode(W3CHttpResponseCodec.java:125)
	at org.openqa.selenium.remote.codec.w3c.W3CHttpResponseCodec.decode(W3CHttpResponseCodec.java:52)
	at org.openqa.selenium.remote.HttpCommandExecutor.execute(HttpCommandExecutor.java:161)
	at org.openqa.selenium.remote.service.DriverCommandExecutor.execute(DriverCommandExecutor.java:83)
	at org.openqa.selenium.remote.RemoteWebDriver.execute(RemoteWebDriver.java:576)
	at org.openqa.selenium.remote.RemoteWebDriver.findElement(RemoteWebDriver.java:327)
	at org.openqa.selenium.remote.RemoteWebDriver.findElementByXPath(RemoteWebDriver.java:445)
	at org.openqa.selenium.By$ByXPath.findElement(By.java:396)
	at org.openqa.selenium.remote.RemoteWebDriver.findElement(RemoteWebDriver.java:319)
	at com.cet.pagerepositery.AssignmentPage.searchResultCheckBox(AssignmentPage.java:40)
	at com.cet.utility.AdditionalHouseHold_Helper.assignTask(AdditionalHouseHold_Helper.java:26)
	at com.cet.INDTSAdditionalHouseHold_Test.setINDTSTeam(INDTSAdditionalHouseHold_Test.java:57)
... Removed 28 stack frames</pre></div><a href='#' onClick='toggleBox("stack-trace22347944", this, "Click to show all stack frames", "Click to hide stack frames")'>Click to show all stack frames</a>
<div class='stack-trace' id='stack-trace22347944'><pre>org.openqa.selenium.NoSuchElementException: Unable to find element with xpath == //table/tbody/tr/td/input[1]
For documentation on this error, please visit: https://www.seleniumhq.org/exceptions/no_such_element.html
Build info: version: &apos;4.0.0-alpha-3&apos;, revision: &apos;8c567de6dc&apos;
System info: host: &apos;LHTU05CG4472DYW&apos;, ip: &apos;10.99.6.50&apos;, os.name: &apos;Windows 10&apos;, os.arch: &apos;amd64&apos;, os.version: &apos;10.0&apos;, java.version: &apos;1.8.0_261&apos;
Driver info: org.openqa.selenium.ie.InternetExplorerDriver
Capabilities {acceptInsecureCerts: false, browserName: internet explorer, browserVersion: 11, javascriptEnabled: true, pageLoadStrategy: normal, platform: WINDOWS, platformName: WINDOWS, proxy: Proxy(), se:ieOptions: {browserAttachTimeout: 0, elementScrollBehavior: 0, enablePersistentHover: false, ie.browserCommandLineSwitches: , ie.edgechromium: false, ie.edgepath: , ie.ensureCleanSession: false, ie.fileUploadDialogTimeout: 3000, ie.forceCreateProcessApi: false, ignoreProtectedModeSettings: true, ignoreZoomSetting: true, initialBrowserUrl: http://localhost:5091/, nativeEvents: false, requireWindowFocus: true}, setWindowRect: true, strictFileInteractability: false, timeouts: {implicit: 0, pageLoad: 300000, script: 30000}, unhandledPromptBehavior: dismiss and notify}
Session ID: 1950bf9a-a9f2-467b-be03-70c66eb6ed60
*** Element info: {Using=xpath, value=//table/tbody/tr/td/input[1]}
	at sun.reflect.NativeConstructorAccessorImpl.newInstance0(Native Method)
	at sun.reflect.NativeConstructorAccessorImpl.newInstance(Unknown Source)
	at sun.reflect.DelegatingConstructorAccessorImpl.newInstance(Unknown Source)
	at java.lang.reflect.Constructor.newInstance(Unknown Source)
	at org.openqa.selenium.remote.codec.w3c.W3CHttpResponseCodec.createException(W3CHttpResponseCodec.java:191)
	at org.openqa.selenium.remote.codec.w3c.W3CHttpResponseCodec.decode(W3CHttpResponseCodec.java:125)
	at org.openqa.selenium.remote.codec.w3c.W3CHttpResponseCodec.decode(W3CHttpResponseCodec.java:52)
	at org.openqa.selenium.remote.HttpCommandExecutor.execute(HttpCommandExecutor.java:161)
	at org.openqa.selenium.remote.service.DriverCommandExecutor.execute(DriverCommandExecutor.java:83)
	at org.openqa.selenium.remote.RemoteWebDriver.execute(RemoteWebDriver.java:576)
	at org.openqa.selenium.remote.RemoteWebDriver.findElement(RemoteWebDriver.java:327)
	at org.openqa.selenium.remote.RemoteWebDriver.findElementByXPath(RemoteWebDriver.java:445)
	at org.openqa.selenium.By$ByXPath.findElement(By.java:396)
	at org.openqa.selenium.remote.RemoteWebDriver.findElement(RemoteWebDriver.java:319)
	at com.cet.pagerepositery.AssignmentPage.searchResultCheckBox(AssignmentPage.java:40)
	at com.cet.utility.AdditionalHouseHold_Helper.assignTask(AdditionalHouseHold_Helper.java:26)
	at com.cet.INDTSAdditionalHouseHold_Test.setINDTSTeam(INDTSAdditionalHouseHold_Test.java:57)
	at sun.reflect.NativeMethodAccessorImpl.invoke0(Native Method)
	at sun.reflect.NativeMethodAccessorImpl.invoke(Unknown Source)
	at sun.reflect.DelegatingMethodAccessorImpl.invoke(Unknown Source)
	at java.lang.reflect.Method.invoke(Unknown Source)
	at org.testng.internal.MethodInvocationHelper.invokeMethod(MethodInvocationHelper.java:133)
	at org.testng.internal.MethodInvocationHelper.invokeMethodConsideringTimeout(MethodInvocationHelper.java:62)
	at org.testng.internal.ConfigInvoker.invokeConfigurationMethod(ConfigInvoker.java:340)
	at org.testng.internal.ConfigInvoker.invokeConfigurations(ConfigInvoker.java:294)
	at org.testng.TestRunner.invokeTestConfigurations(TestRunner.java:623)
	at org.testng.TestRunner.beforeRun(TestRunner.java:613)
	at org.testng.TestRunner.run(TestRunner.java:584)
	at org.testng.SuiteRunner.runTest(SuiteRunner.java:402)
	at org.testng.SuiteRunner.runSequentially(SuiteRunner.java:396)
	at org.testng.SuiteRunner.privateRun(SuiteRunner.java:355)
	at org.testng.SuiteRunner.run(SuiteRunner.java:304)
	at org.testng.SuiteRunnerWorker.runSuite(SuiteRunnerWorker.java:53)
	at org.testng.SuiteRunnerWorker.run(SuiteRunnerWorker.java:96)
	at org.testng.TestNG.runSuitesSequentially(TestNG.java:1180)
	at org.testng.TestNG.runSuitesLocally(TestNG.java:1102)
	at org.testng.TestNG.runSuites(TestNG.java:1032)
	at org.testng.TestNG.run(TestNG.java:1000)
	at org.testng.remote.AbstractRemoteTestNG.run(AbstractRemoteTestNG.java:115)
	at org.testng.remote.RemoteTestNG.initAndRun(RemoteTestNG.java:251)
	at org.testng.remote.RemoteTestNG.main(RemoteTestNG.java:77)
</pre></div></td>
<td>0</td>
<td>com.cet.INDTSNextAdditionalHouseHold_Test@3162743f</td></tr>
<tr>
<td title='com.cet.INDTSNextAdditionalHouseHold_Test.nextAdditionalHouseHoldMembersLastName_INDTSTest()'><b>nextAdditionalHouseHoldMembersLastName_INDTSTest</b><br>Test class: com.cet.INDTSNextAdditionalHouseHold_Test</td>
<td><div><pre>org.openqa.selenium.NoSuchElementException: Unable to find element with xpath == //table/tbody/tr/td/input[1]
For documentation on this error, please visit: https://www.seleniumhq.org/exceptions/no_such_element.html
Build info: version: &apos;4.0.0-alpha-3&apos;, revision: &apos;8c567de6dc&apos;
System info: host: &apos;LHTU05CG4472DYW&apos;, ip: &apos;10.99.6.50&apos;, os.name: &apos;Windows 10&apos;, os.arch: &apos;amd64&apos;, os.version: &apos;10.0&apos;, java.version: &apos;1.8.0_261&apos;
Driver info: org.openqa.selenium.ie.InternetExplorerDriver
Capabilities {acceptInsecureCerts: false, browserName: internet explorer, browserVersion: 11, javascriptEnabled: true, pageLoadStrategy: normal, platform: WINDOWS, platformName: WINDOWS, proxy: Proxy(), se:ieOptions: {browserAttachTimeout: 0, elementScrollBehavior: 0, enablePersistentHover: false, ie.browserCommandLineSwitches: , ie.edgechromium: false, ie.edgepath: , ie.ensureCleanSession: false, ie.fileUploadDialogTimeout: 3000, ie.forceCreateProcessApi: false, ignoreProtectedModeSettings: true, ignoreZoomSetting: true, initialBrowserUrl: http://localhost:5091/, nativeEvents: false, requireWindowFocus: true}, setWindowRect: true, strictFileInteractability: false, timeouts: {implicit: 0, pageLoad: 300000, script: 30000}, unhandledPromptBehavior: dismiss and notify}
Session ID: 1950bf9a-a9f2-467b-be03-70c66eb6ed60
*** Element info: {Using=xpath, value=//table/tbody/tr/td/input[1]}
	at org.openqa.selenium.remote.codec.w3c.W3CHttpResponseCodec.createException(W3CHttpResponseCodec.java:191)
	at org.openqa.selenium.remote.codec.w3c.W3CHttpResponseCodec.decode(W3CHttpResponseCodec.java:125)
	at org.openqa.selenium.remote.codec.w3c.W3CHttpResponseCodec.decode(W3CHttpResponseCodec.java:52)
	at org.openqa.selenium.remote.HttpCommandExecutor.execute(HttpCommandExecutor.java:161)
	at org.openqa.selenium.remote.service.DriverCommandExecutor.execute(DriverCommandExecutor.java:83)
	at org.openqa.selenium.remote.RemoteWebDriver.execute(RemoteWebDriver.java:576)
	at org.openqa.selenium.remote.RemoteWebDriver.findElement(RemoteWebDriver.java:327)
	at org.openqa.selenium.remote.RemoteWebDriver.findElementByXPath(RemoteWebDriver.java:445)
	at org.openqa.selenium.By$ByXPath.findElement(By.java:396)
	at org.openqa.selenium.remote.RemoteWebDriver.findElement(RemoteWebDriver.java:319)
	at com.cet.pagerepositery.AssignmentPage.searchResultCheckBox(AssignmentPage.java:40)
	at com.cet.utility.AdditionalHouseHold_Helper.assignTask(AdditionalHouseHold_Helper.java:26)
	at com.cet.INDTSAdditionalHouseHold_Test.setINDTSTeam(INDTSAdditionalHouseHold_Test.java:57)
... Removed 28 stack frames</pre></div><a href='#' onClick='toggleBox("stack-trace619029728", this, "Click to show all stack frames", "Click to hide stack frames")'>Click to show all stack frames</a>
<div class='stack-trace' id='stack-trace619029728'><pre>org.openqa.selenium.NoSuchElementException: Unable to find element with xpath == //table/tbody/tr/td/input[1]
For documentation on this error, please visit: https://www.seleniumhq.org/exceptions/no_such_element.html
Build info: version: &apos;4.0.0-alpha-3&apos;, revision: &apos;8c567de6dc&apos;
System info: host: &apos;LHTU05CG4472DYW&apos;, ip: &apos;10.99.6.50&apos;, os.name: &apos;Windows 10&apos;, os.arch: &apos;amd64&apos;, os.version: &apos;10.0&apos;, java.version: &apos;1.8.0_261&apos;
Driver info: org.openqa.selenium.ie.InternetExplorerDriver
Capabilities {acceptInsecureCerts: false, browserName: internet explorer, browserVersion: 11, javascriptEnabled: true, pageLoadStrategy: normal, platform: WINDOWS, platformName: WINDOWS, proxy: Proxy(), se:ieOptions: {browserAttachTimeout: 0, elementScrollBehavior: 0, enablePersistentHover: false, ie.browserCommandLineSwitches: , ie.edgechromium: false, ie.edgepath: , ie.ensureCleanSession: false, ie.fileUploadDialogTimeout: 3000, ie.forceCreateProcessApi: false, ignoreProtectedModeSettings: true, ignoreZoomSetting: true, initialBrowserUrl: http://localhost:5091/, nativeEvents: false, requireWindowFocus: true}, setWindowRect: true, strictFileInteractability: false, timeouts: {implicit: 0, pageLoad: 300000, script: 30000}, unhandledPromptBehavior: dismiss and notify}
Session ID: 1950bf9a-a9f2-467b-be03-70c66eb6ed60
*** Element info: {Using=xpath, value=//table/tbody/tr/td/input[1]}
	at sun.reflect.NativeConstructorAccessorImpl.newInstance0(Native Method)
	at sun.reflect.NativeConstructorAccessorImpl.newInstance(Unknown Source)
	at sun.reflect.DelegatingConstructorAccessorImpl.newInstance(Unknown Source)
	at java.lang.reflect.Constructor.newInstance(Unknown Source)
	at org.openqa.selenium.remote.codec.w3c.W3CHttpResponseCodec.createException(W3CHttpResponseCodec.java:191)
	at org.openqa.selenium.remote.codec.w3c.W3CHttpResponseCodec.decode(W3CHttpResponseCodec.java:125)
	at org.openqa.selenium.remote.codec.w3c.W3CHttpResponseCodec.decode(W3CHttpResponseCodec.java:52)
	at org.openqa.selenium.remote.HttpCommandExecutor.execute(HttpCommandExecutor.java:161)
	at org.openqa.selenium.remote.service.DriverCommandExecutor.execute(DriverCommandExecutor.java:83)
	at org.openqa.selenium.remote.RemoteWebDriver.execute(RemoteWebDriver.java:576)
	at org.openqa.selenium.remote.RemoteWebDriver.findElement(RemoteWebDriver.java:327)
	at org.openqa.selenium.remote.RemoteWebDriver.findElementByXPath(RemoteWebDriver.java:445)
	at org.openqa.selenium.By$ByXPath.findElement(By.java:396)
	at org.openqa.selenium.remote.RemoteWebDriver.findElement(RemoteWebDriver.java:319)
	at com.cet.pagerepositery.AssignmentPage.searchResultCheckBox(AssignmentPage.java:40)
	at com.cet.utility.AdditionalHouseHold_Helper.assignTask(AdditionalHouseHold_Helper.java:26)
	at com.cet.INDTSAdditionalHouseHold_Test.setINDTSTeam(INDTSAdditionalHouseHold_Test.java:57)
	at sun.reflect.NativeMethodAccessorImpl.invoke0(Native Method)
	at sun.reflect.NativeMethodAccessorImpl.invoke(Unknown Source)
	at sun.reflect.DelegatingMethodAccessorImpl.invoke(Unknown Source)
	at java.lang.reflect.Method.invoke(Unknown Source)
	at org.testng.internal.MethodInvocationHelper.invokeMethod(MethodInvocationHelper.java:133)
	at org.testng.internal.MethodInvocationHelper.invokeMethodConsideringTimeout(MethodInvocationHelper.java:62)
	at org.testng.internal.ConfigInvoker.invokeConfigurationMethod(ConfigInvoker.java:340)
	at org.testng.internal.ConfigInvoker.invokeConfigurations(ConfigInvoker.java:294)
	at org.testng.TestRunner.invokeTestConfigurations(TestRunner.java:623)
	at org.testng.TestRunner.beforeRun(TestRunner.java:613)
	at org.testng.TestRunner.run(TestRunner.java:584)
	at org.testng.SuiteRunner.runTest(SuiteRunner.java:402)
	at org.testng.SuiteRunner.runSequentially(SuiteRunner.java:396)
	at org.testng.SuiteRunner.privateRun(SuiteRunner.java:355)
	at org.testng.SuiteRunner.run(SuiteRunner.java:304)
	at org.testng.SuiteRunnerWorker.runSuite(SuiteRunnerWorker.java:53)
	at org.testng.SuiteRunnerWorker.run(SuiteRunnerWorker.java:96)
	at org.testng.TestNG.runSuitesSequentially(TestNG.java:1180)
	at org.testng.TestNG.runSuitesLocally(TestNG.java:1102)
	at org.testng.TestNG.runSuites(TestNG.java:1032)
	at org.testng.TestNG.run(TestNG.java:1000)
	at org.testng.remote.AbstractRemoteTestNG.run(AbstractRemoteTestNG.java:115)
	at org.testng.remote.RemoteTestNG.initAndRun(RemoteTestNG.java:251)
	at org.testng.remote.RemoteTestNG.main(RemoteTestNG.java:77)
</pre></div></td>
<td>0</td>
<td>com.cet.INDTSNextAdditionalHouseHold_Test@69d6a7cd</td></tr>
</table><p>
</body>
</html>