<html>
<head>
<title>TestNG:  INDTS-UserAdminTest</title>
<link href="../testng.css" rel="stylesheet" type="text/css" />
<link href="../my-testng.css" rel="stylesheet" type="text/css" />

<style type="text/css">
.log { display: none;} 
.stack-trace { display: none;} 
</style>
<script type="text/javascript">
<!--
function flip(e) {
  current = e.style.display;
  if (current == 'block') {
    e.style.display = 'none';
    return 0;
  }
  else {
    e.style.display = 'block';
    return 1;
  }
}

function toggleBox(szDivId, elem, msg1, msg2)
{
  var res = -1;  if (document.getElementById) {
    res = flip(document.getElementById(szDivId));
  }
  else if (document.all) {
    // this is the way old msie versions work
    res = flip(document.all[szDivId]);
  }
  if(elem) {
    if(res == 0) elem.innerHTML = msg1; else elem.innerHTML = msg2;
  }

}

function toggleAllBoxes() {
  if (document.getElementsByTagName) {
    d = document.getElementsByTagName('div');
    for (i = 0; i < d.length; i++) {
      if (d[i].className == 'log') {
        flip(d[i]);
      }
    }
  }
}

// -->
</script>

</head>
<body>
<h2 align='center'>INDTS-UserAdminTest</h2><table border='1' align="center">
<tr>
<td>Tests passed/Failed/Skipped:</td><td>23/6/0</td>
</tr><tr>
<td>Started on:</td><td>Thu Dec 17 12:53:13 IST 2020</td>
</tr>
<tr><td>Total time:</td><td>1125 seconds (1125164 ms)</td>
</tr><tr>
<td>Included groups:</td><td></td>
</tr><tr>
<td>Excluded groups:</td><td></td>
</tr>
</table><p/>
<small><i>(Hover the method name to see the test class name)</i></small><p/>
<table width='100%' border='1' class='invocation-failed'>
<tr><td colspan='4' align='center'><b>FAILED TESTS</b></td></tr>
<tr><td><b>Test method</b></td>
<td width="30%"><b>Exception</b></td>
<td width="10%"><b>Time (seconds)</b></td>
<td><b>Instance</b></td>
</tr>
<tr>
<td title='com.cet.indts.UserAdminEditUserTest.verifyEditUserInfo()'><b>verifyEditUserInfo</b><br>Test class: com.cet.indts.UserAdminEditUserTest</td>
<td><div><pre>java.lang.NullPointerException
	at com.cet.pagerepositery.UserAdminEditUserPage.expDialingTeam(UserAdminEditUserPage.java:94)
	at com.cet.indts.UserAdminEditUserTest.verifyEditUserInfo(UserAdminEditUserTest.java:80)
	at java.util.ArrayList.forEach(Unknown Source)
... Removed 27 stack frames</pre></div><a href='#' onClick='toggleBox("stack-trace1597889670", this, "Click to show all stack frames", "Click to hide stack frames")'>Click to show all stack frames</a>
<div class='stack-trace' id='stack-trace1597889670'><pre>java.lang.NullPointerException
	at com.cet.pagerepositery.UserAdminEditUserPage.expDialingTeam(UserAdminEditUserPage.java:94)
	at com.cet.indts.UserAdminEditUserTest.verifyEditUserInfo(UserAdminEditUserTest.java:80)
	at sun.reflect.NativeMethodAccessorImpl.invoke0(Native Method)
	at sun.reflect.NativeMethodAccessorImpl.invoke(Unknown Source)
	at sun.reflect.DelegatingMethodAccessorImpl.invoke(Unknown Source)
	at java.lang.reflect.Method.invoke(Unknown Source)
	at org.testng.internal.MethodInvocationHelper.invokeMethod(MethodInvocationHelper.java:133)
	at org.testng.internal.TestInvoker.invokeMethod(TestInvoker.java:584)
	at org.testng.internal.TestInvoker.invokeTestMethod(TestInvoker.java:172)
	at org.testng.internal.MethodRunner.runInSequence(MethodRunner.java:46)
	at org.testng.internal.TestInvoker$MethodInvocationAgent.invoke(TestInvoker.java:804)
	at org.testng.internal.TestInvoker.invokeTestMethods(TestInvoker.java:145)
	at org.testng.internal.TestMethodWorker.invokeTestMethods(TestMethodWorker.java:146)
	at org.testng.internal.TestMethodWorker.run(TestMethodWorker.java:128)
	at java.util.ArrayList.forEach(Unknown Source)
	at org.testng.TestRunner.privateRun(TestRunner.java:770)
	at org.testng.TestRunner.run(TestRunner.java:591)
	at org.testng.SuiteRunner.runTest(SuiteRunner.java:402)
	at org.testng.SuiteRunner.runSequentially(SuiteRunner.java:396)
	at org.testng.SuiteRunner.privateRun(SuiteRunner.java:355)
	at org.testng.SuiteRunner.run(SuiteRunner.java:304)
	at org.testng.SuiteRunnerWorker.runSuite(SuiteRunnerWorker.java:53)
	at org.testng.SuiteRunnerWorker.run(SuiteRunnerWorker.java:96)
	at org.testng.TestNG.runSuitesSequentially(TestNG.java:1180)
	at org.testng.TestNG.runSuitesLocally(TestNG.java:1102)
	at org.testng.TestNG.runSuites(TestNG.java:1032)
	at org.testng.TestNG.run(TestNG.java:1000)
	at org.testng.remote.AbstractRemoteTestNG.run(AbstractRemoteTestNG.java:115)
	at org.testng.remote.RemoteTestNG.initAndRun(RemoteTestNG.java:251)
	at org.testng.remote.RemoteTestNG.main(RemoteTestNG.java:77)
</pre></div></td>
<td>30</td>
<td>com.cet.indts.UserAdminEditUserTest@76f2b07d</td></tr>
<tr>
<td title='com.cet.indts.UserAdminEditUserTest.verifyErrorTextForNoDialingTeam()'><b>verifyErrorTextForNoDialingTeam</b><br>Test class: com.cet.indts.UserAdminEditUserTest</td>
<td><div><pre>org.openqa.selenium.ElementNotInteractableException: Element is not displayed
Build info: version: &apos;4.0.0-alpha-3&apos;, revision: &apos;8c567de6dc&apos;
System info: host: &apos;LHTU05CG4472DYW&apos;, ip: &apos;10.129.128.28&apos;, os.name: &apos;Windows 10&apos;, os.arch: &apos;amd64&apos;, os.version: &apos;10.0&apos;, java.version: &apos;1.8.0_261&apos;
Driver info: org.openqa.selenium.ie.InternetExplorerDriver
Capabilities {acceptInsecureCerts: false, browserName: internet explorer, browserVersion: 11, javascriptEnabled: true, pageLoadStrategy: normal, platform: WINDOWS, platformName: WINDOWS, proxy: Proxy(), se:ieOptions: {browserAttachTimeout: 0, elementScrollBehavior: 0, enablePersistentHover: false, ie.browserCommandLineSwitches: , ie.edgechromium: false, ie.edgepath: , ie.ensureCleanSession: false, ie.fileUploadDialogTimeout: 3000, ie.forceCreateProcessApi: false, ignoreProtectedModeSettings: true, ignoreZoomSetting: true, initialBrowserUrl: http://localhost:17587/, nativeEvents: false, requireWindowFocus: true}, setWindowRect: true, strictFileInteractability: false, timeouts: {implicit: 0, pageLoad: 300000, script: 30000}, unhandledPromptBehavior: dismiss and notify}
Session ID: 9f7c702c-746b-4753-9cfc-db89fad10abd
	at org.openqa.selenium.remote.codec.w3c.W3CHttpResponseCodec.createException(W3CHttpResponseCodec.java:191)
	at org.openqa.selenium.remote.codec.w3c.W3CHttpResponseCodec.decode(W3CHttpResponseCodec.java:125)
	at org.openqa.selenium.remote.codec.w3c.W3CHttpResponseCodec.decode(W3CHttpResponseCodec.java:52)
	at org.openqa.selenium.remote.HttpCommandExecutor.execute(HttpCommandExecutor.java:161)
	at org.openqa.selenium.remote.service.DriverCommandExecutor.execute(DriverCommandExecutor.java:83)
	at org.openqa.selenium.remote.RemoteWebDriver.execute(RemoteWebDriver.java:576)
	at org.openqa.selenium.remote.RemoteWebElement.execute(RemoteWebElement.java:308)
	at org.openqa.selenium.remote.RemoteWebElement.click(RemoteWebElement.java:83)
	at com.cet.pagerepositery.UserAdminAddUserPage.selectDialingTeam(UserAdminAddUserPage.java:487)
	at com.cet.indts.UserAdminEditUserTest.verifyErrorTextForNoDialingTeam(UserAdminEditUserTest.java:103)
	at java.util.ArrayList.forEach(Unknown Source)
... Removed 31 stack frames</pre></div><a href='#' onClick='toggleBox("stack-trace1470726905", this, "Click to show all stack frames", "Click to hide stack frames")'>Click to show all stack frames</a>
<div class='stack-trace' id='stack-trace1470726905'><pre>org.openqa.selenium.ElementNotInteractableException: Element is not displayed
Build info: version: &apos;4.0.0-alpha-3&apos;, revision: &apos;8c567de6dc&apos;
System info: host: &apos;LHTU05CG4472DYW&apos;, ip: &apos;10.129.128.28&apos;, os.name: &apos;Windows 10&apos;, os.arch: &apos;amd64&apos;, os.version: &apos;10.0&apos;, java.version: &apos;1.8.0_261&apos;
Driver info: org.openqa.selenium.ie.InternetExplorerDriver
Capabilities {acceptInsecureCerts: false, browserName: internet explorer, browserVersion: 11, javascriptEnabled: true, pageLoadStrategy: normal, platform: WINDOWS, platformName: WINDOWS, proxy: Proxy(), se:ieOptions: {browserAttachTimeout: 0, elementScrollBehavior: 0, enablePersistentHover: false, ie.browserCommandLineSwitches: , ie.edgechromium: false, ie.edgepath: , ie.ensureCleanSession: false, ie.fileUploadDialogTimeout: 3000, ie.forceCreateProcessApi: false, ignoreProtectedModeSettings: true, ignoreZoomSetting: true, initialBrowserUrl: http://localhost:17587/, nativeEvents: false, requireWindowFocus: true}, setWindowRect: true, strictFileInteractability: false, timeouts: {implicit: 0, pageLoad: 300000, script: 30000}, unhandledPromptBehavior: dismiss and notify}
Session ID: 9f7c702c-746b-4753-9cfc-db89fad10abd
	at sun.reflect.NativeConstructorAccessorImpl.newInstance0(Native Method)
	at sun.reflect.NativeConstructorAccessorImpl.newInstance(Unknown Source)
	at sun.reflect.DelegatingConstructorAccessorImpl.newInstance(Unknown Source)
	at java.lang.reflect.Constructor.newInstance(Unknown Source)
	at org.openqa.selenium.remote.codec.w3c.W3CHttpResponseCodec.createException(W3CHttpResponseCodec.java:191)
	at org.openqa.selenium.remote.codec.w3c.W3CHttpResponseCodec.decode(W3CHttpResponseCodec.java:125)
	at org.openqa.selenium.remote.codec.w3c.W3CHttpResponseCodec.decode(W3CHttpResponseCodec.java:52)
	at org.openqa.selenium.remote.HttpCommandExecutor.execute(HttpCommandExecutor.java:161)
	at org.openqa.selenium.remote.service.DriverCommandExecutor.execute(DriverCommandExecutor.java:83)
	at org.openqa.selenium.remote.RemoteWebDriver.execute(RemoteWebDriver.java:576)
	at org.openqa.selenium.remote.RemoteWebElement.execute(RemoteWebElement.java:308)
	at org.openqa.selenium.remote.RemoteWebElement.click(RemoteWebElement.java:83)
	at com.cet.pagerepositery.UserAdminAddUserPage.selectDialingTeam(UserAdminAddUserPage.java:487)
	at com.cet.indts.UserAdminEditUserTest.verifyErrorTextForNoDialingTeam(UserAdminEditUserTest.java:103)
	at sun.reflect.NativeMethodAccessorImpl.invoke0(Native Method)
	at sun.reflect.NativeMethodAccessorImpl.invoke(Unknown Source)
	at sun.reflect.DelegatingMethodAccessorImpl.invoke(Unknown Source)
	at java.lang.reflect.Method.invoke(Unknown Source)
	at org.testng.internal.MethodInvocationHelper.invokeMethod(MethodInvocationHelper.java:133)
	at org.testng.internal.TestInvoker.invokeMethod(TestInvoker.java:584)
	at org.testng.internal.TestInvoker.invokeTestMethod(TestInvoker.java:172)
	at org.testng.internal.MethodRunner.runInSequence(MethodRunner.java:46)
	at org.testng.internal.TestInvoker$MethodInvocationAgent.invoke(TestInvoker.java:804)
	at org.testng.internal.TestInvoker.invokeTestMethods(TestInvoker.java:145)
	at org.testng.internal.TestMethodWorker.invokeTestMethods(TestMethodWorker.java:146)
	at org.testng.internal.TestMethodWorker.run(TestMethodWorker.java:128)
	at java.util.ArrayList.forEach(Unknown Source)
	at org.testng.TestRunner.privateRun(TestRunner.java:770)
	at org.testng.TestRunner.run(TestRunner.java:591)
	at org.testng.SuiteRunner.runTest(SuiteRunner.java:402)
	at org.testng.SuiteRunner.runSequentially(SuiteRunner.java:396)
	at org.testng.SuiteRunner.privateRun(SuiteRunner.java:355)
	at org.testng.SuiteRunner.run(SuiteRunner.java:304)
	at org.testng.SuiteRunnerWorker.runSuite(SuiteRunnerWorker.java:53)
	at org.testng.SuiteRunnerWorker.run(SuiteRunnerWorker.java:96)
	at org.testng.TestNG.runSuitesSequentially(TestNG.java:1180)
	at org.testng.TestNG.runSuitesLocally(TestNG.java:1102)
	at org.testng.TestNG.runSuites(TestNG.java:1032)
	at org.testng.TestNG.run(TestNG.java:1000)
	at org.testng.remote.AbstractRemoteTestNG.run(AbstractRemoteTestNG.java:115)
	at org.testng.remote.RemoteTestNG.initAndRun(RemoteTestNG.java:251)
	at org.testng.remote.RemoteTestNG.main(RemoteTestNG.java:77)
</pre></div></td>
<td>50</td>
<td>com.cet.indts.UserAdminEditUserTest@76f2b07d</td></tr>
<tr>
<td title='com.cet.indts.UserAdminEditUserTest.verifyResetMsgDialingMethod()'><b>verifyResetMsgDialingMethod</b><br>Test class: com.cet.indts.UserAdminEditUserTest</td>
<td><div><pre>java.lang.NullPointerException
	at com.cet.pagerepositery.UserAdminEditUserPage.expDialingMethos(UserAdminEditUserPage.java:100)
	at com.cet.indts.UserAdminEditUserTest.verifyResetMsgDialingMethod(UserAdminEditUserTest.java:192)
	at java.util.ArrayList.forEach(Unknown Source)
... Removed 27 stack frames</pre></div><a href='#' onClick='toggleBox("stack-trace1315078366", this, "Click to show all stack frames", "Click to hide stack frames")'>Click to show all stack frames</a>
<div class='stack-trace' id='stack-trace1315078366'><pre>java.lang.NullPointerException
	at com.cet.pagerepositery.UserAdminEditUserPage.expDialingMethos(UserAdminEditUserPage.java:100)
	at com.cet.indts.UserAdminEditUserTest.verifyResetMsgDialingMethod(UserAdminEditUserTest.java:192)
	at sun.reflect.NativeMethodAccessorImpl.invoke0(Native Method)
	at sun.reflect.NativeMethodAccessorImpl.invoke(Unknown Source)
	at sun.reflect.DelegatingMethodAccessorImpl.invoke(Unknown Source)
	at java.lang.reflect.Method.invoke(Unknown Source)
	at org.testng.internal.MethodInvocationHelper.invokeMethod(MethodInvocationHelper.java:133)
	at org.testng.internal.TestInvoker.invokeMethod(TestInvoker.java:584)
	at org.testng.internal.TestInvoker.invokeTestMethod(TestInvoker.java:172)
	at org.testng.internal.MethodRunner.runInSequence(MethodRunner.java:46)
	at org.testng.internal.TestInvoker$MethodInvocationAgent.invoke(TestInvoker.java:804)
	at org.testng.internal.TestInvoker.invokeTestMethods(TestInvoker.java:145)
	at org.testng.internal.TestMethodWorker.invokeTestMethods(TestMethodWorker.java:146)
	at org.testng.internal.TestMethodWorker.run(TestMethodWorker.java:128)
	at java.util.ArrayList.forEach(Unknown Source)
	at org.testng.TestRunner.privateRun(TestRunner.java:770)
	at org.testng.TestRunner.run(TestRunner.java:591)
	at org.testng.SuiteRunner.runTest(SuiteRunner.java:402)
	at org.testng.SuiteRunner.runSequentially(SuiteRunner.java:396)
	at org.testng.SuiteRunner.privateRun(SuiteRunner.java:355)
	at org.testng.SuiteRunner.run(SuiteRunner.java:304)
	at org.testng.SuiteRunnerWorker.runSuite(SuiteRunnerWorker.java:53)
	at org.testng.SuiteRunnerWorker.run(SuiteRunnerWorker.java:96)
	at org.testng.TestNG.runSuitesSequentially(TestNG.java:1180)
	at org.testng.TestNG.runSuitesLocally(TestNG.java:1102)
	at org.testng.TestNG.runSuites(TestNG.java:1032)
	at org.testng.TestNG.run(TestNG.java:1000)
	at org.testng.remote.AbstractRemoteTestNG.run(AbstractRemoteTestNG.java:115)
	at org.testng.remote.RemoteTestNG.initAndRun(RemoteTestNG.java:251)
	at org.testng.remote.RemoteTestNG.main(RemoteTestNG.java:77)
</pre></div></td>
<td>11</td>
<td>com.cet.indts.UserAdminEditUserTest@76f2b07d</td></tr>
<tr>
<td title='com.cet.indts.UserAdminEditUserTest.verifyResetMsgDialingTeam()'><b>verifyResetMsgDialingTeam</b><br>Test class: com.cet.indts.UserAdminEditUserTest</td>
<td><div><pre>org.openqa.selenium.ElementNotInteractableException: Element is not displayed
Build info: version: &apos;4.0.0-alpha-3&apos;, revision: &apos;8c567de6dc&apos;
System info: host: &apos;LHTU05CG4472DYW&apos;, ip: &apos;10.129.128.28&apos;, os.name: &apos;Windows 10&apos;, os.arch: &apos;amd64&apos;, os.version: &apos;10.0&apos;, java.version: &apos;1.8.0_261&apos;
Driver info: org.openqa.selenium.ie.InternetExplorerDriver
Capabilities {acceptInsecureCerts: false, browserName: internet explorer, browserVersion: 11, javascriptEnabled: true, pageLoadStrategy: normal, platform: WINDOWS, platformName: WINDOWS, proxy: Proxy(), se:ieOptions: {browserAttachTimeout: 0, elementScrollBehavior: 0, enablePersistentHover: false, ie.browserCommandLineSwitches: , ie.edgechromium: false, ie.edgepath: , ie.ensureCleanSession: false, ie.fileUploadDialogTimeout: 3000, ie.forceCreateProcessApi: false, ignoreProtectedModeSettings: true, ignoreZoomSetting: true, initialBrowserUrl: http://localhost:17587/, nativeEvents: false, requireWindowFocus: true}, setWindowRect: true, strictFileInteractability: false, timeouts: {implicit: 0, pageLoad: 300000, script: 30000}, unhandledPromptBehavior: dismiss and notify}
Session ID: 9f7c702c-746b-4753-9cfc-db89fad10abd
	at org.openqa.selenium.remote.codec.w3c.W3CHttpResponseCodec.createException(W3CHttpResponseCodec.java:191)
	at org.openqa.selenium.remote.codec.w3c.W3CHttpResponseCodec.decode(W3CHttpResponseCodec.java:125)
	at org.openqa.selenium.remote.codec.w3c.W3CHttpResponseCodec.decode(W3CHttpResponseCodec.java:52)
	at org.openqa.selenium.remote.HttpCommandExecutor.execute(HttpCommandExecutor.java:161)
	at org.openqa.selenium.remote.service.DriverCommandExecutor.execute(DriverCommandExecutor.java:83)
	at org.openqa.selenium.remote.RemoteWebDriver.execute(RemoteWebDriver.java:576)
	at org.openqa.selenium.remote.RemoteWebElement.execute(RemoteWebElement.java:308)
	at org.openqa.selenium.remote.RemoteWebElement.click(RemoteWebElement.java:83)
	at com.cet.pagerepositery.UserAdminAddUserPage.selectDialingTeam(UserAdminAddUserPage.java:487)
	at com.cet.indts.UserAdminEditUserTest.verifyResetMsgDialingTeam(UserAdminEditUserTest.java:201)
	at java.util.ArrayList.forEach(Unknown Source)
... Removed 31 stack frames</pre></div><a href='#' onClick='toggleBox("stack-trace517025040", this, "Click to show all stack frames", "Click to hide stack frames")'>Click to show all stack frames</a>
<div class='stack-trace' id='stack-trace517025040'><pre>org.openqa.selenium.ElementNotInteractableException: Element is not displayed
Build info: version: &apos;4.0.0-alpha-3&apos;, revision: &apos;8c567de6dc&apos;
System info: host: &apos;LHTU05CG4472DYW&apos;, ip: &apos;10.129.128.28&apos;, os.name: &apos;Windows 10&apos;, os.arch: &apos;amd64&apos;, os.version: &apos;10.0&apos;, java.version: &apos;1.8.0_261&apos;
Driver info: org.openqa.selenium.ie.InternetExplorerDriver
Capabilities {acceptInsecureCerts: false, browserName: internet explorer, browserVersion: 11, javascriptEnabled: true, pageLoadStrategy: normal, platform: WINDOWS, platformName: WINDOWS, proxy: Proxy(), se:ieOptions: {browserAttachTimeout: 0, elementScrollBehavior: 0, enablePersistentHover: false, ie.browserCommandLineSwitches: , ie.edgechromium: false, ie.edgepath: , ie.ensureCleanSession: false, ie.fileUploadDialogTimeout: 3000, ie.forceCreateProcessApi: false, ignoreProtectedModeSettings: true, ignoreZoomSetting: true, initialBrowserUrl: http://localhost:17587/, nativeEvents: false, requireWindowFocus: true}, setWindowRect: true, strictFileInteractability: false, timeouts: {implicit: 0, pageLoad: 300000, script: 30000}, unhandledPromptBehavior: dismiss and notify}
Session ID: 9f7c702c-746b-4753-9cfc-db89fad10abd
	at sun.reflect.NativeConstructorAccessorImpl.newInstance0(Native Method)
	at sun.reflect.NativeConstructorAccessorImpl.newInstance(Unknown Source)
	at sun.reflect.DelegatingConstructorAccessorImpl.newInstance(Unknown Source)
	at java.lang.reflect.Constructor.newInstance(Unknown Source)
	at org.openqa.selenium.remote.codec.w3c.W3CHttpResponseCodec.createException(W3CHttpResponseCodec.java:191)
	at org.openqa.selenium.remote.codec.w3c.W3CHttpResponseCodec.decode(W3CHttpResponseCodec.java:125)
	at org.openqa.selenium.remote.codec.w3c.W3CHttpResponseCodec.decode(W3CHttpResponseCodec.java:52)
	at org.openqa.selenium.remote.HttpCommandExecutor.execute(HttpCommandExecutor.java:161)
	at org.openqa.selenium.remote.service.DriverCommandExecutor.execute(DriverCommandExecutor.java:83)
	at org.openqa.selenium.remote.RemoteWebDriver.execute(RemoteWebDriver.java:576)
	at org.openqa.selenium.remote.RemoteWebElement.execute(RemoteWebElement.java:308)
	at org.openqa.selenium.remote.RemoteWebElement.click(RemoteWebElement.java:83)
	at com.cet.pagerepositery.UserAdminAddUserPage.selectDialingTeam(UserAdminAddUserPage.java:487)
	at com.cet.indts.UserAdminEditUserTest.verifyResetMsgDialingTeam(UserAdminEditUserTest.java:201)
	at sun.reflect.NativeMethodAccessorImpl.invoke0(Native Method)
	at sun.reflect.NativeMethodAccessorImpl.invoke(Unknown Source)
	at sun.reflect.DelegatingMethodAccessorImpl.invoke(Unknown Source)
	at java.lang.reflect.Method.invoke(Unknown Source)
	at org.testng.internal.MethodInvocationHelper.invokeMethod(MethodInvocationHelper.java:133)
	at org.testng.internal.TestInvoker.invokeMethod(TestInvoker.java:584)
	at org.testng.internal.TestInvoker.invokeTestMethod(TestInvoker.java:172)
	at org.testng.internal.MethodRunner.runInSequence(MethodRunner.java:46)
	at org.testng.internal.TestInvoker$MethodInvocationAgent.invoke(TestInvoker.java:804)
	at org.testng.internal.TestInvoker.invokeTestMethods(TestInvoker.java:145)
	at org.testng.internal.TestMethodWorker.invokeTestMethods(TestMethodWorker.java:146)
	at org.testng.internal.TestMethodWorker.run(TestMethodWorker.java:128)
	at java.util.ArrayList.forEach(Unknown Source)
	at org.testng.TestRunner.privateRun(TestRunner.java:770)
	at org.testng.TestRunner.run(TestRunner.java:591)
	at org.testng.SuiteRunner.runTest(SuiteRunner.java:402)
	at org.testng.SuiteRunner.runSequentially(SuiteRunner.java:396)
	at org.testng.SuiteRunner.privateRun(SuiteRunner.java:355)
	at org.testng.SuiteRunner.run(SuiteRunner.java:304)
	at org.testng.SuiteRunnerWorker.runSuite(SuiteRunnerWorker.java:53)
	at org.testng.SuiteRunnerWorker.run(SuiteRunnerWorker.java:96)
	at org.testng.TestNG.runSuitesSequentially(TestNG.java:1180)
	at org.testng.TestNG.runSuitesLocally(TestNG.java:1102)
	at org.testng.TestNG.runSuites(TestNG.java:1032)
	at org.testng.TestNG.run(TestNG.java:1000)
	at org.testng.remote.AbstractRemoteTestNG.run(AbstractRemoteTestNG.java:115)
	at org.testng.remote.RemoteTestNG.initAndRun(RemoteTestNG.java:251)
	at org.testng.remote.RemoteTestNG.main(RemoteTestNG.java:77)
</pre></div></td>
<td>46</td>
<td>com.cet.indts.UserAdminEditUserTest@76f2b07d</td></tr>
<tr>
<td title='com.cet.indts.UserAdminEditUserTest.verifyRestMsgLanguage()'><b>verifyRestMsgLanguage</b><br>Test class: com.cet.indts.UserAdminEditUserTest</td>
<td><div><pre>java.lang.NullPointerException
	at com.cet.pagerepositery.UserAdminEditUserPage.expLanguage(UserAdminEditUserPage.java:106)
	at com.cet.indts.UserAdminEditUserTest.verifyRestMsgLanguage(UserAdminEditUserTest.java:172)
	at java.util.ArrayList.forEach(Unknown Source)
... Removed 27 stack frames</pre></div><a href='#' onClick='toggleBox("stack-trace542306453", this, "Click to show all stack frames", "Click to hide stack frames")'>Click to show all stack frames</a>
<div class='stack-trace' id='stack-trace542306453'><pre>java.lang.NullPointerException
	at com.cet.pagerepositery.UserAdminEditUserPage.expLanguage(UserAdminEditUserPage.java:106)
	at com.cet.indts.UserAdminEditUserTest.verifyRestMsgLanguage(UserAdminEditUserTest.java:172)
	at sun.reflect.NativeMethodAccessorImpl.invoke0(Native Method)
	at sun.reflect.NativeMethodAccessorImpl.invoke(Unknown Source)
	at sun.reflect.DelegatingMethodAccessorImpl.invoke(Unknown Source)
	at java.lang.reflect.Method.invoke(Unknown Source)
	at org.testng.internal.MethodInvocationHelper.invokeMethod(MethodInvocationHelper.java:133)
	at org.testng.internal.TestInvoker.invokeMethod(TestInvoker.java:584)
	at org.testng.internal.TestInvoker.invokeTestMethod(TestInvoker.java:172)
	at org.testng.internal.MethodRunner.runInSequence(MethodRunner.java:46)
	at org.testng.internal.TestInvoker$MethodInvocationAgent.invoke(TestInvoker.java:804)
	at org.testng.internal.TestInvoker.invokeTestMethods(TestInvoker.java:145)
	at org.testng.internal.TestMethodWorker.invokeTestMethods(TestMethodWorker.java:146)
	at org.testng.internal.TestMethodWorker.run(TestMethodWorker.java:128)
	at java.util.ArrayList.forEach(Unknown Source)
	at org.testng.TestRunner.privateRun(TestRunner.java:770)
	at org.testng.TestRunner.run(TestRunner.java:591)
	at org.testng.SuiteRunner.runTest(SuiteRunner.java:402)
	at org.testng.SuiteRunner.runSequentially(SuiteRunner.java:396)
	at org.testng.SuiteRunner.privateRun(SuiteRunner.java:355)
	at org.testng.SuiteRunner.run(SuiteRunner.java:304)
	at org.testng.SuiteRunnerWorker.runSuite(SuiteRunnerWorker.java:53)
	at org.testng.SuiteRunnerWorker.run(SuiteRunnerWorker.java:96)
	at org.testng.TestNG.runSuitesSequentially(TestNG.java:1180)
	at org.testng.TestNG.runSuitesLocally(TestNG.java:1102)
	at org.testng.TestNG.runSuites(TestNG.java:1032)
	at org.testng.TestNG.run(TestNG.java:1000)
	at org.testng.remote.AbstractRemoteTestNG.run(AbstractRemoteTestNG.java:115)
	at org.testng.remote.RemoteTestNG.initAndRun(RemoteTestNG.java:251)
	at org.testng.remote.RemoteTestNG.main(RemoteTestNG.java:77)
</pre></div></td>
<td>23</td>
<td>com.cet.indts.UserAdminEditUserTest@76f2b07d</td></tr>
<tr>
<td title='com.cet.indts.UserAdminViewUserTest.verifyValueWithDB()'><b>verifyValueWithDB</b><br>Test class: com.cet.indts.UserAdminViewUserTest</td>
<td><div><pre>java.lang.NullPointerException
	at com.cet.pagerepositery.ViewUserPage.expDialingTeam(ViewUserPage.java:64)
	at com.cet.indts.UserAdminViewUserTest.verifyValueWithDB(UserAdminViewUserTest.java:156)
	at java.util.ArrayList.forEach(Unknown Source)
... Removed 27 stack frames</pre></div><a href='#' onClick='toggleBox("stack-trace1427882694", this, "Click to show all stack frames", "Click to hide stack frames")'>Click to show all stack frames</a>
<div class='stack-trace' id='stack-trace1427882694'><pre>java.lang.NullPointerException
	at com.cet.pagerepositery.ViewUserPage.expDialingTeam(ViewUserPage.java:64)
	at com.cet.indts.UserAdminViewUserTest.verifyValueWithDB(UserAdminViewUserTest.java:156)
	at sun.reflect.NativeMethodAccessorImpl.invoke0(Native Method)
	at sun.reflect.NativeMethodAccessorImpl.invoke(Unknown Source)
	at sun.reflect.DelegatingMethodAccessorImpl.invoke(Unknown Source)
	at java.lang.reflect.Method.invoke(Unknown Source)
	at org.testng.internal.MethodInvocationHelper.invokeMethod(MethodInvocationHelper.java:133)
	at org.testng.internal.TestInvoker.invokeMethod(TestInvoker.java:584)
	at org.testng.internal.TestInvoker.invokeTestMethod(TestInvoker.java:172)
	at org.testng.internal.MethodRunner.runInSequence(MethodRunner.java:46)
	at org.testng.internal.TestInvoker$MethodInvocationAgent.invoke(TestInvoker.java:804)
	at org.testng.internal.TestInvoker.invokeTestMethods(TestInvoker.java:145)
	at org.testng.internal.TestMethodWorker.invokeTestMethods(TestMethodWorker.java:146)
	at org.testng.internal.TestMethodWorker.run(TestMethodWorker.java:128)
	at java.util.ArrayList.forEach(Unknown Source)
	at org.testng.TestRunner.privateRun(TestRunner.java:770)
	at org.testng.TestRunner.run(TestRunner.java:591)
	at org.testng.SuiteRunner.runTest(SuiteRunner.java:402)
	at org.testng.SuiteRunner.runSequentially(SuiteRunner.java:396)
	at org.testng.SuiteRunner.privateRun(SuiteRunner.java:355)
	at org.testng.SuiteRunner.run(SuiteRunner.java:304)
	at org.testng.SuiteRunnerWorker.runSuite(SuiteRunnerWorker.java:53)
	at org.testng.SuiteRunnerWorker.run(SuiteRunnerWorker.java:96)
	at org.testng.TestNG.runSuitesSequentially(TestNG.java:1180)
	at org.testng.TestNG.runSuitesLocally(TestNG.java:1102)
	at org.testng.TestNG.runSuites(TestNG.java:1032)
	at org.testng.TestNG.run(TestNG.java:1000)
	at org.testng.remote.AbstractRemoteTestNG.run(AbstractRemoteTestNG.java:115)
	at org.testng.remote.RemoteTestNG.initAndRun(RemoteTestNG.java:251)
	at org.testng.remote.RemoteTestNG.main(RemoteTestNG.java:77)
</pre></div></td>
<td>21</td>
<td>com.cet.indts.UserAdminViewUserTest@704a52ec</td></tr>
</table><p>
<table width='100%' border='1' class='invocation-passed'>
<tr><td colspan='4' align='center'><b>PASSED TESTS</b></td></tr>
<tr><td><b>Test method</b></td>
<td width="30%"><b>Exception</b></td>
<td width="10%"><b>Time (seconds)</b></td>
<td><b>Instance</b></td>
</tr>
<tr>
<td title='com.cet.indts.UserAdminEditUserTest.editSelectActive()'><b>editSelectActive</b><br>Test class: com.cet.indts.UserAdminEditUserTest</td>
<td></td>
<td>72</td>
<td>com.cet.indts.UserAdminEditUserTest@76f2b07d</td></tr>
<tr>
<td title='com.cet.indts.UserAdminEditUserTest.editSelectInactive()'><b>editSelectInactive</b><br>Test class: com.cet.indts.UserAdminEditUserTest</td>
<td></td>
<td>79</td>
<td>com.cet.indts.UserAdminEditUserTest@76f2b07d</td></tr>
<tr>
<td title='com.cet.indts.UserAdminEditUserTest.editSelectLanguage()'><b>editSelectLanguage</b><br>Test class: com.cet.indts.UserAdminEditUserTest</td>
<td></td>
<td>96</td>
<td>com.cet.indts.UserAdminEditUserTest@76f2b07d</td></tr>
<tr>
<td title='com.cet.indts.UserAdminEditUserTest.editUncheckAssignWork()'><b>editUncheckAssignWork</b><br>Test class: com.cet.indts.UserAdminEditUserTest</td>
<td></td>
<td>77</td>
<td>com.cet.indts.UserAdminEditUserTest@76f2b07d</td></tr>
<tr>
<td title='com.cet.indts.UserAdminEditUserTest.editcheckAssignWork()'><b>editcheckAssignWork</b><br>Test class: com.cet.indts.UserAdminEditUserTest</td>
<td></td>
<td>79</td>
<td>com.cet.indts.UserAdminEditUserTest@76f2b07d</td></tr>
<tr>
<td title='com.cet.indts.UserAdministratorTest.verifyAddUserBtnNavigation()'><b>verifyAddUserBtnNavigation</b><br>Test class: com.cet.indts.UserAdministratorTest</td>
<td></td>
<td>13</td>
<td>com.cet.indts.UserAdministratorTest@1f57539</td></tr>
<tr>
<td title='com.cet.indts.UserAdministratorTest.verifyCancelBtnNavigation()'><b>verifyCancelBtnNavigation</b><br>Test class: com.cet.indts.UserAdministratorTest</td>
<td></td>
<td>7</td>
<td>com.cet.indts.UserAdministratorTest@1f57539</td></tr>
<tr>
<td title='com.cet.indts.UserAdminEditUserTest.verifyEditCancelBtnNavigation()'><b>verifyEditCancelBtnNavigation</b><br>Test class: com.cet.indts.UserAdminEditUserTest</td>
<td></td>
<td>8</td>
<td>com.cet.indts.UserAdminEditUserTest@76f2b07d</td></tr>
<tr>
<td title='com.cet.indts.UserAdministratorTest.verifyEmpIdSearch()'><b>verifyEmpIdSearch</b><br>Test class: com.cet.indts.UserAdministratorTest</td>
<td></td>
<td>25</td>
<td>com.cet.indts.UserAdministratorTest@1f57539</td></tr>
<tr>
<td title='com.cet.indts.UserAdminEditUserTest.verifyErrorTextForNoDialingMethod()'><b>verifyErrorTextForNoDialingMethod</b><br>Test class: com.cet.indts.UserAdminEditUserTest</td>
<td></td>
<td>16</td>
<td>com.cet.indts.UserAdminEditUserTest@76f2b07d</td></tr>
<tr>
<td title='com.cet.indts.UserAdminEditUserTest.verifyErrorTextForNoLanguage()'><b>verifyErrorTextForNoLanguage</b><br>Test class: com.cet.indts.UserAdminEditUserTest</td>
<td></td>
<td>21</td>
<td>com.cet.indts.UserAdminEditUserTest@76f2b07d</td></tr>
<tr>
<td title='com.cet.indts.UserAdministratorTest.verifyFNameSearch()'><b>verifyFNameSearch</b><br>Test class: com.cet.indts.UserAdministratorTest</td>
<td></td>
<td>24</td>
<td>com.cet.indts.UserAdministratorTest@1f57539</td></tr>
<tr>
<td title='com.cet.indts.UserAdminViewUserTest.verifyFieldEnabledstatus()'><b>verifyFieldEnabledstatus</b><br>Test class: com.cet.indts.UserAdminViewUserTest</td>
<td></td>
<td>29</td>
<td>com.cet.indts.UserAdminViewUserTest@704a52ec</td></tr>
<tr>
<td title='com.cet.indts.UserAdministratorTest.verifyLNameSearch()'><b>verifyLNameSearch</b><br>Test class: com.cet.indts.UserAdministratorTest</td>
<td></td>
<td>23</td>
<td>com.cet.indts.UserAdministratorTest@1f57539</td></tr>
<tr>
<td title='com.cet.indts.UserAdminViewUserTest.verifyLabelsOnViewUser()'><b>verifyLabelsOnViewUser</b><br>Test class: com.cet.indts.UserAdminViewUserTest</td>
<td></td>
<td>19</td>
<td>com.cet.indts.UserAdminViewUserTest@704a52ec</td></tr>
<tr>
<td title='com.cet.indts.UserAdministratorTest.verifyMsIdSearch()'><b>verifyMsIdSearch</b><br>Test class: com.cet.indts.UserAdministratorTest</td>
<td></td>
<td>28</td>
<td>com.cet.indts.UserAdministratorTest@1f57539</td></tr>
<tr>
<td title='com.cet.indts.UserAdministratorTest.verifyNoDataFoundText()'><b>verifyNoDataFoundText</b><br>Test class: com.cet.indts.UserAdministratorTest</td>
<td></td>
<td>19</td>
<td>com.cet.indts.UserAdministratorTest@1f57539</td></tr>
<tr>
<td title='com.cet.indts.UserAdministratorTest.verifyRestBtnFun()'><b>verifyRestBtnFun</b><br>Test class: com.cet.indts.UserAdministratorTest</td>
<td></td>
<td>69</td>
<td>com.cet.indts.UserAdministratorTest@1f57539</td></tr>
<tr>
<td title='com.cet.indts.UserAdministratorTest.verifySupervisor()'><b>verifySupervisor</b><br>Test class: com.cet.indts.UserAdministratorTest</td>
<td></td>
<td>15</td>
<td>com.cet.indts.UserAdministratorTest@1f57539</td></tr>
<tr>
<td title='com.cet.indts.UserAdminViewUserTest.verifyTitle()'><b>verifyTitle</b><br>Test class: com.cet.indts.UserAdminViewUserTest</td>
<td></td>
<td>0</td>
<td>com.cet.indts.UserAdminViewUserTest@704a52ec</td></tr>
<tr>
<td title='com.cet.indts.UserAdministratorTest.verifyUserAdministratorFieldEnabled()'><b>verifyUserAdministratorFieldEnabled</b><br>Test class: com.cet.indts.UserAdministratorTest</td>
<td></td>
<td>20</td>
<td>com.cet.indts.UserAdministratorTest@1f57539</td></tr>
<tr>
<td title='com.cet.indts.UserAdministratorTest.verifyUserAdministratorLabel()'><b>verifyUserAdministratorLabel</b><br>Test class: com.cet.indts.UserAdministratorTest</td>
<td></td>
<td>29</td>
<td>com.cet.indts.UserAdministratorTest@1f57539</td></tr>
<tr>
<td title='com.cet.indts.UserAdminViewUserTest.verifyViewCancelBtnNavigation()'><b>verifyViewCancelBtnNavigation</b><br>Test class: com.cet.indts.UserAdminViewUserTest</td>
<td></td>
<td>8</td>
<td>com.cet.indts.UserAdminViewUserTest@704a52ec</td></tr>
</table><p>
</body>
</html>