<?xml version="1.0" encoding="UTF-8"?>
<!-- Generated by org.testng.reporters.JUnitXMLReporter -->
<testsuite hostname="LHTU05CG4472DYW" ignored="0" name="INDTS-AddNewCampaign-Test" tests="8" failures="3" timestamp="2020-12-17T12:36:32 IST" time="373.071" errors="0">
  <testcase name="verifyNewCampaignPageTitle" time="14.503" classname="com.cet.indts.IndtsConfigurationAddNewCampaignTest"/>
  <testcase name="verifyCampaignLabel" time="18.016" classname="com.cet.indts.IndtsConfigurationAddNewCampaignTest"/>
  <testcase name="verifyAddNewCampaignPanelLabel" time="14.033" classname="com.cet.indts.IndtsConfigurationAddNewCampaignTest"/>
  <testcase name="verifyAddNewCampaignFieldLabels" time="20.113" classname="com.cet.indts.IndtsConfigurationAddNewCampaignTest"/>
  <testcase name="verifyNewCampaignDisabledFields" time="23.172" classname="com.cet.indts.IndtsConfigurationAddNewCampaignTest">
    <failure type="java.lang.AssertionError" message="The following asserts failed:
	Failed : Team is editable in Add New Campaign did not expect to find [false] but found [true]">
      <![CDATA[java.lang.AssertionError: The following asserts failed:
Failed : Team is editable in Add New Campaign did not expect to find [false] but found [true]
at com.cet.intit.Base.verifyassert(Base.java:114)
at com.cet.indts.IndtsConfigurationAddNewCampaignTest.verifyNewCampaignDisabledFields(IndtsConfigurationAddNewCampaignTest.java:136)
at java.util.ArrayList.forEach(Unknown Source)
... Removed 29 stack frames]]>
    </failure>
  </testcase> <!-- verifyNewCampaignDisabledFields -->
  <testcase name="verifyAddNewCampaign" time="77.761" classname="com.cet.indts.IndtsConfigurationAddNewCampaignTest">
    <failure type="org.openqa.selenium.NoSuchElementException" message="Unable to find element with xpath == //button[contains(text(),&amp;apos;Back To Configuration&amp;apos;)]
For documentation on this error, please visit: https://www.seleniumhq.org/exceptions/no_such_element.html
Build info: version: &amp;apos;4.0.0-alpha-3&amp;apos;, revision: &amp;apos;8c567de6dc&amp;apos;
System info: host: &amp;apos;LHTU05CG4472DYW&amp;apos;, ip: &amp;apos;10.129.128.28&amp;apos;, os.name: &amp;apos;Windows 10&amp;apos;, os.arch: &amp;apos;amd64&amp;apos;, os.version: &amp;apos;10.0&amp;apos;, java.version: &amp;apos;1.8.0_261&amp;apos;
Driver info: org.openqa.selenium.ie.InternetExplorerDriver
Capabilities {acceptInsecureCerts: false, browserName: internet explorer, browserVersion: 11, javascriptEnabled: true, pageLoadStrategy: normal, platform: WINDOWS, platformName: WINDOWS, proxy: Proxy(), se:ieOptions: {browserAttachTimeout: 0, elementScrollBehavior: 0, enablePersistentHover: false, ie.browserCommandLineSwitches: , ie.edgechromium: false, ie.edgepath: , ie.ensureCleanSession: false, ie.fileUploadDialogTimeout: 3000, ie.forceCreateProcessApi: false, ignoreProtectedModeSettings: true, ignoreZoomSetting: true, initialBrowserUrl: http://localhost:21222/, nativeEvents: false, requireWindowFocus: true}, setWindowRect: true, strictFileInteractability: false, timeouts: {implicit: 0, pageLoad: 300000, script: 30000}, unhandledPromptBehavior: dismiss and notify}
Session ID: 84dc3544-4091-41c3-82f6-5edad7034522
*** Element info: {Using=xpath, value=//button[contains(text(),&amp;apos;Back To Configuration&amp;apos;)]}">
      <![CDATA[org.openqa.selenium.NoSuchElementException: Unable to find element with xpath == //button[contains(text(),'Back To Configuration')]
For documentation on this error, please visit: https://www.seleniumhq.org/exceptions/no_such_element.html
Build info: version: '4.0.0-alpha-3', revision: '8c567de6dc'
System info: host: 'LHTU05CG4472DYW', ip: '10.129.128.28', os.name: 'Windows 10', os.arch: 'amd64', os.version: '10.0', java.version: '1.8.0_261'
Driver info: org.openqa.selenium.ie.InternetExplorerDriver
Capabilities {acceptInsecureCerts: false, browserName: internet explorer, browserVersion: 11, javascriptEnabled: true, pageLoadStrategy: normal, platform: WINDOWS, platformName: WINDOWS, proxy: Proxy(), se:ieOptions: {browserAttachTimeout: 0, elementScrollBehavior: 0, enablePersistentHover: false, ie.browserCommandLineSwitches: , ie.edgechromium: false, ie.edgepath: , ie.ensureCleanSession: false, ie.fileUploadDialogTimeout: 3000, ie.forceCreateProcessApi: false, ignoreProtectedModeSettings: true, ignoreZoomSetting: true, initialBrowserUrl: http://localhost:21222/, nativeEvents: false, requireWindowFocus: true}, setWindowRect: true, strictFileInteractability: false, timeouts: {implicit: 0, pageLoad: 300000, script: 30000}, unhandledPromptBehavior: dismiss and notify}
Session ID: 84dc3544-4091-41c3-82f6-5edad7034522
*** Element info: {Using=xpath, value=//button[contains(text(),'Back To Configuration')]}
at org.openqa.selenium.remote.codec.w3c.W3CHttpResponseCodec.createException(W3CHttpResponseCodec.java:191)
at org.openqa.selenium.remote.codec.w3c.W3CHttpResponseCodec.decode(W3CHttpResponseCodec.java:125)
at org.openqa.selenium.remote.codec.w3c.W3CHttpResponseCodec.decode(W3CHttpResponseCodec.java:52)
at org.openqa.selenium.remote.HttpCommandExecutor.execute(HttpCommandExecutor.java:161)
at org.openqa.selenium.remote.service.DriverCommandExecutor.execute(DriverCommandExecutor.java:83)
at org.openqa.selenium.remote.RemoteWebDriver.execute(RemoteWebDriver.java:576)
at org.openqa.selenium.remote.RemoteWebDriver.findElement(RemoteWebDriver.java:327)
at org.openqa.selenium.remote.RemoteWebDriver.findElementByXPath(RemoteWebDriver.java:445)
at org.openqa.selenium.By$ByXPath.findElement(By.java:396)
at org.openqa.selenium.remote.RemoteWebDriver.findElement(RemoteWebDriver.java:319)
at com.cet.pagerepositery.configurationpages.ConfigurationPage.buttonBackToConfiguration(ConfigurationPage.java:130)
at com.cet.indts.IndtsConfigurationAddNewCampaignTest.verifyAddNewCampaign(IndtsConfigurationAddNewCampaignTest.java:159)
at java.util.ArrayList.forEach(Unknown Source)
... Removed 31 stack frames]]>
    </failure>
  </testcase> <!-- verifyAddNewCampaign -->
  <testcase name="verifyExistingCampaign" time="57.135" classname="com.cet.indts.IndtsConfigurationAddNewCampaignTest">
    <failure type="org.openqa.selenium.NoSuchElementException" message="Unable to find element with xpath == //button[contains(text(),&amp;apos;Add/Search New Campaign&amp;apos;)]
For documentation on this error, please visit: https://www.seleniumhq.org/exceptions/no_such_element.html
Build info: version: &amp;apos;4.0.0-alpha-3&amp;apos;, revision: &amp;apos;8c567de6dc&amp;apos;
System info: host: &amp;apos;LHTU05CG4472DYW&amp;apos;, ip: &amp;apos;10.129.128.28&amp;apos;, os.name: &amp;apos;Windows 10&amp;apos;, os.arch: &amp;apos;amd64&amp;apos;, os.version: &amp;apos;10.0&amp;apos;, java.version: &amp;apos;1.8.0_261&amp;apos;
Driver info: org.openqa.selenium.ie.InternetExplorerDriver
Capabilities {acceptInsecureCerts: false, browserName: internet explorer, browserVersion: 11, javascriptEnabled: true, pageLoadStrategy: normal, platform: WINDOWS, platformName: WINDOWS, proxy: Proxy(), se:ieOptions: {browserAttachTimeout: 0, elementScrollBehavior: 0, enablePersistentHover: false, ie.browserCommandLineSwitches: , ie.edgechromium: false, ie.edgepath: , ie.ensureCleanSession: false, ie.fileUploadDialogTimeout: 3000, ie.forceCreateProcessApi: false, ignoreProtectedModeSettings: true, ignoreZoomSetting: true, initialBrowserUrl: http://localhost:21222/, nativeEvents: false, requireWindowFocus: true}, setWindowRect: true, strictFileInteractability: false, timeouts: {implicit: 0, pageLoad: 300000, script: 30000}, unhandledPromptBehavior: dismiss and notify}
Session ID: 84dc3544-4091-41c3-82f6-5edad7034522
*** Element info: {Using=xpath, value=//button[contains(text(),&amp;apos;Add/Search New Campaign&amp;apos;)]}">
      <![CDATA[org.openqa.selenium.NoSuchElementException: Unable to find element with xpath == //button[contains(text(),'Add/Search New Campaign')]
For documentation on this error, please visit: https://www.seleniumhq.org/exceptions/no_such_element.html
Build info: version: '4.0.0-alpha-3', revision: '8c567de6dc'
System info: host: 'LHTU05CG4472DYW', ip: '10.129.128.28', os.name: 'Windows 10', os.arch: 'amd64', os.version: '10.0', java.version: '1.8.0_261'
Driver info: org.openqa.selenium.ie.InternetExplorerDriver
Capabilities {acceptInsecureCerts: false, browserName: internet explorer, browserVersion: 11, javascriptEnabled: true, pageLoadStrategy: normal, platform: WINDOWS, platformName: WINDOWS, proxy: Proxy(), se:ieOptions: {browserAttachTimeout: 0, elementScrollBehavior: 0, enablePersistentHover: false, ie.browserCommandLineSwitches: , ie.edgechromium: false, ie.edgepath: , ie.ensureCleanSession: false, ie.fileUploadDialogTimeout: 3000, ie.forceCreateProcessApi: false, ignoreProtectedModeSettings: true, ignoreZoomSetting: true, initialBrowserUrl: http://localhost:21222/, nativeEvents: false, requireWindowFocus: true}, setWindowRect: true, strictFileInteractability: false, timeouts: {implicit: 0, pageLoad: 300000, script: 30000}, unhandledPromptBehavior: dismiss and notify}
Session ID: 84dc3544-4091-41c3-82f6-5edad7034522
*** Element info: {Using=xpath, value=//button[contains(text(),'Add/Search New Campaign')]}
at org.openqa.selenium.remote.codec.w3c.W3CHttpResponseCodec.createException(W3CHttpResponseCodec.java:191)
at org.openqa.selenium.remote.codec.w3c.W3CHttpResponseCodec.decode(W3CHttpResponseCodec.java:125)
at org.openqa.selenium.remote.codec.w3c.W3CHttpResponseCodec.decode(W3CHttpResponseCodec.java:52)
at org.openqa.selenium.remote.HttpCommandExecutor.execute(HttpCommandExecutor.java:161)
at org.openqa.selenium.remote.service.DriverCommandExecutor.execute(DriverCommandExecutor.java:83)
at org.openqa.selenium.remote.RemoteWebDriver.execute(RemoteWebDriver.java:576)
at org.openqa.selenium.remote.RemoteWebDriver.findElement(RemoteWebDriver.java:327)
at org.openqa.selenium.remote.RemoteWebDriver.findElementByXPath(RemoteWebDriver.java:445)
at org.openqa.selenium.By$ByXPath.findElement(By.java:396)
at org.openqa.selenium.remote.RemoteWebDriver.findElement(RemoteWebDriver.java:319)
at com.cet.pagerepositery.configurationpages.ConfigurationPage.buttonAddSearchNewCampaign(ConfigurationPage.java:47)
at com.cet.indts.IndtsConfigurationAddNewCampaignTest.verifyExistingCampaign(IndtsConfigurationAddNewCampaignTest.java:166)
at java.util.ArrayList.forEach(Unknown Source)
... Removed 31 stack frames]]>
    </failure>
  </testcase> <!-- verifyExistingCampaign -->
  <testcase name="verifyCancelButton" time="7.961" classname="com.cet.indts.IndtsConfigurationAddNewCampaignTest"/>
</testsuite> <!-- INDTS-AddNewCampaign-Test -->
