<?xml version="1.0" encoding="UTF-8"?>
<!-- Generated by org.testng.reporters.JUnitReportReporter -->
<testsuite skipped="0" hostname="LHTU05CG4472DYW" name="com.cet.phd.PhdSearch_View_Test" tests="34" failures="1" timestamp="2020-12-18T16:16:50 IST" time="191.894" errors="0">
  <testcase name="editButtonDisabled_Test" time="2.183" classname="com.cet.phd.PhdSearch_View_Test"/>
  <testcase name="agentIdSearch_PHD_View_Test" time="22.140" classname="com.cet.phd.PhdSearch_View_Test"/>
  <testcase name="agentId_View_Test" time="36.826" classname="com.cet.phd.PhdSearch_View_Test"/>
  <testcase name="agentFirstName_View__Test" time="3.508" classname="com.cet.phd.PhdSearch_View_Test"/>
  <testcase name="agentLastName_View__Test" time="2.068" classname="com.cet.phd.PhdSearch_View_Test"/>
  <testcase name="agentSecondaryPhoneNumber_View__Test" time="50.499" classname="com.cet.phd.PhdSearch_View_Test"/>
  <testcase name="agentPrimaryPhoneNumber_View__Test" time="2.331" classname="com.cet.phd.PhdSearch_View_Test"/>
  <testcase name="agencyName_View__Test" time="2.222" classname="com.cet.phd.PhdSearch_View_Test"/>
  <testcase name="market_View__Test" time="18.546" classname="com.cet.phd.PhdSearch_View_Test"/>
  <testcase name="agentManagerEmail_View__Test" time="2.161" classname="com.cet.phd.PhdSearch_View_Test"/>
  <testcase name="agentManagerFirstName_View__Test" time="2.433" classname="com.cet.phd.PhdSearch_View_Test"/>
  <testcase name="agentManagerLastName_View__Test" time="2.284" classname="com.cet.phd.PhdSearch_View_Test"/>
  <testcase name="agentManagerPhoneNumber_View__Test" time="2.411" classname="com.cet.phd.PhdSearch_View_Test"/>
  <testcase name="agentState_View__Test" time="2.346" classname="com.cet.phd.PhdSearch_View_Test"/>
  <testcase name="language_View__Test" time="1.996" classname="com.cet.phd.PhdSearch_View_Test"/>
  <testcase name="ssrAssigned_View__Test" time="2.171" classname="com.cet.phd.PhdSearch_View_Test"/>
  <testcase name="ssrSupervisor_View__Test" time="2.131" classname="com.cet.phd.PhdSearch_View_Test"/>
  <testcase name="other_View__Test" time="1.955" classname="com.cet.phd.PhdSearch_View_Test"/>
  <testcase name="taskHistory_JobName_View__Test" time="1.437" classname="com.cet.phd.PhdSearch_View_Test"/>
  <testcase name="taskHistory_Disposition_View__Test" time="1.558" classname="com.cet.phd.PhdSearch_View_Test"/>
  <testcase name="taskHistory_AttemptDate_View__Test" time="1.551" classname="com.cet.phd.PhdSearch_View_Test"/>
  <testcase name="taskHistory_AttemptCount_View__Test" time="1.574" classname="com.cet.phd.PhdSearch_View_Test"/>
  <testcase name="taskHistory_User_View__Test" time="1.449" classname="com.cet.phd.PhdSearch_View_Test"/>
  <testcase name="taskHistory_User_Notes__Test" time="1.418" classname="com.cet.phd.PhdSearch_View_Test"/>
  <testcase name="taskId_View__Test" time="2.173" classname="com.cet.phd.PhdSearch_View_Test"/>
  <testcase name="taskType_View__Test" time="1.956" classname="com.cet.phd.PhdSearch_View_Test"/>
  <testcase name="campaignDescription_View__Test" time="1.859" classname="com.cet.phd.PhdSearch_View_Test"/>
  <testcase name="jobName_View__Test" time="1.887" classname="com.cet.phd.PhdSearch_View_Test"/>
  <testcase name="createdDate_View__Test" time="1.927" classname="com.cet.phd.PhdSearch_View_Test"/>
  <testcase name="taskStatus_View__Test" time="2.192" classname="com.cet.phd.PhdSearch_View_Test"/>
  <testcase name="scheduledDate_View__Test" time="1.884" classname="com.cet.phd.PhdSearch_View_Test"/>
  <testcase name="taskLanguage_View__Test" time="1.296" classname="com.cet.phd.PhdSearch_View_Test"/>
  <testcase name="selectDisposition_View__Test" time="4.065" classname="com.cet.phd.PhdSearch_View_Test">
    <failure type="java.lang.AssertionError" message="Failed:Able to select a Disposition in view Mode! did not expect to find [true] but found [false]">
      <![CDATA[java.lang.AssertionError: Failed:Able to select a Disposition in view Mode! did not expect to find [true] but found [false]
at org.testng.Assert.fail(Assert.java:97)
at org.testng.Assert.failNotEquals(Assert.java:969)
at org.testng.Assert.assertTrue(Assert.java:43)
at com.cet.phd.PhdSearch_View_Test.selectDisposition_View__Test(PhdSearch_View_Test.java:362)
at sun.reflect.NativeMethodAccessorImpl.invoke0(Native Method)
at sun.reflect.NativeMethodAccessorImpl.invoke(Unknown Source)
at sun.reflect.DelegatingMethodAccessorImpl.invoke(Unknown Source)
at java.lang.reflect.Method.invoke(Unknown Source)
at org.testng.internal.MethodInvocationHelper.invokeMethod(MethodInvocationHelper.java:133)
at org.testng.internal.TestInvoker.invokeMethod(TestInvoker.java:584)
at org.testng.internal.TestInvoker.invokeTestMethod(TestInvoker.java:172)
at org.testng.internal.MethodRunner.runInSequence(MethodRunner.java:46)
at org.testng.internal.TestInvoker$MethodInvocationAgent.invoke(TestInvoker.java:804)
at org.testng.internal.TestInvoker.invokeTestMethods(TestInvoker.java:145)
at org.testng.internal.TestMethodWorker.invokeTestMethods(TestMethodWorker.java:146)
at org.testng.internal.TestMethodWorker.run(TestMethodWorker.java:128)
at java.util.ArrayList.forEach(Unknown Source)
at org.testng.TestRunner.privateRun(TestRunner.java:770)
at org.testng.TestRunner.run(TestRunner.java:591)
at org.testng.SuiteRunner.runTest(SuiteRunner.java:402)
at org.testng.SuiteRunner.runSequentially(SuiteRunner.java:396)
at org.testng.SuiteRunner.privateRun(SuiteRunner.java:355)
at org.testng.SuiteRunner.run(SuiteRunner.java:304)
at org.testng.SuiteRunnerWorker.runSuite(SuiteRunnerWorker.java:53)
at org.testng.SuiteRunnerWorker.run(SuiteRunnerWorker.java:96)
at org.testng.TestNG.runSuitesSequentially(TestNG.java:1180)
at org.testng.TestNG.runSuitesLocally(TestNG.java:1102)
at org.testng.TestNG.runSuites(TestNG.java:1032)
at org.testng.TestNG.run(TestNG.java:1000)
at org.testng.remote.AbstractRemoteTestNG.run(AbstractRemoteTestNG.java:115)
at org.testng.remote.RemoteTestNG.initAndRun(RemoteTestNG.java:251)
at org.testng.remote.RemoteTestNG.main(RemoteTestNG.java:77)
]]>
    </failure>
  </testcase> <!-- selectDisposition_View__Test -->
  <testcase name="addNotes_View__Test" time="3.457" classname="com.cet.phd.PhdSearch_View_Test"/>
</testsuite> <!-- com.cet.phd.PhdSearch_View_Test -->
