<?xml version="1.0" encoding="UTF-8"?>
<!-- Generated by org.testng.reporters.JUnitReportReporter -->
<testsuite skipped="0" hostname="LHTU05CG4472DYW" name="com.cet.phd.PhdSearch_Test" tests="11" failures="1" timestamp="2020-12-18T16:16:50 IST" time="467.544" errors="0">
  <testcase name="agentIdSearch_PHD_Test" time="30.988" classname="com.cet.phd.PhdSearch_Test"/>
  <testcase name="campaignFocusSearch_PHD_Test" time="52.514" classname="com.cet.phd.PhdSearch_Test"/>
  <testcase name="taskStatusSearch_PHD_Test" time="37.439" classname="com.cet.phd.PhdSearch_Test"/>
  <testcase name="jobNameSearch_PHD_Test" time="34.314" classname="com.cet.phd.PhdSearch_Test"/>
  <testcase name="agentFirstNameSearch_PHD_Test" time="34.482" classname="com.cet.phd.PhdSearch_Test"/>
  <testcase name="agentLastNameSearch_PHD_Test" time="35.013" classname="com.cet.phd.PhdSearch_Test"/>
  <testcase name="phoneNumberSearch_PHD_Test" time="35.672" classname="com.cet.phd.PhdSearch_Test"/>
  <testcase name="agentNameSearch_PHD_Test" time="93.871" classname="com.cet.phd.PhdSearch_Test"/>
  <testcase name="fullSearch_PHD_Test" time="102.813" classname="com.cet.phd.PhdSearch_Test"/>
  <testcase name="tastTypeSearch_PHD_DefaultTest" time="5.675" classname="com.cet.phd.PhdSearch_Test"/>
  <testcase name="dialingMethodSearch_PHD_DefaultTest" time="4.763" classname="com.cet.phd.PhdSearch_Test">
    <failure type="java.lang.AssertionError" message="Failed-Default Dialing Method value is Varied! expected [Manual] but found [Select]">
      <![CDATA[java.lang.AssertionError: Failed-Default Dialing Method value is Varied! expected [Manual] but found [Select]
at org.testng.Assert.fail(Assert.java:97)
at org.testng.Assert.assertEqualsImpl(Assert.java:136)
at org.testng.Assert.assertEquals(Assert.java:118)
at org.testng.Assert.assertEquals(Assert.java:575)
at com.cet.phd.PhdSearch_Test.dialingMethodSearch_PHD_DefaultTest(PhdSearch_Test.java:174)
at sun.reflect.NativeMethodAccessorImpl.invoke0(Native Method)
at sun.reflect.NativeMethodAccessorImpl.invoke(Unknown Source)
at sun.reflect.DelegatingMethodAccessorImpl.invoke(Unknown Source)
at java.lang.reflect.Method.invoke(Unknown Source)
at org.testng.internal.MethodInvocationHelper.invokeMethod(MethodInvocationHelper.java:133)
at org.testng.internal.TestInvoker.invokeMethod(TestInvoker.java:584)
at org.testng.internal.TestInvoker.invokeTestMethod(TestInvoker.java:172)
at org.testng.internal.MethodRunner.runInSequence(MethodRunner.java:46)
at org.testng.internal.TestInvoker$MethodInvocationAgent.invoke(TestInvoker.java:804)
at org.testng.internal.TestInvoker.invokeTestMethods(TestInvoker.java:145)
at org.testng.internal.TestMethodWorker.invokeTestMethods(TestMethodWorker.java:146)
at org.testng.internal.TestMethodWorker.run(TestMethodWorker.java:128)
at java.util.ArrayList.forEach(Unknown Source)
at org.testng.TestRunner.privateRun(TestRunner.java:770)
at org.testng.TestRunner.run(TestRunner.java:591)
at org.testng.SuiteRunner.runTest(SuiteRunner.java:402)
at org.testng.SuiteRunner.runSequentially(SuiteRunner.java:396)
at org.testng.SuiteRunner.privateRun(SuiteRunner.java:355)
at org.testng.SuiteRunner.run(SuiteRunner.java:304)
at org.testng.SuiteRunnerWorker.runSuite(SuiteRunnerWorker.java:53)
at org.testng.SuiteRunnerWorker.run(SuiteRunnerWorker.java:96)
at org.testng.TestNG.runSuitesSequentially(TestNG.java:1180)
at org.testng.TestNG.runSuitesLocally(TestNG.java:1102)
at org.testng.TestNG.runSuites(TestNG.java:1032)
at org.testng.TestNG.run(TestNG.java:1000)
at org.testng.remote.AbstractRemoteTestNG.run(AbstractRemoteTestNG.java:115)
at org.testng.remote.RemoteTestNG.initAndRun(RemoteTestNG.java:251)
at org.testng.remote.RemoteTestNG.main(RemoteTestNG.java:77)
]]>
    </failure>
  </testcase> <!-- dialingMethodSearch_PHD_DefaultTest -->
</testsuite> <!-- com.cet.phd.PhdSearch_Test -->
